<?xml version="1.0" encoding="utf-8"?><testsuites name="pytest tests"><testsuite name="pytest" errors="0" failures="0" skipped="1" tests="73" time="12.072" timestamp="2026-05-01T14:07:50.215936+00:00" hostname="agent-env-c75ae3b4-0836-48ac-857c-c6a46c32e016"><testcase classname="backend.tests.test_storage_proxy_bug_iter172" name="test_user_A_places_11_is_winning_no_auto_counter" time="0.001" /><testcase classname="backend.tests.test_storage_proxy_bug_iter172" name="test_user_B_lower_bid_does_not_steal_lead_from_user_A" time="0.001" /><testcase classname="backend.tests.test_storage_proxy_bug_iter172" name="test_user_B_higher_bid_takes_lead" time="0.001" /><testcase classname="backend.tests.test_storage_proxy_bug_iter172" name="test_user_A_raises_own_ceiling_no_phantom_bid" time="0.001" /><testcase classname="backend.tests.test_storage_proxy_bug_iter172" name="test_identical_rapid_double_click_is_deduped" time="0.001" /><testcase classname="backend.tests.test_storage_proxy_bug_iter172" name="test_spec_full_scenario" time="0.000" /><testcase classname="backend.tests.test_storage_payment_deposit_iter170" name="test_proof1_stripe_qc_800_with_deposit" time="0.000" /><testcase classname="backend.tests.test_storage_payment_deposit_iter170" name="test_proof2_cash_qc_800_with_deposit" time="0.000" /><testcase classname="backend.tests.test_storage_payment_deposit_iter170" name="test_proof3_etransfer_on_1500_no_deposit" time="0.000" /><testcase classname="backend.tests.test_storage_payment_deposit_iter170" name="test_alberta_5pct_gst" time="0.000" /><testcase classname="backend.tests.test_storage_payment_deposit_iter170" name="test_unknown_province_no_tax" time="0.000" /><testcase classname="backend.tests.test_storage_payment_deposit_iter170" name="test_model_payment_method_valid" time="0.000" /><testcase classname="backend.tests.test_storage_payment_deposit_iter170" name="test_model_payment_method_invalid" time="0.000" /><testcase classname="backend.tests.test_storage_payment_deposit_iter170" name="test_model_deposit_required_without_amount_fails" time="0.000" /><testcase classname="backend.tests.test_storage_payment_deposit_iter170" name="test_model_deposit_required_zero_amount_fails" time="0.000" /><testcase classname="backend.tests.test_storage_payment_deposit_iter170" name="test_model_deposit_required_with_amount_passes" time="0.000" /><testcase classname="backend.tests.test_storage_iter171_api.TestPublicStats" name="test_public_stats_no_auth" time="0.323" /><testcase classname="backend.tests.test_storage_iter171_api.TestAdminDeposits" name="test_no_token_returns_401_or_403" time="0.105" /><testcase classname="backend.tests.test_storage_iter171_api.TestAdminDeposits" name="test_buyer_token_returns_403" time="0.533" /><testcase classname="backend.tests.test_storage_iter171_api.TestAdminDeposits" name="test_admin_returns_200_with_shape" time="0.667" /><testcase classname="backend.tests.test_storage_iter171_api.TestAdminDeposits" name="test_filter_status_active" time="0.209" /><testcase classname="backend.tests.test_storage_iter171_api.TestAdminDeposits" name="test_filter_status_forfeited" time="0.205" /><testcase classname="backend.tests.test_storage_iter171_api.TestReleaseAndForfeit" name="test_release_403_for_buyer" time="0.155" /><testcase classname="backend.tests.test_storage_iter171_api.TestReleaseAndForfeit" name="test_release_404_for_unknown_auction" time="0.166" /><testcase classname="backend.tests.test_storage_iter171_api.TestReleaseAndForfeit" name="test_forfeit_403_for_buyer" time="0.145" /><testcase classname="backend.tests.test_storage_iter171_api.TestReleaseAndForfeit" name="test_forfeit_400_without_buyer_id" time="0.199" /><testcase classname="backend.tests.test_storage_iter171_api.TestReleaseAndForfeit" name="test_forfeit_404_when_no_held_deposit" time="0.182" /><testcase classname="backend.tests.test_storage_iter171_api.TestSchedulerRegistration" name="test_scheduled_jobs_module_has_function" time="0.045" /><testcase classname="backend.tests.test_storage_iter171_api.TestSchedulerRegistration" name="test_scheduler_log_has_10_jobs" time="0.084" /><testcase classname="backend.tests.test_storage_iter171_api.TestSchedulerRegistration" name="test_scheduler_has_storage_close_job_in_code" time="0.000" /><testcase classname="backend.tests.test_storage_iter171_api.TestStorageEmails" name="test_won_and_sold_email_signatures" time="0.010" /><testcase classname="backend.tests.test_storage_iter171_api.TestStorageEmails" name="test_won_email_branches_per_payment_method[stripe]" time="0.000" /><testcase classname="backend.tests.test_storage_iter171_api.TestStorageEmails" name="test_won_email_branches_per_payment_method[cash]" time="0.000" /><testcase classname="backend.tests.test_storage_iter171_api.TestStorageEmails" name="test_won_email_branches_per_payment_method[etransfer]" time="0.000" /><testcase classname="backend.tests.test_storage_iter171_api.TestStorageEmails" name="test_sold_email_callable" time="0.000" /><testcase classname="backend.tests.test_storage_iter171_api.TestRegression" name="test_public_storage_auctions_list" time="0.175" /><testcase classname="backend.tests.test_storage_iter171_api.TestRegression" name="test_bid_with_deposit_required_returns_402" time="0.373" /><testcase classname="backend.tests.test_storage_iter172_api.TestPromotionTiers" name="test_get_promotion_tiers_public" time="0.107" /><testcase classname="backend.tests.test_storage_iter172_api.TestAdminPromotion" name="test_grant_promotion_requires_admin" time="0.567" /><testcase classname="backend.tests.test_storage_iter172_api.TestAdminPromotion" name="test_grant_promotion_unknown_auction_returns_404" time="0.668" /><testcase classname="backend.tests.test_storage_iter172_api.TestAdminPromotion" name="test_grant_promotion_invalid_tier_returns_400" time="0.199" /><testcase classname="backend.tests.test_storage_iter172_api.TestAdminPromotion" name="test_revoke_promotion_requires_admin" time="0.159" /><testcase classname="backend.tests.test_storage_iter172_api.TestAdminPromotion" name="test_revoke_promotion_unknown_auction_returns_404" time="0.158" /><testcase classname="backend.tests.test_storage_iter172_api.TestAdminPromotion" name="test_grant_then_revoke_real_auction" time="0.519" /><testcase classname="backend.tests.test_storage_iter172_api.TestFacilityPromote" name="test_promote_requires_facility" time="0.176" /><testcase classname="backend.tests.test_storage_iter172_api.TestAdminFacilityControls" name="test_reject_facility_requires_admin" time="0.141" /><testcase classname="backend.tests.test_storage_iter172_api.TestAdminFacilityControls" name="test_reject_facility_unknown_returns_404" time="0.183" /><testcase classname="backend.tests.test_storage_iter172_api.TestAdminFacilityControls" name="test_suspend_unknown_facility_returns_404" time="0.167" /><testcase classname="backend.tests.test_storage_iter172_api.TestAdminFacilityControls" name="test_unsuspend_unknown_facility_returns_404" time="0.200" /><testcase classname="backend.tests.test_storage_iter172_api.TestAdminFacilityControls" name="test_delete_unknown_facility_returns_404" time="0.174" /><testcase classname="backend.tests.test_storage_iter172_api.TestAdminFacilityControls" name="test_delete_facility_requires_admin" time="0.139" /><testcase classname="backend.tests.test_storage_iter172_api.TestAdminAuctionControls" name="test_pause_unknown_returns_404" time="0.184" /><testcase classname="backend.tests.test_storage_iter172_api.TestAdminAuctionControls" name="test_resume_unknown_returns_404" time="0.182" /><testcase classname="backend.tests.test_storage_iter172_api.TestAdminAuctionControls" name="test_edit_unknown_returns_404" time="0.180" /><testcase classname="backend.tests.test_storage_iter172_api.TestAdminAuctionControls" name="test_edit_no_fields_returns_400" time="0.159" /><testcase classname="backend.tests.test_storage_iter172_api.TestAdminAuctionControls" name="test_delete_unknown_returns_404" time="0.193" /><testcase classname="backend.tests.test_storage_iter172_api.TestAdminAuctionControls" name="test_override_winner_missing_fields_400" time="0.156" /><testcase classname="backend.tests.test_storage_iter172_api.TestAdminAuctionControls" name="test_override_winner_unknown_auction_returns_404" time="0.167" /><testcase classname="backend.tests.test_storage_iter172_api.TestAdminAuctionControls" name="test_force_close_unknown_returns_404" time="0.182" /><testcase classname="backend.tests.test_storage_iter172_api.TestAdminAuctionControls" name="test_force_close_requires_admin" time="0.604" /><testcase classname="backend.tests.test_storage_iter172_api.TestAdminAuctionControls" name="test_pause_resume_real_active_auction" time="0.566" /><testcase classname="backend.tests.test_storage_iter172_api.TestAdminCreateAuction" name="test_admin_create_storage_auction_unknown_facility_404" time="0.176" /><testcase classname="backend.tests.test_storage_iter172_api.TestAdminCreateAuction" name="test_admin_create_storage_auction_requires_admin" time="0.152" /><testcase classname="backend.tests.test_storage_iter172_api.TestPickupCode" name="test_verify_pickup_requires_facility" time="0.205" /><testcase classname="backend.tests.test_storage_iter172_api.TestPickupCode" name="test_mark_picked_up_requires_facility" time="0.191" /><testcase classname="backend.tests.test_storage_iter172_api.TestPickupCode" name="test_regenerate_pickup_code_requires_admin" time="0.170" /><testcase classname="backend.tests.test_storage_iter172_api.TestPickupCode" name="test_regenerate_pickup_code_unknown_auction_returns_404" time="0.187" /><testcase classname="backend.tests.test_storage_iter172_api.TestPickupCode" name="test_regenerate_pickup_code_non_sold_returns_400" time="0.542" /><testcase classname="backend.tests.test_storage_iter172_api.TestMyStorageDeposits" name="test_my_deposits_requires_auth" time="0.105" /><testcase classname="backend.tests.test_storage_iter172_api.TestMyStorageDeposits" name="test_my_deposits_buyer_returns_shape" time="0.166" /><testcase classname="backend.tests.test_storage_iter172_api.TestSchedulerImports" name="test_process_expired_promotions_importable" time="0.000" /><testcase classname="backend.tests.test_storage_iter172_api.TestSchedulerImports" name="test_scheduler_log_shows_11_jobs" time="0.086" /><testcase classname="backend.tests.test_storage_iter172_api.TestSchedulerImports" name="test_process_expired_promotions_runs_against_db" time="0.061"><skipped type="pytest.skip" message="MONGO_URL/DB_NAME not set">/app/backend/tests/test_storage_iter172_api.py:427: MONGO_URL/DB_NAME not set</skipped></testcase></testsuite></testsuites>