<?xml version="1.0" encoding="utf-8"?><testsuites name="pytest tests"><testsuite name="pytest" errors="0" failures="0" skipped="0" tests="15" time="0.049" timestamp="2026-07-19T17:51:35.881008+00:00" hostname="agent-env-c75ae3b4-0836-48ac-857c-c6a46c32e016"><testcase classname="backend.tests.test_iter364_launch_gate" name="test_hero_client_assets_exist" time="0.000" /><testcase classname="backend.tests.test_iter364_launch_gate" name="test_hero_component_wires_to_client_assets" time="0.000" /><testcase classname="backend.tests.test_iter364_launch_gate" name="test_compare_context_exists" time="0.000" /><testcase classname="backend.tests.test_iter364_launch_gate" name="test_compare_bar_and_checkbox_exports" time="0.000" /><testcase classname="backend.tests.test_iter364_launch_gate" name="test_compare_checkbox_wired_on_all_card_types" time="0.000" /><testcase classname="backend.tests.test_iter364_launch_gate" name="test_compare_page_and_route_registered" time="0.000" /><testcase classname="backend.tests.test_iter364_launch_gate" name="test_adunit_component_env_aware" time="0.000" /><testcase classname="backend.tests.test_iter364_launch_gate" name="test_adunit_placed_on_all_4_index_pages" time="0.000" /><testcase classname="backend.tests.test_iter364_launch_gate" name="test_adsense_script_conditionally_loaded" time="0.000" /><testcase classname="backend.tests.test_iter364_launch_gate" name="test_notification_bell_component_exists" time="0.000" /><testcase classname="backend.tests.test_iter364_launch_gate" name="test_notification_bell_mounted_in_admin" time="0.000" /><testcase classname="backend.tests.test_iter364_launch_gate" name="test_notification_summary_router_registered" time="0.000" /><testcase classname="backend.tests.test_iter364_launch_gate" name="test_vehicle_card_uses_carousel_when_multi_image" time="0.000" /><testcase classname="backend.tests.test_iter364_launch_gate" name="test_placeholder_png_is_publicly_accessible" time="0.000" /><testcase classname="backend.tests.test_iter364_launch_gate" name="test_listing_image_helper_present" time="0.000" /></testsuite></testsuites>