<?xml version="1.0" encoding="utf-8"?><testsuites name="pytest tests"><testsuite name="pytest" errors="0" failures="0" skipped="0" tests="7" time="1.154" timestamp="2026-04-27T20:41:16.188781+00:00" hostname="agent-env-c75ae3b4-0836-48ac-857c-c6a46c32e016"><testcase classname="tests.test_prelaunch_fixes_159.TestLegalPagesPublic" name="test_legal_pages_default" time="0.177" /><testcase classname="tests.test_prelaunch_fixes_159.TestLegalPagesPublic" name="test_legal_pages_en" time="0.148" /><testcase classname="tests.test_prelaunch_fixes_159.TestLegalPagesPublic" name="test_legal_pages_fr" time="0.188" /><testcase classname="tests.test_prelaunch_fixes_159.TestLegalPagesPublic" name="test_legal_pages_invalid_lang" time="0.171" /><testcase classname="tests.test_prelaunch_fixes_159.TestPublicStats" name="test_stats_public_shape" time="0.237" /><testcase classname="tests.test_prelaunch_fixes_159.TestVehicleInvoicePDF" name="test_vehicle_pdf_bilingual_labels" time="0.136" /><testcase classname="tests.test_prelaunch_fixes_159.TestGeneralInvoicePDF" name="test_general_pdf_bilingual_labels" time="0.022" /></testsuite></testsuites>