<?xml version="1.0" encoding="utf-8"?><testsuites name="pytest tests"><testsuite name="pytest" errors="0" failures="0" skipped="0" tests="9" time="5.710" timestamp="2026-06-26T23:27:34.260483+00:00" hostname="agent-env-c75ae3b4-0836-48ac-857c-c6a46c32e016"><testcase classname="backend.tests.test_iter316_c_live_e2e" name="test_admin_creates_new_contractor" time="1.940" /><testcase classname="backend.tests.test_iter316_c_live_e2e" name="test_admin_profile_drill_in" time="0.517" /><testcase classname="backend.tests.test_iter316_c_live_e2e" name="test_admin_calls_filter_by_agent_user_id" time="0.996" /><testcase classname="backend.tests.test_iter316_c_live_e2e" name="test_non_admin_blocked_from_list" time="0.160" /><testcase classname="backend.tests.test_iter316_c_live_e2e" name="test_non_admin_blocked_from_create" time="0.165" /><testcase classname="backend.tests.test_iter316_c_live_e2e" name="test_non_admin_blocked_from_profile" time="0.164" /><testcase classname="backend.tests.test_iter316_c_live_e2e" name="test_non_admin_blocked_from_calls_filter" time="0.154" /><testcase classname="backend.tests.test_iter316_c_live_e2e" name="test_promote_then_demote_round_trip" time="1.226" /><testcase classname="backend.tests.test_iter316_c_live_e2e" name="test_zzz_cleanup_created_contractor" time="0.344" /></testsuite></testsuites>