<?xml version="1.0" encoding="utf-8"?><testsuites name="pytest tests"><testsuite name="pytest" errors="0" failures="0" skipped="0" tests="12" time="7.191" timestamp="2026-05-06T04:57:05.720704+00:00" hostname="agent-env-c75ae3b4-0836-48ac-857c-c6a46c32e016"><testcase classname="tests.test_iter184_payment_status.TestHTTPNoCrash" name="test_invalid_session_returns_400_not_500" time="0.508" /><testcase classname="tests.test_iter184_payment_status.TestHTTPNoCrash" name="test_invalid_session_anonymous_no_500" time="0.259" /><testcase classname="tests.test_iter184_payment_status.TestHTTPNoCrash" name="test_invalid_session_with_bad_token_no_500" time="0.284" /><testcase classname="tests.test_iter184_payment_status.TestHTTPNoCrash" name="test_admin_login_works" time="0.463" /><testcase classname="tests.test_iter184_payment_status.TestHTTPNoCrash" name="test_buyer_login_works" time="0.383" /><testcase classname="tests.test_iter184_payment_status.TestPIIMatrix" name="test_anonymous_no_seller_contact" time="1.771" /><testcase classname="tests.test_iter184_payment_status.TestPIIMatrix" name="test_buyer_gets_seller_contact" time="0.628" /><testcase classname="tests.test_iter184_payment_status.TestPIIMatrix" name="test_seller_gets_seller_contact" time="0.612" /><testcase classname="tests.test_iter184_payment_status.TestPIIMatrix" name="test_admin_gets_seller_contact" time="0.614" /><testcase classname="tests.test_iter184_payment_status.TestPIIMatrix" name="test_stranger_blocked" time="0.585" /><testcase classname="tests.test_iter184_payment_status.TestPIIMatrix" name="test_paid_session_no_txn_row_no_crash" time="0.439" /><testcase classname="tests.test_iter184_payment_status.TestPIIMatrix" name="test_paid_session_txn_but_seller_missing" time="0.539" /></testsuite></testsuites>