<?xml version="1.0" encoding="utf-8"?><testsuites name="pytest tests"><testsuite name="pytest" errors="0" failures="1" skipped="1" tests="9" time="5.460" timestamp="2026-06-16T02:36:51.742693+00:00" hostname="agent-env-c75ae3b4-0836-48ac-857c-c6a46c32e016"><testcase classname="tests.test_iter307_supplement" name="test_resend_winner_returns_no_winner_for_ended_listing_without_winner" time="3.614"><skipped type="pytest.skip" message="No suitable ended-without-winner listing to verify no_winner code">/app/backend/tests/test_iter307_supplement.py:44: No suitable ended-without-winner listing to verify no_winner code</skipped></testcase><testcase classname="tests.test_iter307_supplement" name="test_compliance_reinstate_user_endpoint_exists" time="0.178" /><testcase classname="tests.test_iter307_supplement" name="test_compliance_reinstate_requires_admin" time="0.122" /><testcase classname="tests.test_iter307_supplement" name="test_compliance_bill96_notify_endpoint_exists_and_requires_admin" time="0.103" /><testcase classname="tests.test_iter307_supplement" name="test_compliance_bill96_notify_admin_404_for_unknown_listing" time="0.292" /><testcase classname="tests.test_iter307_supplement" name="test_affiliate_admin_credit_requires_admin" time="0.104" /><testcase classname="tests.test_iter307_supplement" name="test_affiliate_admin_credit_admin_call" time="0.508" /><testcase classname="tests.test_iter307_supplement" name="test_sitemap_includes_listing_or_vehicle_url" time="0.152"><failure message="AssertionError: sitemap.xml must include at least one dynamic listing URL&#10;assert False">tests/test_iter307_supplement.py:115: in test_sitemap_includes_listing_or_vehicle_url
    assert has_dynamic, "sitemap.xml must include at least one dynamic listing URL"
E   AssertionError: sitemap.xml must include at least one dynamic listing URL
E   assert False</failure></testcase><testcase classname="tests.test_iter307_supplement" name="test_affiliate_track_endpoint_idempotent" time="0.327" /></testsuite></testsuites>