<?xml version="1.0" encoding="utf-8"?><testsuites name="pytest tests"><testsuite name="pytest" errors="0" failures="0" skipped="0" tests="49" time="29.056" timestamp="2026-06-27T01:12:50.136118+00:00" hostname="agent-env-c75ae3b4-0836-48ac-857c-c6a46c32e016"><testcase classname="backend.tests.test_iter316_d_leaderboard_banking_perms" name="test_leaderboard_returns_ranked_rows" time="1.362" /><testcase classname="backend.tests.test_iter316_d_leaderboard_banking_perms" name="test_leaderboard_supports_period_filters" time="1.652" /><testcase classname="backend.tests.test_iter316_d_leaderboard_banking_perms" name="test_leaderboard_blocks_non_admin" time="0.678" /><testcase classname="backend.tests.test_iter316_d_leaderboard_banking_perms" name="test_payout_readiness_admin_self_returns_not_a_contractor" time="0.363" /><testcase classname="backend.tests.test_iter316_d_leaderboard_banking_perms" name="test_payout_readiness_admin_override_other_id" time="1.628" /><testcase classname="backend.tests.test_iter316_d_leaderboard_banking_perms" name="test_payout_readiness_blocks_buyer_querying_other" time="0.398" /><testcase classname="backend.tests.test_iter316_d_leaderboard_banking_perms" name="test_admin_can_get_and_set_permissions" time="0.750" /><testcase classname="backend.tests.test_iter316_d_leaderboard_banking_perms" name="test_permissions_me_returns_own" time="0.220" /><testcase classname="backend.tests.test_iter316_d_leaderboard_banking_perms" name="test_non_admin_cannot_set_permissions" time="0.165" /><testcase classname="backend.tests.test_iter316_d_leaderboard_banking_perms" name="test_buyer_cannot_create_referred_client" time="0.163" /><testcase classname="backend.tests.test_iter316_d_leaderboard_banking_perms" name="test_admin_can_create_client_directly" time="0.611" /><testcase classname="backend.tests.test_iter316_d_leaderboard_banking_perms" name="test_duplicate_email_blocked" time="1.144" /><testcase classname="backend.tests.test_iter316_c_contractor_admin" name="test_admin_create_new_contractor_then_get_profile" time="2.121" /><testcase classname="backend.tests.test_iter316_c_contractor_admin" name="test_admin_create_existing_email_promotes_instead" time="0.986" /><testcase classname="backend.tests.test_iter316_c_contractor_admin" name="test_admin_promote_then_demote_flow" time="2.540" /><testcase classname="backend.tests.test_iter316_c_contractor_admin" name="test_admin_calls_filter_by_agent_user_id" time="0.261" /><testcase classname="backend.tests.test_iter316_c_contractor_admin" name="test_admin_calls_filter_rejects_non_admin" time="0.169" /><testcase classname="backend.tests.test_iter316_c_contractor_admin" name="test_non_admin_cannot_create_contractor" time="0.161" /><testcase classname="backend.tests.test_iter316_c_contractor_admin" name="test_non_admin_cannot_view_contractor_profile" time="0.184" /><testcase classname="backend.tests.test_iter316_c_contractor_admin" name="test_anonymous_blocked" time="0.103" /><testcase classname="backend.tests.test_iter316_phase_b" name="test_voice_ai_failure_inserts_bilingual_notification" time="0.006" /><testcase classname="backend.tests.test_iter316_phase_b" name="test_voice_ai_success_does_not_notify_failure" time="0.001" /><testcase classname="backend.tests.test_iter316_phase_b" name="test_voice_ai_failure_handles_missing_agent_gracefully" time="0.001" /><testcase classname="backend.tests.test_iter316_phase_b" name="test_voice_ai_failed_template_registered" time="0.000" /><testcase classname="backend.tests.test_iter316_phase_b" name="test_admin_list_contractors_endpoint_exists" time="0.952" /><testcase classname="backend.tests.test_iter316_dialer_and_commission" name="test_validate_e164_accepts_valid_numbers" time="0.000" /><testcase classname="backend.tests.test_iter316_dialer_and_commission" name="test_validate_e164_rejects_invalid_numbers" time="0.000" /><testcase classname="backend.tests.test_iter316_dialer_and_commission" name="test_verify_twilio_config_returns_required_keys" time="0.000" /><testcase classname="backend.tests.test_iter316_dialer_and_commission" name="test_voice_ai_validator_clamps_sentiment_score" time="0.000" /><testcase classname="backend.tests.test_iter316_dialer_and_commission" name="test_voice_ai_validator_defaults_invalid_label" time="0.000" /><testcase classname="backend.tests.test_iter316_dialer_and_commission" name="test_voice_ai_validator_trims_action_items_to_8" time="0.000" /><testcase classname="backend.tests.test_iter316_dialer_and_commission" name="test_voice_ai_validator_handles_missing_fields" time="0.000" /><testcase classname="backend.tests.test_iter316_dialer_and_commission" name="test_voice_ai_validator_rejects_non_dict" time="0.000" /><testcase classname="backend.tests.test_iter316_dialer_and_commission" name="test_derive_account_type_explicit_field_wins" time="0.000" /><testcase classname="backend.tests.test_iter316_dialer_and_commission" name="test_derive_account_type_defaults_vehicle_dealer_via_role_flag" time="0.000" /><testcase classname="backend.tests.test_iter316_dialer_and_commission" name="test_derive_account_type_falls_through_to_individual_seller" time="0.000" /><testcase classname="backend.tests.test_iter316_dialer_and_commission" name="test_commission_rate_lookup_default_when_unset" time="0.689" /><testcase classname="backend.tests.test_iter316_dialer_and_commission" name="test_commission_rate_per_account_type_overrides_default" time="0.800" /><testcase classname="backend.tests.test_iter316_dialer_and_commission" name="test_commission_rate_rejects_unknown_account_type" time="0.562" /><testcase classname="backend.tests.test_iter316_dialer_and_commission" name="test_accrual_creates_ledger_entry_with_captured_rate" time="1.026" /><testcase classname="backend.tests.test_iter316_dialer_and_commission" name="test_accrual_skipped_when_seller_not_stamped" time="0.609" /><testcase classname="backend.tests.test_iter316_dialer_and_commission" name="test_accrual_skipped_when_fee_is_zero" time="0.546" /><testcase classname="backend.tests.test_iter316_dialer_and_commission" name="test_accrual_is_idempotent_on_same_listing_and_txn" time="1.008" /><testcase classname="backend.tests.test_iter316_dialer_and_commission" name="test_rate_change_does_not_retroactively_alter_prior_entries" time="1.346" /><testcase classname="backend.tests.test_iter316_dialer_and_commission" name="test_monthly_payout_skips_contractors_with_no_stripe_connect" time="1.059" /><testcase classname="backend.tests.test_iter316_dialer_and_commission" name="test_monthly_payout_sums_accrued_and_marks_paid_on_success" time="1.505" /><testcase classname="backend.tests.test_iter316_dialer_and_commission" name="test_admin_remove_referral_attribution_stops_future_accruals" time="1.075" /><testcase classname="backend.tests.test_iter316_dialer_and_commission" name="test_contractor_earnings_summary_returns_zero_for_unknown_contractor" time="0.592" /><testcase classname="backend.tests.test_iter316_dialer_and_commission" name="test_contractor_referred_accounts_isolated_per_contractor" time="0.799" /></testsuite></testsuites>