<?xml version="1.0" encoding="utf-8"?><testsuites name="pytest tests"><testsuite name="pytest" errors="0" failures="1" skipped="0" tests="60" time="21.715" timestamp="2026-06-10T04:34:41.717542+00:00" hostname="agent-env-c75ae3b4-0836-48ac-857c-c6a46c32e016"><testcase classname="tests.test_iter290_manage_all_auctions" name="test_listings_all_includes_vehicle_storage_with_section_tags" time="1.185" /><testcase classname="tests.test_iter290_manage_all_auctions" name="test_multi_item_listings_all_tags_section_lots" time="0.256" /><testcase classname="tests.test_iter290_manage_all_auctions" name="test_listing_status_endpoint_handles_vehicle_collection" time="0.736" /><testcase classname="tests.test_iter290_manage_all_auctions" name="test_feature_endpoint_handles_vehicle_collection" time="0.396" /><testcase classname="tests.test_iter290_manage_all_auctions" name="test_end_time_endpoint_resolves_vehicle_listing" time="1.244" /><testcase classname="tests.test_iter290_manage_all_auctions" name="test_vehicle_buyer_premium_constant_is_still_zero" time="0.001" /><testcase classname="tests.test_iter291_lightbox_and_feed" name="test_google_feed_region_is_iso_3166_2" time="0.002" /><testcase classname="tests.test_iter291_lightbox_and_feed" name="test_google_feed_region_passes_through_when_already_iso" time="0.000" /><testcase classname="tests.test_iter291_lightbox_and_feed" name="test_google_feed_shipping_block_always_present" time="0.000" /><testcase classname="tests.test_iter291_lightbox_and_feed" name="test_google_image_sanitizer_strips_query_params" time="0.000" /><testcase classname="tests.test_iter291_lightbox_and_feed" name="test_google_image_sanitizer_rejects_webp" time="0.000" /><testcase classname="tests.test_iter291_lightbox_and_feed" name="test_google_image_sanitizer_accepts_jpeg_png_gif" time="0.000" /><testcase classname="tests.test_iter291_lightbox_and_feed" name="test_google_feed_falls_back_to_placeholder_when_image_unrecoverable" time="0.000" /><testcase classname="tests.test_iter291_lightbox_and_feed" name="test_meta_feed_image_filter_rejects_webp" time="0.965" /><testcase classname="tests.test_iter291_lightbox_and_feed" name="test_meta_feed_normalize_strips_query" time="0.000" /><testcase classname="tests.test_iter292_dealer_lifecycle_intent" name="test_default_submission_intent_is_live" time="0.000" /><testcase classname="tests.test_iter292_dealer_lifecycle_intent" name="test_submission_intent_accepts_draft" time="0.000" /><testcase classname="tests.test_iter292_dealer_lifecycle_intent" name="test_submission_intent_accepts_schedule" time="0.000" /><testcase classname="tests.test_iter292_dealer_lifecycle_intent" name="test_submission_intent_accepts_live" time="0.000" /><testcase classname="tests.test_iter292_dealer_lifecycle_intent" name="test_vehicle_listing_status_enum_has_existing_states" time="0.000" /><testcase classname="tests.test_iter292_dealer_lifecycle_intent" name="test_buyer_premium_for_vehicle_is_still_zero" time="0.000" /><testcase classname="tests.test_iter292_seller_account_type" name="test_vehicle_dealer_listing_marketplace_item_is_not_vehicle_dealer" time="0.000" /><testcase classname="tests.test_iter292_seller_account_type" name="test_storage_facility_listing_lots_item_is_not_storage_facility" time="0.000" /><testcase classname="tests.test_iter292_seller_account_type" name="test_vehicle_context_still_resolves_dealer_to_vehicle_dealer" time="0.000" /><testcase classname="tests.test_iter292_seller_account_type" name="test_storage_context_still_resolves_facility_to_storage_facility" time="0.000" /><testcase classname="tests.test_iter292_seller_account_type" name="test_partner_dominates_in_every_context" time="0.000" /><testcase classname="tests.test_iter292_seller_account_type" name="test_individual_seller_resolves_to_individual_in_all_contexts" time="0.000" /><testcase classname="tests.test_iter292_seller_account_type" name="test_enrichment_clears_vehicle_dealer_flag_for_marketplace_listing" time="0.000" /><testcase classname="tests.test_iter292_seller_account_type" name="test_enrichment_keeps_vehicle_dealer_flag_inside_vehicle_context" time="0.000" /><testcase classname="tests.test_iter292_seller_account_type" name="test_enrichment_clears_storage_facility_flag_for_lots_listing" time="0.000" /><testcase classname="tests.test_iter293_multi_lot_vehicle" name="test_create_multi_lot_draft" time="1.323" /><testcase classname="tests.test_iter293_multi_lot_vehicle" name="test_create_multi_lot_schedule" time="0.176" /><testcase classname="tests.test_iter293_multi_lot_vehicle" name="test_create_multi_lot_live" time="0.250" /><testcase classname="tests.test_iter293_multi_lot_vehicle" name="test_create_multi_lot_staggered_assigns_each_lot_start" time="0.181" /><testcase classname="tests.test_iter293_multi_lot_vehicle" name="test_schedule_requires_future_start" time="0.140" /><testcase classname="tests.test_iter293_multi_lot_vehicle" name="test_lot_bid_requires_minimum" time="0.410" /><testcase classname="tests.test_iter293_multi_lot_vehicle" name="test_admin_listings_all_includes_multi_lot_events" time="0.995" /><testcase classname="tests.test_iter293_multi_lot_vehicle" name="test_scheduler_promotes_upcoming_to_live" time="0.542" /><testcase classname="tests.test_iter293_multi_lot_vehicle" name="test_scheduler_ends_expired_lot_and_activates_next" time="0.621" /><testcase classname="tests.test_iter293_multi_lot_vehicle" name="test_draft_activate_endpoint_exists" time="0.374" /><testcase classname="tests.test_iter293_multi_lot_vehicle" name="test_upcoming_notify_subscribe_idempotent" time="0.431" /><testcase classname="tests.test_iter293_multi_lot_vehicle" name="test_vehicle_buyer_premium_still_zero" time="0.034" /><testcase classname="tests.test_iter294_timing_rename_and_notifications" name="test_timing_mode_internal_values_unchanged" time="0.006" /><testcase classname="tests.test_iter294_timing_rename_and_notifications" name="test_broker_models_v2_validators_still_enforce" time="0.006" /><testcase classname="tests.test_iter294_timing_rename_and_notifications" name="test_emails_package_re_exports_public_senders" time="0.000" /><testcase classname="tests.test_iter294_timing_rename_and_notifications" name="test_upcoming_notify_warns_15_min_before_start" time="0.902" /><testcase classname="tests.test_iter294_timing_rename_and_notifications" name="test_vehicle_fee_constants_untouched" time="0.001" /><testcase classname="tests.test_iter295_multi_lot_compliance" name="test_province_compliance_single_source_of_truth" time="0.005" /><testcase classname="tests.test_iter295_multi_lot_compliance" name="test_lot_bid_403_when_buyer_in_restricted_province_without_broker" time="1.296" /><testcase classname="tests.test_iter295_multi_lot_compliance" name="test_lot_bid_402_when_no_deposit_for_lot" time="0.530" /><testcase classname="tests.test_iter295_multi_lot_compliance" name="test_lot_deposit_pay_and_then_bid_accepted" time="0.977" /><testcase classname="tests.test_iter295_multi_lot_compliance" name="test_lot_bid_history_anonymised" time="2.366" /><testcase classname="tests.test_iter295_multi_lot_compliance" name="test_settle_lot_generates_invoice_and_refunds_losers" time="0.952" /><testcase classname="tests.test_iter295_multi_lot_compliance" name="test_email_function_bodies_physically_migrated" time="0.000" /><testcase classname="tests.test_iter296_auction_lifecycle" name="test_bilingual_notification_helper_has_both_languages" time="0.001" /><testcase classname="tests.test_iter296_auction_lifecycle" name="test_marketplace_listing_transitions_to_ended_and_stamps_winner" time="1.848" /><testcase classname="tests.test_iter296_auction_lifecycle" name="test_multi_item_listing_transitions_with_per_lot_winner" time="1.334" /><testcase classname="tests.test_iter296_auction_lifecycle" name="test_seller_dashboard_counters_union_both_end_conventions" time="0.154"><failure message="assert 429 == 200&#10; +  where 429 = &lt;Response [429]&gt;.status_code">tests/test_iter296_auction_lifecycle.py:219: in test_seller_dashboard_counters_union_both_end_conventions
    assert r_login.status_code == 200
E   assert 429 == 200
E    +  where 429 = &lt;Response [429]&gt;.status_code</failure></testcase><testcase classname="tests.test_iter296_auction_lifecycle" name="test_iter296_repair_backfills_missing_winner_user_id" time="0.576" /><testcase classname="tests.test_iter296_auction_lifecycle" name="test_stripe_error_references_use_modern_sdk" time="0.019" /></testsuite></testsuites>