<?xml version="1.0" encoding="utf-8"?><testsuites name="pytest tests"><testsuite name="pytest" errors="0" failures="0" skipped="0" tests="11" time="8.771" timestamp="2026-05-12T01:58:28.654575+00:00" hostname="agent-env-c75ae3b4-0836-48ac-857c-c6a46c32e016"><testcase classname="backend.tests.test_iter209_step2_resubmission" name="test_partner_not_in_rejected_returns_400" time="0.662" /><testcase classname="backend.tests.test_iter209_step2_resubmission" name="test_partner_resubmit_increments_and_flips_status" time="0.818" /><testcase classname="backend.tests.test_iter209_step2_resubmission" name="test_partner_max_3_resubmissions_then_blocked" time="1.387" /><testcase classname="backend.tests.test_iter209_step2_resubmission" name="test_dealer_not_in_rejected_returns_400" time="0.450" /><testcase classname="backend.tests.test_iter209_step2_resubmission" name="test_dealer_resubmit_full_flow" time="0.767" /><testcase classname="backend.tests.test_iter209_step2_resubmission" name="test_live_partner_resubmit_http_blocks_when_not_rejected" time="0.668" /><testcase classname="backend.tests.test_iter209_step3_partner_card" name="test_saved_card_missing_returns_has_card_false" time="0.639" /><testcase classname="backend.tests.test_iter209_step3_partner_card" name="test_saved_card_requires_auth" time="0.106" /><testcase classname="backend.tests.test_iter209_step3_partner_card" name="test_setup_card_creates_setup_intent" time="1.076" /><testcase classname="backend.tests.test_iter209_step3_partner_card" name="test_delete_saved_card_is_idempotent" time="0.695" /><testcase classname="backend.tests.test_iter209_step3_partner_card" name="test_partner_cash_listing_without_card_blocked_bilingual" time="1.318" /></testsuite></testsuites>