<?xml version="1.0" encoding="utf-8"?><testsuites name="pytest tests"><testsuite name="pytest" errors="0" failures="0" skipped="2" tests="45" time="3.758" timestamp="2026-04-27T22:07:36.490937+00:00" hostname="agent-env-c75ae3b4-0836-48ac-857c-c6a46c32e016"><testcase classname="backend.tests.test_buy_now_p0_audit_160.TestPricingProofs" name="test_proof1_non_vehicle_stripe_qc_50_free" time="0.006" /><testcase classname="backend.tests.test_buy_now_p0_audit_160.TestPricingProofs" name="test_proof2_non_vehicle_stripe_on_50_free_partner" time="0.000" /><testcase classname="backend.tests.test_buy_now_p0_audit_160.TestPricingProofs" name="test_proof3_vehicle_auction_qc_20000" time="0.000" /><testcase classname="backend.tests.test_buy_now_p0_audit_160.TestPricingProofs" name="test_proof4_vehicle_auction_ab_5000" time="0.000" /><testcase classname="backend.tests.test_buy_now_p0_audit_160.TestVehicleBuyNowEndpoints" name="test_vehicle_buy_now_preview_returns_required_fields" time="1.388" /><testcase classname="backend.tests.test_buy_now_p0_audit_160.TestVehicleBuyNowEndpoints" name="test_vehicle_buy_now_checkout_creates_session_or_intent" time="0.572"><skipped type="pytest.xfail" message="Known backend bug iter160: routes/payments.py:2121 uses `stripe.error.CardError` which doesn't exist in modern Stripe SDK (should be `stripe.CardError`) → AttributeError → 500. Response body: Internal Server Error" /></testcase><testcase classname="backend.tests.test_buy_now_p0_audit_160.TestRegularBuyNowEndpoints" name="test_buy_now_preview_uses_pricing_manager" time="0.404" /><testcase classname="backend.tests.test_buy_now_p0_audit_160.TestRegularBuyNowEndpoints" name="test_buy_now_checkout_persists_required_fields" time="0.226"><skipped type="pytest.skip" message="Stripe checkout not available in sandbox: 422 {&quot;detail&quot;:[{&quot;type&quot;:&quot;missing&quot;,&quot;loc&quot;:[&quot;body&quot;,&quot;return_url&quot;],&quot;msg&quot;:&quot;Field required&quot;,&quot;input&quot;:{&quot;auction_id&quot;:&quot;TEST_mi_b899ed19c1&quot;,&quot;lot_number&quot;:1,&quot;quantity&quot;:1}}]}">/app/backend/tests/test_buy_now_p0_audit_160.py:230: Stripe checkout not available in sandbox: 422 {"detail":[{"type":"missing","loc":["body","return_url"],"msg":"Field required","input":{"auction_id":"TEST_mi_b899ed19c1","lot_number":1,"quantity":1}}]}</skipped></testcase><testcase classname="backend.tests.test_buy_now_p0_audit_160.TestWebhookWiring" name="test_buy_now_webhook_calls_send_auction_won_email" time="0.983" /><testcase classname="backend.tests.test_buy_now_p0_audit_160.TestWebhookWiring" name="test_vehicle_buy_now_webhook_marks_sold_and_emails" time="0.000" /><testcase classname="backend.tests.test_buy_now_p0_audit_160.TestRegressionSentinel" name="test_iter139_proof2_updated_value_consistent" time="0.000" /><testcase classname="backend.tests.test_pricing_manager_p0_audit_139.TestProof1VehicleAuction" name="test_vehicle_auction_qc_1000_buyer_total" time="0.000" /><testcase classname="backend.tests.test_pricing_manager_p0_audit_139.TestProof2NonVehicleStripe" name="test_non_vehicle_stripe_qc_1000_buyer_total" time="0.000" /><testcase classname="backend.tests.test_pricing_manager_p0_audit_139.TestProof2NonVehicleStripe" name="test_non_vehicle_stripe_qc_1000_seller_total" time="0.000" /><testcase classname="backend.tests.test_pricing_manager_p0_audit_139.TestProof3FlatPurchase" name="test_flat_purchase_on_300_total" time="0.000" /><testcase classname="backend.tests.test_pricing_manager_p0_audit_139.TestProof3FlatPurchase" name="test_flat_purchase_on_300_tax_label" time="0.000" /><testcase classname="backend.tests.test_pricing_manager_p0_audit_139.TestProof4NonVehicleCash" name="test_non_vehicle_cash_ab_500_buyer_total" time="0.001" /><testcase classname="backend.tests.test_pricing_manager_p0_audit_139.TestProof4NonVehicleCash" name="test_non_vehicle_cash_ab_500_seller_total" time="0.001" /><testcase classname="backend.tests.test_pricing_manager_p0_audit_139.TestProof5PartnerAuction" name="test_partner_auction_on_2000_buyer_total" time="0.000" /><testcase classname="backend.tests.test_pricing_manager_p0_audit_139.TestProof5PartnerAuction" name="test_partner_auction_on_2000_seller_total" time="0.001" /><testcase classname="backend.tests.test_pricing_manager_p0_audit_139.TestProof5PartnerAuction" name="test_partner_auction_buyer_invoice_structure" time="0.000" /><testcase classname="backend.tests.test_pricing_manager_p0_audit_139.TestStripeRecoveryFix" name="test_stripe_recovery_zero_fees" time="0.001" /><testcase classname="backend.tests.test_pricing_manager_p0_audit_139.TestStripeRecoveryFix" name="test_stripe_recovery_negative_fees" time="0.000" /><testcase classname="backend.tests.test_pricing_manager_p0_audit_139.TestStripeRecoveryFix" name="test_stripe_recovery_positive_fees" time="0.000" /><testcase classname="backend.tests.test_pricing_manager_p0_audit_139.TestConnectPaymentEngineWiring" name="test_calculate_connect_checkout_imports_pricing_manager" time="0.005" /><testcase classname="backend.tests.test_pricing_manager_p0_audit_139.TestConnectPaymentEngineWiring" name="test_calculate_connect_checkout_vehicle_qc" time="0.001" /><testcase classname="backend.tests.test_pricing_manager_p0_audit_139.TestConnectPaymentEngineWiring" name="test_calculate_connect_checkout_vehicle_on" time="0.001" /><testcase classname="backend.tests.test_pricing_manager_p0_audit_139.TestConnectPaymentEngineWiring" name="test_calculate_connect_checkout_partner_buyer_zero_fees" time="0.000" /><testcase classname="backend.tests.test_pricing_manager_p0_audit_139.TestConnectPaymentEngineWiring" name="test_calculate_connect_checkout_routes_to_vehicle_auction" time="0.001" /><testcase classname="backend.tests.test_pricing_manager_p0_audit_139.TestConnectPaymentEngineWiring" name="test_calculate_connect_checkout_routes_to_non_vehicle_stripe" time="0.000" /><testcase classname="backend.tests.test_pricing_manager_p0_audit_139.TestConnectPaymentEngineWiring" name="test_calculate_connect_checkout_routes_to_partner_auction" time="0.001" /><testcase classname="backend.tests.test_pricing_manager_p0_audit_139.TestTierRates" name="test_standard_tier_rates" time="0.000" /><testcase classname="backend.tests.test_pricing_manager_p0_audit_139.TestTierRates" name="test_premium_tier_rates" time="0.000" /><testcase classname="backend.tests.test_pricing_manager_p0_audit_139.TestTierRates" name="test_vip_tier_rates" time="0.001" /><testcase classname="backend.tests.test_pricing_manager_p0_audit_139.TestTierRates" name="test_partner_tier_rates" time="0.000" /><testcase classname="backend.tests.test_pricing_manager_p0_audit_139.TestProvincialTaxRates" name="test_qc_tax_rate" time="0.000" /><testcase classname="backend.tests.test_pricing_manager_p0_audit_139.TestProvincialTaxRates" name="test_on_tax_rate" time="0.000" /><testcase classname="backend.tests.test_pricing_manager_p0_audit_139.TestProvincialTaxRates" name="test_ab_tax_rate" time="0.001" /><testcase classname="backend.tests.test_pricing_manager_p0_audit_139.TestProvincialTaxRates" name="test_bc_tax_rate" time="0.000" /><testcase classname="backend.tests.test_pricing_manager_p0_audit_139.TestProvincialTaxRates" name="test_ns_tax_rate" time="0.000" /><testcase classname="backend.tests.test_pricing_manager_p0_audit_139.TestSubscriptionsWiring" name="test_subscriptions_imports_pricing_manager" time="0.024" /><testcase classname="backend.tests.test_pricing_manager_p0_audit_139.TestPromotionsWiring" name="test_promotions_passes_buyer_province" time="0.000" /><testcase classname="backend.tests.test_pricing_manager_p0_audit_139.TestEmailMarketingWiring" name="test_email_credits_passes_buyer_province" time="0.000" /><testcase classname="backend.tests.test_pricing_manager_p0_audit_139.TestConnectPaymentEnginePromotionWiring" name="test_create_promotion_checkout_uses_pricing_manager" time="0.002" /><testcase classname="backend.tests.test_pricing_manager_p0_audit_139.TestConnectPaymentEnginePromotionWiring" name="test_create_email_credits_checkout_uses_pricing_manager" time="0.001" /></testsuite></testsuites>