<?xml version="1.0" encoding="utf-8"?><testsuites name="pytest tests"><testsuite name="pytest" errors="0" failures="0" skipped="0" tests="15" time="0.153" timestamp="2026-06-29T16:34:52.651621+00:00" hostname="agent-env-c75ae3b4-0836-48ac-857c-c6a46c32e016"><testcase classname="backend.tests.test_iter319_screening_and_global.TestParseScreeningJson" name="test_plain_json_object" time="0.000" /><testcase classname="backend.tests.test_iter319_screening_and_global.TestParseScreeningJson" name="test_json_wrapped_in_markdown_fences" time="0.000" /><testcase classname="backend.tests.test_iter319_screening_and_global.TestParseScreeningJson" name="test_json_with_surrounding_prose" time="0.000" /><testcase classname="backend.tests.test_iter319_screening_and_global.TestParseScreeningJson" name="test_invalid_recommendation_defaults_to_maybe" time="0.000" /><testcase classname="backend.tests.test_iter319_screening_and_global.TestParseScreeningJson" name="test_malformed_json_returns_failed_envelope" time="0.000" /><testcase classname="backend.tests.test_iter319_screening_and_global.TestParseScreeningJson" name="test_summary_truncated_to_220_chars" time="0.000" /><testcase classname="backend.tests.test_iter319_screening_and_global.TestCleanText" name="test_collapses_whitespace" time="0.000" /><testcase classname="backend.tests.test_iter319_screening_and_global.TestCleanText" name="test_caps_length" time="0.000" /><testcase classname="backend.tests.test_iter319_screening_and_global.TestExtractTextFromFile" name="test_pdf_extraction" time="0.056" /><testcase classname="backend.tests.test_iter319_screening_and_global.TestExtractTextFromFile" name="test_docx_extraction" time="0.048" /><testcase classname="backend.tests.test_iter319_screening_and_global.TestExtractTextFromFile" name="test_unsupported_ext_returns_empty" time="0.001" /><testcase classname="backend.tests.test_iter319_screening_and_global.TestGlobalOnboardingValidation" name="test_canada_requires_province" time="0.000" /><testcase classname="backend.tests.test_iter319_screening_and_global.TestGlobalOnboardingValidation" name="test_us_requires_state" time="0.000" /><testcase classname="backend.tests.test_iter319_screening_and_global.TestGlobalOnboardingValidation" name="test_other_country_no_secondary_required" time="0.000" /><testcase classname="backend.tests.test_iter319_screening_and_global.TestGlobalOnboardingValidation" name="test_missing_country_blocks" time="0.000" /></testsuite></testsuites>