<?xml version="1.0" encoding="utf-8"?><testsuites name="pytest tests"><testsuite name="pytest" errors="0" failures="0" skipped="0" tests="13" time="7.743" timestamp="2026-04-30T00:19:21.673361+00:00" hostname="agent-env-c75ae3b4-0836-48ac-857c-c6a46c32e016"><testcase classname="tests.test_listings_moderation_163.TestSignupEnrichment" name="test_signup_with_ref_code_enriches_country_and_referrer" time="1.170" /><testcase classname="tests.test_listings_moderation_163.TestSignupEnrichment" name="test_signup_without_ref_code_has_null_referrer" time="0.849" /><testcase classname="tests.test_listings_moderation_163.TestPendingListings" name="test_requires_admin" time="0.132" /><testcase classname="tests.test_listings_moderation_163.TestPendingListings" name="test_pending_shape" time="1.261" /><testcase classname="tests.test_listings_moderation_163.TestPendingListings" name="test_public_feed_excludes_pending" time="0.209" /><testcase classname="tests.test_listings_moderation_163.TestRejectValidation" name="test_reject_without_reason_400" time="0.247" /><testcase classname="tests.test_listings_moderation_163.TestRejectValidation" name="test_reject_short_reason_400" time="0.258" /><testcase classname="tests.test_listings_moderation_163.TestRejectValidation" name="test_reject_valid_reason_200" time="0.576" /><testcase classname="tests.test_listings_moderation_163.TestApproveFlow" name="test_approve_flips_status_and_audits" time="0.584" /><testcase classname="tests.test_listings_moderation_163.TestApproveFlow" name="test_double_approve_400" time="0.719" /><testcase classname="tests.test_listings_moderation_163.TestEdgeCases" name="test_approve_nonexistent_404" time="0.222" /><testcase classname="tests.test_listings_moderation_163.TestEdgeCases" name="test_reject_nonexistent_404" time="0.213" /><testcase classname="tests.test_listings_moderation_163.TestEdgeCases" name="test_non_admin_forbidden" time="1.143" /></testsuite></testsuites>