<?xml version="1.0" encoding="utf-8"?><testsuites name="pytest tests"><testsuite name="pytest" errors="0" failures="0" skipped="0" tests="26" time="3.932" timestamp="2026-05-06T17:35:11.594513+00:00" hostname="agent-env-c75ae3b4-0836-48ac-857c-c6a46c32e016"><testcase classname="tests.test_strict_payments_iter185" name="test_idempotency_key_format" time="0.360" /><testcase classname="tests.test_strict_payments_iter185" name="test_idempotency_unknown_charge_type_rejected" time="0.001" /><testcase classname="tests.test_strict_payments_iter185" name="test_reserve_charge_row_inserts_pending" time="0.001" /><testcase classname="tests.test_strict_payments_iter185" name="test_duplicate_charge_blocked_when_succeeded_exists" time="0.001" /><testcase classname="tests.test_strict_payments_iter185" name="test_currency_must_be_cad_or_usd" time="0.000" /><testcase classname="tests.test_strict_payments_iter185" name="test_enqueue_non_winner_refunds_skips_winner" time="0.001" /><testcase classname="tests.test_strict_payments_iter185" name="test_refund_queue_processes_and_marks_succeeded" time="0.013" /><testcase classname="tests.test_strict_payments_iter185" name="test_settle_auction_routes_cash_vs_stripe" time="0.004" /><testcase classname="tests.test_strict_payments_iter185" name="test_winner_mismatch_blocked_in_stripe_flow" time="0.001" /><testcase classname="tests.test_strict_payments_iter185" name="test_listing_create_validates_deposit_fields" time="0.057" /><testcase classname="tests.test_strict_payments_iter185" name="test_currency_default_is_cad" time="0.001" /><testcase classname="tests.test_iter175_polishing.TestRecentlySoldTicker" name="test_endpoint_returns_expected_shape" time="0.366" /><testcase classname="tests.test_iter175_polishing.TestRecentlySoldTicker" name="test_visibility_threshold_logic" time="0.156" /><testcase classname="tests.test_iter175_polishing.TestEmailPreferences" name="test_verify_missing_token" time="0.155" /><testcase classname="tests.test_iter175_polishing.TestEmailPreferences" name="test_verify_invalid_token" time="0.132" /><testcase classname="tests.test_iter175_polishing.TestEmailPreferences" name="test_generate_token_requires_auth" time="0.148" /><testcase classname="tests.test_iter175_polishing.TestEmailPreferences" name="test_generate_token_invalid_email" time="0.699" /><testcase classname="tests.test_iter175_polishing.TestEmailPreferences" name="test_full_flow_generate_verify_update" time="1.035" /><testcase classname="tests.test_iter175_polishing.TestAdminAnalyticsRevenue" name="test_revenue_requires_auth" time="0.126" /><testcase classname="tests.test_iter175_polishing.TestAdminAnalyticsRevenue" name="test_revenue_custom_range" time="0.204" /><testcase classname="tests.test_iter175_polishing.TestAdminAnalyticsRevenue" name="test_revenue_bad_date_format" time="0.193" /><testcase classname="tests.test_iter175_polishing.TestAdminAnalyticsRevenue" name="test_revenue_end_before_start" time="0.180" /><testcase classname="tests.test_iter175_polishing.TestDepositAutoCapture" name="test_module_imports_and_signature" time="0.000" /><testcase classname="tests.test_iter175_polishing.TestDepositAutoCapture" name="test_run_with_none_db_returns_dict" time="0.001" /><testcase classname="tests.test_iter175_polishing.TestDepositAutoCapture" name="test_email_helper_exists" time="0.000" /><testcase classname="tests.test_iter175_polishing.TestDepositAutoCapture" name="test_scheduler_registered_12_jobs" time="0.004" /></testsuite></testsuites>