<?xml version="1.0" encoding="utf-8"?><testsuites name="pytest tests"><testsuite name="pytest" errors="0" failures="0" skipped="0" tests="35" time="7.775" timestamp="2026-05-28T14:14:57.068885+00:00" hostname="agent-env-c75ae3b4-0836-48ac-857c-c6a46c32e016"><testcase classname="tests.test_iter233_price_multiplied_by_quantity" name="test_listing_create_default_false" time="0.057" /><testcase classname="tests.test_iter233_price_multiplied_by_quantity" name="test_listing_create_accepts_true" time="0.000" /><testcase classname="tests.test_iter233_price_multiplied_by_quantity" name="test_listing_doc_default_false" time="0.000" /><testcase classname="tests.test_iter233_price_multiplied_by_quantity" name="test_lot_default_false" time="0.000" /><testcase classname="tests.test_iter233_price_multiplied_by_quantity" name="test_lot_accepts_true" time="0.000" /><testcase classname="tests.test_iter233_price_multiplied_by_quantity" name="test_multi_item_listing_default_false" time="0.000" /><testcase classname="tests.test_iter233_price_multiplied_by_quantity" name="test_missing_field_on_legacy_doc_treated_as_false" time="0.000" /><testcase classname="tests.test_feature_patch_v9" name="test_quantity_default_one_no_multiplier_keeps_v7_math" time="0.000" /><testcase classname="tests.test_feature_patch_v9" name="test_quantity_with_multiplier_scales_base_amount_and_fees" time="0.000" /><testcase classname="tests.test_feature_patch_v9" name="test_quantity_without_multiplier_does_not_scale_fees" time="0.000" /><testcase classname="tests.test_feature_patch_v9" name="test_quantity_one_multiplier_true_is_idempotent" time="0.000" /><testcase classname="tests.test_feature_patch_v9" name="test_hammer_never_in_stripe_with_quantity" time="0.000" /><testcase classname="tests.test_feature_patch_v9" name="test_invalid_quantity_clamps_to_one" time="0.000" /><testcase classname="tests.test_feature_patch_v9" name="test_end_time_router_imports" time="1.063" /><testcase classname="tests.test_feature_patch_v9" name="test_ai_review_router_imports" time="0.013" /><testcase classname="tests.test_feature_patch_v9" name="test_listing_create_model_accepts_quantity_fields" time="0.000" /><testcase classname="tests.test_feature_patch_v9" name="test_listing_create_model_quantity_defaults_to_one" time="0.000" /><testcase classname="tests.test_feature_patch_v9" name="test_lot_model_supports_multiply_flag" time="0.000" /><testcase classname="tests.test_iter220_marketplace_admin" name="test_marketplace_items_returns_items_immediately_no_cache_warming" time="0.346" /><testcase classname="tests.test_iter220_marketplace_admin" name="test_marketplace_items_response_shape_stable" time="0.144" /><testcase classname="tests.test_iter220_marketplace_admin" name="test_admin_edit_listing_accepts_images_array" time="2.036" /><testcase classname="tests.test_iter220_marketplace_admin" name="test_admin_edit_listing_caps_image_array_at_30" time="1.217" /><testcase classname="tests.test_iter220_marketplace_admin" name="test_admin_edit_listing_rejects_non_list_images" time="0.312" /><testcase classname="tests.test_iter220_marketplace_admin" name="test_marketplace_items_excludes_expired_auctions" time="0.113" /><testcase classname="tests.test_iter231_google_merchant_feed" name="test_google_feed_returns_200_and_xml_content_type" time="0.415" /><testcase classname="tests.test_iter231_google_merchant_feed" name="test_google_feed_is_well_formed_rss_2_with_g_namespace" time="0.117" /><testcase classname="tests.test_iter231_google_merchant_feed" name="test_every_item_has_required_g_fields" time="0.399" /><testcase classname="tests.test_iter231_google_merchant_feed" name="test_g_price_uses_cad_and_not_buy_now" time="0.155" /><testcase classname="tests.test_iter231_google_merchant_feed" name="test_g_price_type_is_literal_auction" time="0.118" /><testcase classname="tests.test_iter231_google_merchant_feed" name="test_g_availability_is_in_stock_or_out_of_stock" time="0.390" /><testcase classname="tests.test_iter231_google_merchant_feed" name="test_g_identifier_exists_is_no_for_auctions" time="0.126" /><testcase classname="tests.test_iter231_google_merchant_feed" name="test_g_id_matches_listing_id_uuid_format" time="0.142" /><testcase classname="tests.test_iter231_google_merchant_feed" name="test_g_id_matches_meta_csv_id_for_same_listing" time="0.243" /><testcase classname="tests.test_iter231_google_merchant_feed" name="test_g_condition_is_in_google_whitelist" time="0.111" /><testcase classname="tests.test_iter231_google_merchant_feed" name="test_xmlns_g_is_declared_exactly_once_on_root" time="0.117" /></testsuite></testsuites>