<?xml version="1.0" encoding="utf-8"?><testsuites name="pytest tests"><testsuite name="pytest" errors="0" failures="0" skipped="0" tests="21" time="5.141" timestamp="2026-04-24T16:26:32.999054+00:00" hostname="agent-env-c75ae3b4-0836-48ac-857c-c6a46c32e016"><testcase classname="backend.tests.test_admin_audit_iter154.TestHealthAndOpenapi" name="test_health" time="0.206" /><testcase classname="backend.tests.test_admin_audit_iter154.TestHealthAndOpenapi" name="test_openapi_registers_new_routes" time="0.258" /><testcase classname="backend.tests.test_admin_audit_iter154.TestAuth" name="test_admin_login_returns_token" time="0.414" /><testcase classname="backend.tests.test_admin_audit_iter154.TestSiteMode" name="test_put_site_mode_live_accepts_charbel_admin" time="0.610" /><testcase classname="backend.tests.test_admin_audit_iter154.TestSiteMode" name="test_put_site_mode_invalid_mode_returns_400" time="0.092" /><testcase classname="backend.tests.test_admin_audit_iter154.TestSiteMode" name="test_site_mode_update_persists_new_fields" time="0.324" /><testcase classname="backend.tests.test_admin_audit_iter154.TestSiteMode" name="test_put_site_mode_no_auth_rejected" time="0.059" /><testcase classname="backend.tests.test_admin_audit_iter154.TestAdminVehicleDeposits" name="test_list_deposits_requires_auth" time="0.059" /><testcase classname="backend.tests.test_admin_audit_iter154.TestAdminVehicleDeposits" name="test_list_deposits_admin_ok" time="0.188" /><testcase classname="backend.tests.test_admin_audit_iter154.TestAdminVehicleDeposits" name="test_get_deposit_not_found" time="0.120" /><testcase classname="backend.tests.test_admin_audit_iter154.TestAdminVehicleDeposits" name="test_release_deposit_not_found" time="0.126" /><testcase classname="backend.tests.test_admin_audit_iter154.TestAdminVehicleDeposits" name="test_capture_deposit_not_found" time="0.124" /><testcase classname="backend.tests.test_admin_audit_iter154.TestAdminVehicleDeposits" name="test_release_deposit_requires_auth" time="0.064" /><testcase classname="backend.tests.test_admin_audit_iter154.TestAdminUserStatus" name="test_invalid_status_returns_400" time="0.111" /><testcase classname="backend.tests.test_admin_audit_iter154.TestAdminUserStatus" name="test_update_user_status_happy_path" time="0.487" /><testcase classname="backend.tests.test_admin_audit_iter154.TestAdminUserStatus" name="test_update_nonexistent_user_returns_404" time="0.154" /><testcase classname="backend.tests.test_admin_audit_iter154.TestTrustSafety" name="test_trust_safety_scores_accessible_to_charbel" time="1.097" /><testcase classname="backend.tests.test_admin_audit_iter154.TestEscrowAdmin" name="test_escrow_transactions_list" time="0.125" /><testcase classname="backend.tests.test_admin_audit_iter154.TestEscrowAdmin" name="test_escrow_penalties_list" time="0.121" /><testcase classname="backend.tests.test_admin_audit_iter154.TestEscrowAdmin" name="test_escrow_disputes_list" time="0.129" /><testcase classname="backend.tests.test_admin_audit_iter154.TestEscrowAdmin" name="test_charge_penalty_admin_not_403" time="0.162" /></testsuite></testsuites>