<?xml version="1.0" encoding="utf-8"?><testsuites name="pytest tests"><testsuite name="pytest" errors="0" failures="1" skipped="0" tests="15" time="6.382" timestamp="2026-05-06T20:30:42.072182+00:00" hostname="agent-env-c75ae3b4-0836-48ac-857c-c6a46c32e016"><testcase classname="backend.tests.test_strict_payments_iter185_api.TestAdminCharges" name="test_payment_charges_requires_auth" time="0.182" /><testcase classname="backend.tests.test_strict_payments_iter185_api.TestAdminCharges" name="test_payment_charges_forbids_non_admin" time="0.698" /><testcase classname="backend.tests.test_strict_payments_iter185_api.TestAdminCharges" name="test_payment_charges_admin_ok" time="0.990" /><testcase classname="backend.tests.test_strict_payments_iter185_api.TestAdminCharges" name="test_payment_events_admin_ok" time="0.821" /><testcase classname="backend.tests.test_strict_payments_iter185_api.TestAdminCharges" name="test_refund_queue_admin_ok" time="0.252" /><testcase classname="backend.tests.test_strict_payments_iter185_api.TestBidderDeposits" name="test_check_requires_auth" time="0.186" /><testcase classname="backend.tests.test_strict_payments_iter185_api.TestBidderDeposits" name="test_check_unknown_auction_404_or_ok_with_required_false" time="0.302" /><testcase classname="backend.tests.test_strict_payments_iter185_api.TestBidderDeposits" name="test_charge_rejects_listing_without_deposit" time="0.275"><failure message="assert 500 == 200&#10; +  where 500 = &lt;Response [500]&gt;.status_code">E   assert 500 == 200
     +  where 500 = &lt;Response [500]&gt;.status_code</failure></testcase><testcase classname="backend.tests.test_strict_payments_iter185_api.TestListingDepositValidation" name="test_requires_deposit_true_without_amount_rejected" time="0.675" /><testcase classname="backend.tests.test_strict_payments_iter185_api.TestListingDepositValidation" name="test_invalid_deposit_type_rejected" time="0.426" /><testcase classname="backend.tests.test_iter186_api" name="test_health" time="0.162" /><testcase classname="backend.tests.test_iter186_api" name="test_storage_auctions_list_doesnt_500" time="0.181" /><testcase classname="backend.tests.test_iter186_api" name="test_admin_payment_events_filter" time="0.745" /><testcase classname="backend.tests.test_iter186_api" name="test_admin_payment_charges_overview" time="0.302" /><testcase classname="backend.tests.test_iter186_api" name="test_storage_auction_model_currency_default" time="0.086" /></testsuite></testsuites>