<?xml version="1.0" encoding="utf-8"?><testsuites name="pytest tests"><testsuite name="pytest" errors="0" failures="0" skipped="0" tests="22" time="3.317" timestamp="2026-07-12T16:24:41.720980+00:00" hostname="agent-env-c75ae3b4-0836-48ac-857c-c6a46c32e016"><testcase classname="backend.tests.test_iter347_feeds_ivr.TestFeedImageValidation" name="test_s3_public_url_with_jpg_extension_passes" time="0.000" /><testcase classname="backend.tests.test_iter347_feeds_ivr.TestFeedImageValidation" name="test_cloudfront_url_no_extension_passes" time="0.000" /><testcase classname="backend.tests.test_iter347_feeds_ivr.TestFeedImageValidation" name="test_imgix_transform_url_passes" time="0.000" /><testcase classname="backend.tests.test_iter347_feeds_ivr.TestFeedImageValidation" name="test_webp_extension_rejected" time="0.000" /><testcase classname="backend.tests.test_iter347_feeds_ivr.TestFeedImageValidation" name="test_svg_extension_rejected" time="0.000" /><testcase classname="backend.tests.test_iter347_feeds_ivr.TestFeedImageValidation" name="test_heic_rejected" time="0.000" /><testcase classname="backend.tests.test_iter347_feeds_ivr.TestFeedImageValidation" name="test_presigned_s3_url_rejected" time="0.000" /><testcase classname="backend.tests.test_iter347_feeds_ivr.TestFeedImageValidation" name="test_gcs_presigned_url_rejected" time="0.000" /><testcase classname="backend.tests.test_iter347_feeds_ivr.TestFeedImageValidation" name="test_http_not_https_rejected" time="0.000" /><testcase classname="backend.tests.test_iter347_feeds_ivr.TestFeedImageValidation" name="test_facebook_click_redirect_rejected" time="0.000" /><testcase classname="backend.tests.test_iter347_feeds_ivr.TestFeedImageValidation" name="test_first_valid_image_picks_first_passing_url" time="0.000" /><testcase classname="backend.tests.test_iter347_feeds_ivr.TestFeedImageValidation" name="test_first_valid_image_falls_back_to_none_when_all_reject" time="0.000" /><testcase classname="backend.tests.test_iter347_feeds_ivr.TestFeedRefreshEndpoint" name="test_refresh_endpoint_requires_admin" time="0.270" /><testcase classname="backend.tests.test_iter347_feeds_ivr.TestFeedRefreshEndpoint" name="test_refresh_endpoint_returns_feed_urls_for_admin" time="0.613" /><testcase classname="backend.tests.test_iter347_feeds_ivr.TestSingleStepIVR" name="test_main_menu_get_returns_gather" time="0.180" /><testcase classname="backend.tests.test_iter347_feeds_ivr.TestSingleStepIVR" name="test_main_menu_post_persists_call_row" time="0.223" /><testcase classname="backend.tests.test_iter347_feeds_ivr.TestSingleStepIVR" name="test_handle_menu_press_1_dials_support" time="0.104" /><testcase classname="backend.tests.test_iter347_feeds_ivr.TestSingleStepIVR" name="test_handle_menu_valid_extension_dials_contractor" time="0.278" /><testcase classname="backend.tests.test_iter347_feeds_ivr.TestSingleStepIVR" name="test_handle_menu_unknown_extension_replays_menu" time="0.154" /><testcase classname="backend.tests.test_iter347_feeds_ivr.TestSingleStepIVR" name="test_handle_menu_no_input_replays_menu" time="0.109" /><testcase classname="backend.tests.test_iter347_feeds_ivr.TestSingleStepIVR" name="test_main_menu_third_attempt_routes_to_support" time="0.103" /><testcase classname="backend.tests.test_iter347_feeds_ivr.TestSingleStepIVR" name="test_main_menu_retry_has_bilingual_nudge" time="0.139" /></testsuite></testsuites>