<?xml version="1.0" encoding="utf-8"?><testsuites name="pytest tests"><testsuite name="pytest" errors="0" failures="2" skipped="0" tests="8" time="13.539" timestamp="2026-05-28T14:15:46.292895+00:00" hostname="agent-env-c75ae3b4-0836-48ac-857c-c6a46c32e016"><testcase classname="tests.test_iter234_live_http" name="test_chat_diagnostics_live" time="0.406" /><testcase classname="tests.test_iter234_live_http" name="test_post_chat_stream_returns_chunks" time="1.372"><failure message="assert None == 'no'&#10; +  where None = get('X-Accel-Buffering')&#10; +    where get = {'Date': 'Thu, 28 May 2026 14:15:48 GMT', 'Content-Type': 'text/plain; charset=utf-8', 'Transfer-Encoding': 'chunked', 'Connection': 'keep-alive', 'CF-Ray': 'a02ddf965a5ea679-ORD', 'CF-Cache-Status': 'DYNAMIC', 'Access-Control-Allow-Origin': '*', 'Cache-Control': 'no-store, no-cache, must-revalidate', 'Content-Encoding': 'gzip', 'Server': 'cloudflare', 'Vary': 'Accept-Encoding', 'Via': '1.1 google', 'Access-Control-Allow-Headers': '*', 'Access-Control-Allow-Methods': 'GET, POST, PUT, DELETE, OPTIONS, HEAD, PATCH', 'Access-Control-Max-Age': '300', 'content-security-policy': &quot;default-src 'self'; script-src 'self' 'unsafe-inline' 'unsafe-eval' https://assets.emergent.sh https://unpkg.com https://d2adkz2s9zrlge.cloudfront.net https://cdn.tailwindcss.com https://us-assets.i.posthog.com https://js.stripe.com https://connect.facebook.net https://www.googletagmanager.com https://www.google-analytics.com; style-src 'self' 'unsafe-inline' https://fonts.googleapis.com; font-src 'self' https://fonts.gstatic.com; img-src 'self' data: blob: https: http:; connect-src 'self' https: wss:; frame-src 'self' https://js.stripe.com https://www.facebook.com; object-src 'none'; base-uri 'self'&quot;, 'cross-origin-opener-policy': 'same-origin', 'permissions-policy': 'camera=(), microphone=(), geolocation=()', 'referrer-policy': 'strict-origin-when-cross-origin', 'x-content-type-options': 'nosniff', 'x-frame-options': 'DENY', 'x-genai-model': 'gemini-2.5-flash', 'x-response-time': '1218ms', 'x-xss-protection': '1; mode=block', 'set-cookie': '__cf_bm=o25X3Wg.6xTDpC6qfbETA01XLsJ8Re3Y68NgWuLd3fk-1779977746.936305-1.0.1.1-NX5gZuimNL6OSVjPwYxq_Kmy5MlmcNmzn9JUj95IbSRAZ63y6AC6vMU2iIH0fKIFumDFJ_nGb_A038UAAelKX0Bf9UjKHn6zqfG6h6SW5z5NZjCRZ4udA49sFmJrkhL7; HttpOnly; SameSite=None; Secure; Path=/; Domain=preview.emergentagent.com; Expires=Thu, 28 May 2026 14:45:48 GMT', 'X-Robots-Tag': 'noindex, nofollow'}.get&#10; +      where {'Date': 'Thu, 28 May 2026 14:15:48 GMT', 'Content-Type': 'text/plain; charset=utf-8', 'Transfer-Encoding': 'chunked', 'Connection': 'keep-alive', 'CF-Ray': 'a02ddf965a5ea679-ORD', 'CF-Cache-Status': 'DYNAMIC', 'Access-Control-Allow-Origin': '*', 'Cache-Control': 'no-store, no-cache, must-revalidate', 'Content-Encoding': 'gzip', 'Server': 'cloudflare', 'Vary': 'Accept-Encoding', 'Via': '1.1 google', 'Access-Control-Allow-Headers': '*', 'Access-Control-Allow-Methods': 'GET, POST, PUT, DELETE, OPTIONS, HEAD, PATCH', 'Access-Control-Max-Age': '300', 'content-security-policy': &quot;default-src 'self'; script-src 'self' 'unsafe-inline' 'unsafe-eval' https://assets.emergent.sh https://unpkg.com https://d2adkz2s9zrlge.cloudfront.net https://cdn.tailwindcss.com https://us-assets.i.posthog.com https://js.stripe.com https://connect.facebook.net https://www.googletagmanager.com https://www.google-analytics.com; style-src 'self' 'unsafe-inline' https://fonts.googleapis.com; font-src 'self' https://fonts.gstatic.com; img-src 'self' data: blob: https: http:; connect-src 'self' https: wss:; frame-src 'self' https://js.stripe.com https://www.facebook.com; object-src 'none'; base-uri 'self'&quot;, 'cross-origin-opener-policy': 'same-origin', 'permissions-policy': 'camera=(), microphone=(), geolocation=()', 'referrer-policy': 'strict-origin-when-cross-origin', 'x-content-type-options': 'nosniff', 'x-frame-options': 'DENY', 'x-genai-model': 'gemini-2.5-flash', 'x-response-time': '1218ms', 'x-xss-protection': '1; mode=block', 'set-cookie': '__cf_bm=o25X3Wg.6xTDpC6qfbETA01XLsJ8Re3Y68NgWuLd3fk-1779977746.936305-1.0.1.1-NX5gZuimNL6OSVjPwYxq_Kmy5MlmcNmzn9JUj95IbSRAZ63y6AC6vMU2iIH0fKIFumDFJ_nGb_A038UAAelKX0Bf9UjKHn6zqfG6h6SW5z5NZjCRZ4udA49sFmJrkhL7; HttpOnly; SameSite=None; Secure; Path=/; Domain=preview.emergentagent.com; Expires=Thu, 28 May 2026 14:45:48 GMT', 'X-Robots-Tag': 'noindex, nofollow'} = &lt;Response [200]&gt;.headers">tests/test_iter234_live_http.py:42: in test_post_chat_stream_returns_chunks
    assert r.headers.get("X-Accel-Buffering") == "no"
E   assert None == 'no'
E    +  where None = get('X-Accel-Buffering')
E    +    where get = {'Date': 'Thu, 28 May 2026 14:15:48 GMT', 'Content-Type': 'text/plain; charset=utf-8', 'Transfer-Encoding': 'chunked', 'Connection': 'keep-alive', 'CF-Ray': 'a02ddf965a5ea679-ORD', 'CF-Cache-Status': 'DYNAMIC', 'Access-Control-Allow-Origin': '*', 'Cache-Control': 'no-store, no-cache, must-revalidate', 'Content-Encoding': 'gzip', 'Server': 'cloudflare', 'Vary': 'Accept-Encoding', 'Via': '1.1 google', 'Access-Control-Allow-Headers': '*', 'Access-Control-Allow-Methods': 'GET, POST, PUT, DELETE, OPTIONS, HEAD, PATCH', 'Access-Control-Max-Age': '300', 'content-security-policy': "default-src 'self'; script-src 'self' 'unsafe-inline' 'unsafe-eval' https://assets.emergent.sh https://unpkg.com https://d2adkz2s9zrlge.cloudfront.net https://cdn.tailwindcss.com https://us-assets.i.posthog.com https://js.stripe.com https://connect.facebook.net https://www.googletagmanager.com https://www.google-analytics.com; style-src 'self' 'unsafe-inline' https://fonts.googleapis.com; font-src 'self' https://fonts.gstatic.com; img-src 'self' data: blob: https: http:; connect-src 'self' https: wss:; frame-src 'self' https://js.stripe.com https://www.facebook.com; object-src 'none'; base-uri 'self'", 'cross-origin-opener-policy': 'same-origin', 'permissions-policy': 'camera=(), microphone=(), geolocation=()', 'referrer-policy': 'strict-origin-when-cross-origin', 'x-content-type-options': 'nosniff', 'x-frame-options': 'DENY', 'x-genai-model': 'gemini-2.5-flash', 'x-response-time': '1218ms', 'x-xss-protection': '1; mode=block', 'set-cookie': '__cf_bm=o25X3Wg.6xTDpC6qfbETA01XLsJ8Re3Y68NgWuLd3fk-1779977746.936305-1.0.1.1-NX5gZuimNL6OSVjPwYxq_Kmy5MlmcNmzn9JUj95IbSRAZ63y6AC6vMU2iIH0fKIFumDFJ_nGb_A038UAAelKX0Bf9UjKHn6zqfG6h6SW5z5NZjCRZ4udA49sFmJrkhL7; HttpOnly; SameSite=None; Secure; Path=/; Domain=preview.emergentagent.com; Expires=Thu, 28 May 2026 14:45:48 GMT', 'X-Robots-Tag': 'noindex, nofollow'}.get
E    +      where {'Date': 'Thu, 28 May 2026 14:15:48 GMT', 'Content-Type': 'text/plain; charset=utf-8', 'Transfer-Encoding': 'chunked', 'Connection': 'keep-alive', 'CF-Ray': 'a02ddf965a5ea679-ORD', 'CF-Cache-Status': 'DYNAMIC', 'Access-Control-Allow-Origin': '*', 'Cache-Control': 'no-store, no-cache, must-revalidate', 'Content-Encoding': 'gzip', 'Server': 'cloudflare', 'Vary': 'Accept-Encoding', 'Via': '1.1 google', 'Access-Control-Allow-Headers': '*', 'Access-Control-Allow-Methods': 'GET, POST, PUT, DELETE, OPTIONS, HEAD, PATCH', 'Access-Control-Max-Age': '300', 'content-security-policy': "default-src 'self'; script-src 'self' 'unsafe-inline' 'unsafe-eval' https://assets.emergent.sh https://unpkg.com https://d2adkz2s9zrlge.cloudfront.net https://cdn.tailwindcss.com https://us-assets.i.posthog.com https://js.stripe.com https://connect.facebook.net https://www.googletagmanager.com https://www.google-analytics.com; style-src 'self' 'unsafe-inline' https://fonts.googleapis.com; font-src 'self' https://fonts.gstatic.com; img-src 'self' data: blob: https: http:; connect-src 'self' https: wss:; frame-src 'self' https://js.stripe.com https://www.facebook.com; object-src 'none'; base-uri 'self'", 'cross-origin-opener-policy': 'same-origin', 'permissions-policy': 'camera=(), microphone=(), geolocation=()', 'referrer-policy': 'strict-origin-when-cross-origin', 'x-content-type-options': 'nosniff', 'x-frame-options': 'DENY', 'x-genai-model': 'gemini-2.5-flash', 'x-response-time': '1218ms', 'x-xss-protection': '1; mode=block', 'set-cookie': '__cf_bm=o25X3Wg.6xTDpC6qfbETA01XLsJ8Re3Y68NgWuLd3fk-1779977746.936305-1.0.1.1-NX5gZuimNL6OSVjPwYxq_Kmy5MlmcNmzn9JUj95IbSRAZ63y6AC6vMU2iIH0fKIFumDFJ_nGb_A038UAAelKX0Bf9UjKHn6zqfG6h6SW5z5NZjCRZ4udA49sFmJrkhL7; HttpOnly; SameSite=None; Secure; Path=/; Domain=preview.emergentagent.com; Expires=Thu, 28 May 2026 14:45:48 GMT', 'X-Robots-Tag': 'noindex, nofollow'} = &lt;Response [200]&gt;.headers</failure></testcase><testcase classname="tests.test_iter234_live_http" name="test_get_chat_stream_returns_chunks" time="0.924" /><testcase classname="tests.test_iter234_live_http" name="test_post_chat_stream_with_extra_context" time="1.106" /><testcase classname="tests.test_iter234_live_http" name="test_post_chat_stream_empty_message_returns_422" time="0.106" /><testcase classname="tests.test_iter234_live_http" name="test_watchdog_run_now_delivers_email" time="2.839" /><testcase classname="tests.test_iter234_live_http" name="test_existing_ai_chat_message_still_works" time="3.786" /><testcase classname="tests.test_iter234_live_http" name="test_two_concurrent_streams_overlap" time="2.795"><failure message="AssertionError: streams did not overlap: a={'start': 1779977757.0334334, 'first': 1779977758.0209434, 'last': 1779977758.0209434} b={'start': 1779977757.0340598, 'first': 1779977759.827316, 'last': 1779977759.827316}&#10;assert False">tests/test_iter234_live_http.py:174: in test_two_concurrent_streams_overlap
    assert overlap, f"streams did not overlap: a={a} b={b}"
E   AssertionError: streams did not overlap: a={'start': 1779977757.0334334, 'first': 1779977758.0209434, 'last': 1779977758.0209434} b={'start': 1779977757.0340598, 'first': 1779977759.827316, 'last': 1779977759.827316}
E   assert False</failure></testcase></testsuite></testsuites>