<?xml version="1.0" encoding="utf-8"?><testsuites name="pytest tests"><testsuite name="pytest" errors="0" failures="0" skipped="0" tests="12" time="5.745" timestamp="2026-04-29T21:50:35.306718+00:00" hostname="agent-env-c75ae3b4-0836-48ac-857c-c6a46c32e016"><testcase classname="backend.tests.test_unsubscribe_flow.TestVerifyEndpoint" name="test_verify_missing_token" time="0.220" /><testcase classname="backend.tests.test_unsubscribe_flow.TestVerifyEndpoint" name="test_verify_garbage_token" time="0.057" /><testcase classname="backend.tests.test_unsubscribe_flow.TestVerifyEndpoint" name="test_verify_valid_token" time="0.088" /><testcase classname="backend.tests.test_unsubscribe_flow.TestConfirmEndpoint" name="test_confirm_garbage_token" time="0.056" /><testcase classname="backend.tests.test_unsubscribe_flow.TestConfirmEndpoint" name="test_confirm_valid_then_already_done" time="0.903" /><testcase classname="backend.tests.test_unsubscribe_flow.TestBuildUrls" name="test_structure" time="0.000" /><testcase classname="backend.tests.test_unsubscribe_flow.TestSuppressionGuard" name="test_marketing_suppressed_blocks_send" time="0.005" /><testcase classname="backend.tests.test_unsubscribe_flow.TestSuppressionGuard" name="test_transactional_bypasses_suppression" time="0.002" /><testcase classname="backend.tests.test_unsubscribe_flow.TestSuppressionGuard" name="test_marketing_injects_bilingual_urls" time="0.003" /><testcase classname="backend.tests.test_unsubscribe_flow.TestWebhookHandlers" name="test_unsubscribe_event_writes_suppression" time="1.043" /><testcase classname="backend.tests.test_unsubscribe_flow.TestWebhookHandlers" name="test_spamreport_is_in_unsubscribe_events" time="1.058" /><testcase classname="backend.tests.test_unsubscribe_flow.TestLifecycle" name="test_register_unsubscribe_resend_flow" time="0.943" /></testsuite></testsuites>