<?xml version="1.0" encoding="utf-8"?><testsuites name="pytest tests"><testsuite name="pytest" errors="0" failures="0" skipped="1" tests="15" time="7.817" timestamp="2026-07-21T17:20:04.378879+00:00" hostname="agent-env-c75ae3b4-0836-48ac-857c-c6a46c32e016"><testcase classname="backend.tests.test_iter367_live" name="test_admin_login_returns_token" time="0.601" /><testcase classname="backend.tests.test_iter367_live.TestBuyerDashboard" name="test_buyer_dashboard_returns_200" time="0.517" /><testcase classname="backend.tests.test_iter367_live.TestBuyerDashboard" name="test_buyer_won_auctions_count_positive" time="0.522" /><testcase classname="backend.tests.test_iter367_live.TestBuyerDashboard" name="test_buyer_bids_never_show_outbid_zero" time="0.501"><skipped type="pytest.skip" message="no bids in dashboard payload — skipping OUTBID $0.00 assertion">/app/backend/tests/test_iter367_live.py:114: no bids in dashboard payload — skipping OUTBID $0.00 assertion</skipped></testcase><testcase classname="backend.tests.test_iter367_live.TestSellerDashboard" name="test_seller_dashboard_returns_200" time="0.323" /><testcase classname="backend.tests.test_iter367_live.TestSellerDashboard" name="test_seller_stats_positive" time="0.321" /><testcase classname="backend.tests.test_iter367_live" name="test_admin_analytics_overview_gmv_positive" time="1.459" /><testcase classname="backend.tests.test_iter367_live.TestEscrow" name="test_escrow_seller_status_returns_200" time="0.330" /><testcase classname="backend.tests.test_iter367_live.TestEscrow" name="test_escrow_seller_status_has_active_holds" time="0.275" /><testcase classname="backend.tests.test_iter367_live.TestEscrow" name="test_escrow_buyer_status_returns_200" time="0.281" /><testcase classname="backend.tests.test_iter367_live.TestRecentActivity" name="test_recent_activity_returns_200" time="0.306" /><testcase classname="backend.tests.test_iter367_live.TestRecentActivity" name="test_recent_activity_shape" time="0.245" /><testcase classname="backend.tests.test_iter367_live.TestRecentActivity" name="test_recent_activity_respects_limit" time="0.200" /><testcase classname="backend.tests.test_iter367_live.TestUnsubscribeAdminGuard" name="test_admin_cannot_unsubscribe" time="0.460" /><testcase classname="backend.tests.test_iter367_live" name="test_all_endpoint_smoke" time="1.424" /></testsuite></testsuites>