<?xml version="1.0" encoding="utf-8"?><testsuites name="pytest tests"><testsuite name="pytest" errors="0" failures="0" skipped="0" tests="19" time="10.517" timestamp="2026-04-30T13:30:58.115308+00:00" hostname="agent-env-c75ae3b4-0836-48ac-857c-c6a46c32e016"><testcase classname="backend.tests.test_advanced_analytics_164.TestAuthGuards" name="test_no_auth_401_or_403" time="0.138" /><testcase classname="backend.tests.test_advanced_analytics_164.TestAuthGuards" name="test_non_admin_403" time="1.221" /><testcase classname="backend.tests.test_advanced_analytics_164.TestDaysValidation" name="test_days_zero_422" time="0.672" /><testcase classname="backend.tests.test_advanced_analytics_164.TestDaysValidation" name="test_days_negative_422" time="0.174" /><testcase classname="backend.tests.test_advanced_analytics_164.TestDaysValidation" name="test_days_too_large_422" time="0.158" /><testcase classname="backend.tests.test_advanced_analytics_164.TestDaysValidation" name="test_days_boundary_730_ok" time="0.659" /><testcase classname="backend.tests.test_advanced_analytics_164.TestResponseShape" name="test_admin_200_and_top_keys" time="0.659" /><testcase classname="backend.tests.test_advanced_analytics_164.TestResponseShape" name="test_top_sellers_shape" time="0.182" /><testcase classname="backend.tests.test_advanced_analytics_164.TestResponseShape" name="test_top_categories_shape" time="0.142" /><testcase classname="backend.tests.test_advanced_analytics_164.TestResponseShape" name="test_conversion_shape" time="0.208" /><testcase classname="backend.tests.test_advanced_analytics_164.TestSeededData" name="test_charbel_top_seller" time="0.154" /><testcase classname="backend.tests.test_advanced_analytics_164.TestSeededData" name="test_second_seller_320" time="0.149" /><testcase classname="backend.tests.test_advanced_analytics_164.TestSeededData" name="test_listing_to_sale_rate" time="0.155" /><testcase classname="backend.tests.test_advanced_analytics_164.TestSeededData" name="test_electronics_top_category" time="0.145" /><testcase classname="backend.tests.test_advanced_analytics_164.TestDaysHonored" name="test_period_days_reflects" time="1.487" /><testcase classname="backend.tests.test_advanced_analytics_164.TestDaysHonored" name="test_different_windows_produce_cache_keys" time="0.361" /><testcase classname="backend.tests.test_advanced_analytics_164.TestCacheBehavior" name="test_cache_hit_same_generated_at" time="1.815" /><testcase classname="backend.tests.test_advanced_analytics_164.TestCacheBehavior" name="test_different_days_different_cache" time="1.302" /><testcase classname="backend.tests.test_advanced_analytics_164.TestEmptyWindow" name="test_days_1_no_errors" time="0.620" /></testsuite></testsuites>