<?xml version="1.0" encoding="utf-8"?><testsuites name="pytest tests"><testsuite name="pytest" errors="0" failures="0" skipped="0" tests="28" time="8.109" timestamp="2026-06-29T20:29:03.330321+00:00" hostname="agent-env-c75ae3b4-0836-48ac-857c-c6a46c32e016"><testcase classname="backend.tests.test_iter322_integration_http.TestBugA_AdminPasswordReset" name="test_admin_issued_token_validates" time="2.312" /><testcase classname="backend.tests.test_iter322_integration_http.TestBugC_AdminVerify" name="test_admin_verified_key_toggles_user" time="1.009" /><testcase classname="backend.tests.test_iter322_integration_http.TestBugC_AdminVerify" name="test_legacy_verified_key_still_works" time="0.752" /><testcase classname="backend.tests.test_iter322_integration_http.TestInteractiveChat" name="test_admin_reply_appends_message" time="0.811" /><testcase classname="backend.tests.test_iter322_integration_http.TestInteractiveChat" name="test_admin_reply_validates_empty_message" time="0.097" /><testcase classname="backend.tests.test_iter322_integration_http.TestInteractiveChat" name="test_admin_reply_validates_too_long" time="0.093" /><testcase classname="backend.tests.test_iter322_integration_http.TestInteractiveChat" name="test_admin_reply_unknown_ticket_returns_404" time="0.141" /><testcase classname="backend.tests.test_iter322_integration_http.TestInteractiveChat" name="test_user_reply_appends_message" time="0.231" /><testcase classname="backend.tests.test_iter322_integration_http.TestInteractiveChat" name="test_user_reply_forbidden_for_non_owner" time="0.139" /><testcase classname="backend.tests.test_iter322_integration_http.TestSSEStreams" name="test_user_stream_requires_auth" time="0.048" /><testcase classname="backend.tests.test_iter322_integration_http.TestSSEStreams" name="test_user_stream_with_token_query_param_opens" time="0.233" /><testcase classname="backend.tests.test_iter322_integration_http.TestSSEStreams" name="test_admin_stream_with_token_opens" time="0.209" /><testcase classname="backend.tests.test_iter322_integration_http.TestRegression" name="test_post_escalate_still_works" time="0.412" /><testcase classname="backend.tests.test_iter322_integration_http.TestRegression" name="test_admin_list_escalations" time="0.187" /><testcase classname="backend.tests.test_iter322_integration_http.TestRegression" name="test_admin_pending_count" time="0.141" /><testcase classname="backend.tests.test_iter322_fixes_and_chat.TestUserBroker" name="test_publish_to_user_only_delivers_to_that_user" time="0.202" /><testcase classname="backend.tests.test_iter322_fixes_and_chat.TestUserBroker" name="test_user_can_have_multiple_open_tabs" time="0.001" /><testcase classname="backend.tests.test_iter322_fixes_and_chat.TestUserBroker" name="test_unsubscribe_user_cleans_empty_lists" time="0.000" /><testcase classname="backend.tests.test_iter322_fixes_and_chat.TestBugAAdminResetExpiresAt" name="test_admin_reset_password_expires_in_one_hour" time="0.000" /><testcase classname="backend.tests.test_iter322_fixes_and_chat.TestBugAAdminResetExpiresAt" name="test_admin_reset_password_url_uses_env_var" time="0.000" /><testcase classname="backend.tests.test_iter322_fixes_and_chat.TestBugBPasswordResetURLEnvVar" name="test_password_reset_email_template_uses_frontend_url" time="0.000" /><testcase classname="backend.tests.test_iter322_fixes_and_chat.TestBugCAdminVerifyKeyMismatch" name="test_admin_verify_endpoint_accepts_admin_verified_key" time="0.000" /><testcase classname="backend.tests.test_iter322_fixes_and_chat.TestInteractiveChatEndpointsExist" name="test_admin_reply_endpoint_registered" time="0.000" /><testcase classname="backend.tests.test_iter322_fixes_and_chat.TestInteractiveChatEndpointsExist" name="test_user_reply_endpoint_registered" time="0.000" /><testcase classname="backend.tests.test_iter322_fixes_and_chat.TestInteractiveChatEndpointsExist" name="test_user_stream_endpoint_registered" time="0.000" /><testcase classname="backend.tests.test_iter322_fixes_and_chat.TestReplyRequestValidation" name="test_empty_message_is_rejected" time="0.000" /><testcase classname="backend.tests.test_iter322_fixes_and_chat.TestReplyRequestValidation" name="test_too_long_message_is_rejected" time="0.000" /><testcase classname="backend.tests.test_iter322_fixes_and_chat.TestReplyRequestValidation" name="test_valid_message_accepted" time="0.000" /></testsuite></testsuites>