<?xml version="1.0" encoding="utf-8"?><testsuites name="pytest tests"><testsuite name="pytest" errors="0" failures="0" skipped="0" tests="6" time="7.710" timestamp="2026-06-28T01:12:38.745267+00:00" hostname="agent-env-c75ae3b4-0836-48ac-857c-c6a46c32e016"><testcase classname="backend.tests.test_iter321_twilio_cleanup" name="test_env_file_has_verify_service_sid_only" time="0.001" /><testcase classname="backend.tests.test_iter321_twilio_cleanup" name="test_no_source_references_to_dead_env_var" time="0.020" /><testcase classname="backend.tests.test_iter321_twilio_cleanup" name="test_twilio_config_endpoint_healthy" time="6.507" /><testcase classname="backend.tests.test_iter321_twilio_cleanup" name="test_twilio_token_mint" time="0.168" /><testcase classname="backend.tests.test_iter321_twilio_cleanup" name="test_get_verify_service_sid_returns_when_set" time="0.967" /><testcase classname="backend.tests.test_iter321_twilio_cleanup" name="test_get_verify_service_sid_raises_when_missing" time="0.000" /></testsuite></testsuites>