<?xml version="1.0" encoding="utf-8"?><testsuites name="pytest tests"><testsuite name="pytest" errors="0" failures="0" skipped="0" tests="6" time="1.855" timestamp="2026-07-19T17:52:12.099552+00:00" hostname="agent-env-c75ae3b4-0836-48ac-857c-c6a46c32e016"><testcase classname="backend.tests.test_iter364_live" name="test_hero_phone_asset_200[en]" time="0.194" /><testcase classname="backend.tests.test_iter364_live" name="test_hero_phone_asset_200[fr]" time="0.169" /><testcase classname="backend.tests.test_iter364_live" name="test_placeholder_png_200" time="0.096" /><testcase classname="backend.tests.test_iter364_live" name="test_notification_summary_unauth_blocked" time="0.166" /><testcase classname="backend.tests.test_iter364_live" name="test_notification_summary_auth_ok" time="1.074" /><testcase classname="backend.tests.test_iter364_live" name="test_notification_summary_bad_token_blocked" time="0.103" /></testsuite></testsuites>