<?xml version="1.0" encoding="utf-8"?><testsuites name="pytest tests"><testsuite name="pytest" errors="0" failures="0" skipped="1" tests="25" time="14.743" timestamp="2026-05-07T18:55:52.690195+00:00" hostname="agent-env-c75ae3b4-0836-48ac-857c-c6a46c32e016"><testcase classname="tests.test_messaging_gate_iter196" name="test_admin_always_allowed" time="0.952" /><testcase classname="tests.test_messaging_gate_iter196" name="test_no_listing_id_blocks" time="0.560" /><testcase classname="tests.test_messaging_gate_iter196" name="test_listing_not_found" time="0.565" /><testcase classname="tests.test_messaging_gate_iter196" name="test_marketplace_active_blocks" time="0.738" /><testcase classname="tests.test_messaging_gate_iter196" name="test_marketplace_ended_winner_seller_pair_allowed" time="0.926" /><testcase classname="tests.test_messaging_gate_iter196" name="test_vehicle_unlock_unpaid_blocks_winner" time="0.804" /><testcase classname="tests.test_messaging_gate_iter196" name="test_vehicle_unlock_paid_winner_to_seller_allowed" time="1.094" /><testcase classname="tests.test_messaging_gate_iter196" name="test_existing_conversation_allows_replies" time="0.511" /><testcase classname="tests.test_messaging_gate_iter196_http" name="test_no_listing_id_returns_thread_requires_listing" time="0.826" /><testcase classname="tests.test_messaging_gate_iter196_http" name="test_unknown_listing_returns_listing_not_found" time="0.325" /><testcase classname="tests.test_messaging_gate_iter196_http" name="test_active_marketplace_returns_auction_not_ended" time="0.736" /><testcase classname="tests.test_messaging_gate_iter196_http" name="test_ended_marketplace_outsider_returns_not_party" time="0.366" /><testcase classname="tests.test_messaging_gate_iter196_http" name="test_vehicle_unpaid_returns_unlock_fee_unpaid" time="0.526" /><testcase classname="tests.test_messaging_gate_iter196_http" name="test_vehicle_paid_winner_to_seller_allowed" time="1.020" /><testcase classname="tests.test_iter197_admin_counters.TestAdminCounters" name="test_disputed_settlements_count_admin_ok" time="0.808" /><testcase classname="tests.test_iter197_admin_counters.TestAdminCounters" name="test_disputed_settlements_count_non_admin_forbidden" time="0.635" /><testcase classname="tests.test_iter197_admin_counters.TestAdminCounters" name="test_disputed_settlements_count_unauth" time="0.136" /><testcase classname="tests.test_iter197_admin_counters.TestAdminCounters" name="test_currency_appeals_pending_count_admin_ok" time="0.194" /><testcase classname="tests.test_iter197_admin_counters.TestAdminCounters" name="test_currency_appeals_pending_count_non_admin_forbidden" time="0.175" /><testcase classname="tests.test_iter197_admin_counters.TestAdminCounters" name="test_currency_appeals_pending_count_unauth" time="0.137" /><testcase classname="tests.test_iter197_admin_counters.TestDealerLicenseMe" name="test_buyer_dealer_license_me" time="0.195" /><testcase classname="tests.test_iter197_admin_counters.TestVehicleSellerUserId" name="test_vehicles_list_and_detail_have_seller_user_id" time="0.259"><skipped type="pytest.skip" message="no vehicles available to test">/app/backend/tests/test_iter197_admin_counters.py:119: no vehicles available to test</skipped></testcase><testcase classname="tests.test_iter198_pilot" name="test_vehicle_listing_create_model_accepts_utm_source" time="0.001" /><testcase classname="tests.test_iter198_pilot" name="test_admin_approval_auto_creates_vehicle_seller" time="0.868" /><testcase classname="tests.test_iter198_pilot" name="test_pilot_conversions_endpoint_counts_attributed_listings" time="1.170" /></testsuite></testsuites>