<?xml version="1.0" encoding="utf-8"?><testsuites name="pytest tests"><testsuite name="pytest" errors="0" failures="0" skipped="1" tests="7" time="2.271" timestamp="2026-05-06T20:30:30.533847+00:00" hostname="agent-env-c75ae3b4-0836-48ac-857c-c6a46c32e016"><testcase classname="backend.tests.test_iter187_api" name="test_promote_listing_endpoint_mounted" time="0.797" /><testcase classname="backend.tests.test_iter187_api" name="test_promote_legacy_endpoint_mounted" time="0.235" /><testcase classname="backend.tests.test_iter187_api" name="test_storage_auction_promote_mounted" time="0.254" /><testcase classname="backend.tests.test_iter187_api" name="test_multi_item_persists_deposit_fields" time="0.224"><skipped type="pytest.skip" message="buyer has no saved card (sticky card guard) — cannot validate via live API; pre-seeded listing 269a9f90 covers persistence.">/app/backend/tests/test_iter187_api.py:159: buyer has no saved card (sticky card guard) — cannot validate via live API; pre-seeded listing 269a9f90 covers persistence.</skipped></testcase><testcase classname="backend.tests.test_iter187_api" name="test_multi_item_validation_missing_deposit_amount" time="0.232" /><testcase classname="backend.tests.test_iter187_api" name="test_multi_item_validation_invalid_deposit_type" time="0.210" /><testcase classname="backend.tests.test_iter187_api" name="test_seeded_multi_item_has_deposit_fields" time="0.234" /></testsuite></testsuites>