<?xml version="1.0" encoding="utf-8"?><testsuites name="pytest tests"><testsuite name="pytest" errors="0" failures="0" skipped="2" tests="70" time="1.818" timestamp="2026-05-29T18:28:32.352044+00:00" hostname="agent-env-c75ae3b4-0836-48ac-857c-c6a46c32e016"><testcase classname="backend.tests.test_iter239_followup" name="test_unread_count_endpoint_anon_returns_401" time="0.067"><skipped type="pytest.skip" message="REACT_APP_BACKEND_URL not configured">/app/backend/tests/test_iter239_followup.py:29: REACT_APP_BACKEND_URL not configured</skipped></testcase><testcase classname="backend.tests.test_iter239_followup" name="test_genai_chat_resolve_user_id_anonymous" time="1.523" /><testcase classname="backend.tests.test_iter239_followup" name="test_genai_chat_resolve_user_id_malformed_token" time="0.000" /><testcase classname="backend.tests.test_iter239_followup" name="test_send_unified_email_routes_through_build_email_payload" time="0.003" /><testcase classname="backend.tests.test_iter239_followup" name="test_legacy_send_bid_placed_email_uses_unified_template" time="0.001" /><testcase classname="backend.tests.test_iter239_followup" name="test_legacy_send_outbid_email_uses_unified_template" time="0.001" /><testcase classname="backend.tests.test_iter239_followup" name="test_legacy_send_storage_bid_placed_returns_bool" time="0.001" /><testcase classname="backend.tests.test_iter239_followup" name="test_legacy_send_storage_outbid_returns_bool_false_when_no_email" time="0.000" /><testcase classname="backend.tests.test_iter239_followup" name="test_persist_chat_turn_skips_anonymous" time="0.000" /><testcase classname="backend.tests.test_iter239_followup" name="test_promoted_listings_endpoint_smoke" time="0.000"><skipped type="pytest.skip" message="REACT_APP_BACKEND_URL not configured">/app/backend/tests/test_iter239_followup.py:164: REACT_APP_BACKEND_URL not configured</skipped></testcase><testcase classname="backend.tests.test_iter238_missions" name="test_email_template_includes_corporate_footer" time="0.000" /><testcase classname="backend.tests.test_iter238_missions" name="test_build_email_payload_supports_all_types[welcome]" time="0.000" /><testcase classname="backend.tests.test_iter238_missions" name="test_build_email_payload_supports_all_types[bid_placed]" time="0.001" /><testcase classname="backend.tests.test_iter238_missions" name="test_build_email_payload_supports_all_types[outbid]" time="0.000" /><testcase classname="backend.tests.test_iter238_missions" name="test_build_email_payload_supports_all_types[auction_won]" time="0.000" /><testcase classname="backend.tests.test_iter238_missions" name="test_build_email_payload_supports_all_types[auction_ending_soon]" time="0.000" /><testcase classname="backend.tests.test_iter238_missions" name="test_build_email_payload_supports_all_types[voicemail]" time="0.000" /><testcase classname="backend.tests.test_iter238_missions" name="test_build_email_payload_supports_all_types[ai_suggestion]" time="0.000" /><testcase classname="backend.tests.test_iter238_missions" name="test_build_email_payload_supports_all_types[new_feature]" time="0.000" /><testcase classname="backend.tests.test_iter238_missions" name="test_build_email_payload_supports_all_types[password_reset]" time="0.000" /><testcase classname="backend.tests.test_iter238_missions" name="test_build_email_payload_supports_all_types[onboarding_reminder]" time="0.000" /><testcase classname="backend.tests.test_iter238_missions" name="test_build_email_payload_handles_french" time="0.000" /><testcase classname="backend.tests.test_iter238_missions" name="test_build_email_payload_rejects_unknown_type" time="0.000" /><testcase classname="backend.tests.test_iter238_missions" name="test_onboarding_password_validator_accepts_strong_password" time="0.003" /><testcase classname="backend.tests.test_iter238_missions" name="test_onboarding_password_validator_rejects_weak" time="0.000" /><testcase classname="backend.tests.test_iter238_missions" name="test_onboarding_body_schema_accepts_partial_fields" time="0.000" /><testcase classname="backend.tests.test_iter238_missions" name="test_promote_body_defaults_and_validates" time="0.004" /><testcase classname="backend.tests.test_iter238_missions" name="test_promotion_sections_constant_is_locked" time="0.000" /><testcase classname="backend.tests.test_iter238_missions" name="test_canadian_postal_validator" time="0.001" /><testcase classname="backend.tests.test_iter238_missions" name="test_persist_chat_turn_skips_anonymous" time="0.001" /><testcase classname="backend.tests.test_iter238_missions" name="test_send_ai_notification_skips_when_db_missing" time="0.000" /><testcase classname="backend.tests.test_iter237_geojson_migration_and_geowithin" name="test_city_coords_includes_all_required_canadian_cities" time="0.000" /><testcase classname="backend.tests.test_iter237_geojson_migration_and_geowithin" name="test_sherbrooke_locked_to_expected_coords" time="0.000" /><testcase classname="backend.tests.test_iter237_geojson_migration_and_geowithin" name="test_resolve_city_handles_case_and_whitespace" time="0.000" /><testcase classname="backend.tests.test_iter237_geojson_migration_and_geowithin" name="test_resolve_city_handles_french_accents" time="0.000" /><testcase classname="backend.tests.test_iter237_geojson_migration_and_geowithin" name="test_resolve_unknown_city_returns_none" time="0.000" /><testcase classname="backend.tests.test_iter237_geojson_migration_and_geowithin" name="test_build_geo_point_shapes_to_geojson" time="0.000" /><testcase classname="backend.tests.test_iter237_geojson_migration_and_geowithin" name="test_build_geo_point_returns_none_for_unknown_city" time="0.000" /><testcase classname="backend.tests.test_iter237_geojson_migration_and_geowithin" name="test_geo_search_uses_centersphere_with_correct_radius_radians" time="0.072" /><testcase classname="backend.tests.test_iter237_geojson_migration_and_geowithin" name="test_geo_search_combines_with_category_filter" time="0.001" /><testcase classname="backend.tests.test_iter236_geo_and_listing_context" name="test_section_5_proactive_assistance_present" time="0.000" /><testcase classname="backend.tests.test_iter236_geo_and_listing_context" name="test_section_5_keeps_anti_hallucination_lock" time="0.000" /><testcase classname="backend.tests.test_iter236_geo_and_listing_context" name="test_listing_context_shape" time="0.001" /><testcase classname="backend.tests.test_iter236_geo_and_listing_context" name="test_listing_context_handles_missing_listing" time="0.000" /><testcase classname="backend.tests.test_iter236_geo_and_listing_context" name="test_listing_context_no_listing_id_returns_none_pair" time="0.000" /><testcase classname="backend.tests.test_iter236_geo_and_listing_context" name="test_stream_chat_body_accepts_listing_id" time="0.000" /><testcase classname="backend.tests.test_iter236_geo_and_listing_context" name="test_geo_route_exports_expected_symbols" time="0.000" /><testcase classname="backend.tests.test_iter236_geo_and_listing_context" name="test_geo_route_set_db_is_idempotent" time="0.000" /><testcase classname="backend.tests.test_iter236_geo_and_listing_context" name="test_ensure_2dsphere_index_skips_when_db_none" time="0.000" /><testcase classname="backend.tests.test_iter236_geo_and_listing_context" name="test_ensure_2dsphere_index_creates_when_db_present" time="0.001" /><testcase classname="backend.tests.test_iter234_genai_direct_watchdog" name="test_system_instruction_matches_user_spec" time="0.000" /><testcase classname="backend.tests.test_iter234_genai_direct_watchdog" name="test_build_generation_config_locks_invariants" time="0.000" /><testcase classname="backend.tests.test_iter234_genai_direct_watchdog" name="test_build_generation_config_appends_extra_context" time="0.000" /><testcase classname="backend.tests.test_iter234_genai_direct_watchdog" name="test_build_generation_config_can_disable_search" time="0.000" /><testcase classname="backend.tests.test_iter234_genai_direct_watchdog" name="test_get_genai_client_requires_key" time="0.000" /><testcase classname="backend.tests.test_iter234_genai_direct_watchdog" name="test_stream_chat_chunks_emits_bytes_in_order" time="0.001" /><testcase classname="backend.tests.test_iter234_genai_direct_watchdog" name="test_stream_chat_chunks_empty_prompt_short_circuits" time="0.000" /><testcase classname="backend.tests.test_iter234_genai_direct_watchdog" name="test_stream_chat_chunks_surfaces_errors_gracefully" time="0.002" /><testcase classname="backend.tests.test_iter234_genai_direct_watchdog" name="test_fetch_activity_payload_concatenates_collections" time="0.000" /><testcase classname="backend.tests.test_iter234_genai_direct_watchdog" name="test_run_watchdog_analysis_uses_gemini_client" time="0.001" /><testcase classname="backend.tests.test_iter234_genai_direct_watchdog" name="test_watchdog_recipient_locked_to_charbel" time="0.000" /><testcase classname="backend.tests.test_iter234_genai_direct_watchdog" name="test_run_daily_watchdog_cycle_emits_email" time="0.002" /><testcase classname="backend.tests.test_iter234_genai_direct_watchdog" name="test_diagnostics_route_exposes_locked_invariants" time="0.000" /><testcase classname="backend.tests.test_iter233_price_multiplied_by_quantity" name="test_listing_create_default_false" time="0.000" /><testcase classname="backend.tests.test_iter233_price_multiplied_by_quantity" name="test_listing_create_accepts_true" time="0.000" /><testcase classname="backend.tests.test_iter233_price_multiplied_by_quantity" name="test_listing_doc_default_false" time="0.000" /><testcase classname="backend.tests.test_iter233_price_multiplied_by_quantity" name="test_lot_default_false" time="0.000" /><testcase classname="backend.tests.test_iter233_price_multiplied_by_quantity" name="test_lot_accepts_true" time="0.000" /><testcase classname="backend.tests.test_iter233_price_multiplied_by_quantity" name="test_multi_item_listing_default_false" time="0.000" /><testcase classname="backend.tests.test_iter233_price_multiplied_by_quantity" name="test_missing_field_on_legacy_doc_treated_as_false" time="0.000" /></testsuite></testsuites>