<?xml version="1.0" encoding="utf-8"?><testsuites name="pytest tests"><testsuite name="pytest" errors="0" failures="0" skipped="0" tests="7" time="1.714" timestamp="2026-05-04T12:13:51.458921+00:00" hostname="agent-env-c75ae3b4-0836-48ac-857c-c6a46c32e016"><testcase classname="backend.tests.test_iter179_batch.TestStorageAuctionCreateModel" name="test_default_soft_close_is_2" time="0.083" /><testcase classname="backend.tests.test_iter179_batch.TestStorageAuctionCreateModel" name="test_soft_close_validator_range" time="0.000" /><testcase classname="backend.tests.test_iter179_batch.TestSoftCloseFallbackSource" name="test_scheduled_jobs_fallback_2" time="0.000" /><testcase classname="backend.tests.test_iter179_batch.TestSoftCloseFallbackSource" name="test_service_fallback_2" time="0.000" /><testcase classname="backend.tests.test_iter179_batch.TestStorageBidEndpoint" name="test_bid_response_shape_and_db_consistency" time="1.470" /><testcase classname="backend.tests.test_iter179_batch.TestSchedulerJobs" name="test_activate_upcoming_registered" time="0.000" /><testcase classname="backend.tests.test_iter179_batch.TestSchedulerJobs" name="test_scheduler_log_has_jobs" time="0.079" /></testsuite></testsuites>