<?xml version="1.0" encoding="utf-8"?><testsuites name="pytest tests"><testsuite name="pytest" errors="0" failures="0" skipped="0" tests="7" time="1.117" timestamp="2026-08-10T22:05:57.655285+00:00" hostname="agent-env-c75ae3b4-0836-48ac-857c-c6a46c32e016"><testcase classname="backend.tests.test_iter459_buyer_payment_letter_dataset" name="test_buyer_a_dataset_contains_only_buyer_a_lots" time="0.903" /><testcase classname="backend.tests.test_iter459_buyer_payment_letter_dataset" name="test_buyer_a_dataset_never_contains_buyer_b_or_unsold" time="0.000" /><testcase classname="backend.tests.test_iter459_buyer_payment_letter_dataset" name="test_buyer_b_dataset_contains_only_buyer_b_lot" time="0.000" /><testcase classname="backend.tests.test_iter459_buyer_payment_letter_dataset" name="test_dataset_raises_400_when_no_lots_won" time="0.000" /><testcase classname="backend.tests.test_iter459_buyer_payment_letter_dataset" name="test_dataset_uses_fee_engine_outputs_verbatim" time="0.000" /><testcase classname="backend.tests.test_iter459_buyer_payment_letter_dataset" name="test_dataset_returns_none_paddle_when_missing" time="0.000" /><testcase classname="backend.tests.test_iter459_buyer_payment_letter_dataset" name="test_dataset_tax_lines_only_include_engine_positive_amounts" time="0.000" /></testsuite></testsuites>