<?xml version="1.0" encoding="utf-8"?><testsuites name="pytest tests"><testsuite name="pytest" errors="0" failures="0" skipped="0" tests="9" time="5.862" timestamp="2026-07-24T21:24:18.974532+00:00" hostname="agent-env-c75ae3b4-0836-48ac-857c-c6a46c32e016"><testcase classname="backend.tests.test_iter386_promotions_coupons_audit" name="test_active_banners_anonymous_returns_200" time="0.200" /><testcase classname="backend.tests.test_iter386_promotions_coupons_audit" name="test_active_banners_signed_in_returns_200" time="0.821" /><testcase classname="backend.tests.test_iter386_promotions_coupons_audit" name="test_coupon_list_includes_new_coupon" time="0.847" /><testcase classname="backend.tests.test_iter386_promotions_coupons_audit" name="test_coupon_validation_public_valid" time="0.972" /><testcase classname="backend.tests.test_iter386_promotions_coupons_audit" name="test_coupon_validation_public_invalid_code" time="0.165" /><testcase classname="backend.tests.test_iter386_promotions_coupons_audit" name="test_coupon_update_reflects_in_validation" time="1.004" /><testcase classname="backend.tests.test_iter386_promotions_coupons_audit" name="test_coupon_deactivate_makes_it_invalid" time="0.874" /><testcase classname="backend.tests.test_iter386_promotions_coupons_audit" name="test_coupon_create_rejects_duplicate_code" time="0.782" /><testcase classname="backend.tests.test_iter386_promotions_coupons_audit" name="test_coupon_create_rejects_percentage_over_100" time="0.146" /></testsuite></testsuites>