<?xml version="1.0" encoding="utf-8"?><testsuites name="pytest tests"><testsuite name="pytest" errors="0" failures="2" skipped="9" tests="56" time="30.474" timestamp="2026-06-28T01:12:52.230197+00:00" hostname="agent-env-c75ae3b4-0836-48ac-857c-c6a46c32e016"><testcase classname="backend.tests.test_iter316_dialer_and_commission" name="test_validate_e164_accepts_valid_numbers" time="0.000" /><testcase classname="backend.tests.test_iter316_dialer_and_commission" name="test_validate_e164_rejects_invalid_numbers" time="0.000" /><testcase classname="backend.tests.test_iter316_dialer_and_commission" name="test_verify_twilio_config_returns_required_keys" time="0.000" /><testcase classname="backend.tests.test_iter316_dialer_and_commission" name="test_voice_ai_validator_clamps_sentiment_score" time="0.000" /><testcase classname="backend.tests.test_iter316_dialer_and_commission" name="test_voice_ai_validator_defaults_invalid_label" time="0.000" /><testcase classname="backend.tests.test_iter316_dialer_and_commission" name="test_voice_ai_validator_trims_action_items_to_8" time="0.000" /><testcase classname="backend.tests.test_iter316_dialer_and_commission" name="test_voice_ai_validator_handles_missing_fields" time="0.000" /><testcase classname="backend.tests.test_iter316_dialer_and_commission" name="test_voice_ai_validator_rejects_non_dict" time="0.000" /><testcase classname="backend.tests.test_iter316_dialer_and_commission" name="test_derive_account_type_explicit_field_wins" time="0.000" /><testcase classname="backend.tests.test_iter316_dialer_and_commission" name="test_derive_account_type_defaults_vehicle_dealer_via_role_flag" time="0.000" /><testcase classname="backend.tests.test_iter316_dialer_and_commission" name="test_derive_account_type_falls_through_to_individual_seller" time="0.000" /><testcase classname="backend.tests.test_iter316_dialer_and_commission" name="test_commission_rate_lookup_default_when_unset" time="0.611" /><testcase classname="backend.tests.test_iter316_dialer_and_commission" name="test_commission_rate_per_account_type_overrides_default" time="0.783" /><testcase classname="backend.tests.test_iter316_dialer_and_commission" name="test_commission_rate_rejects_unknown_account_type" time="0.555" /><testcase classname="backend.tests.test_iter316_dialer_and_commission" name="test_accrual_creates_ledger_entry_with_captured_rate" time="1.015" /><testcase classname="backend.tests.test_iter316_dialer_and_commission" name="test_accrual_skipped_when_seller_not_stamped" time="0.601" /><testcase classname="backend.tests.test_iter316_dialer_and_commission" name="test_accrual_skipped_when_fee_is_zero" time="0.573" /><testcase classname="backend.tests.test_iter316_dialer_and_commission" name="test_accrual_is_idempotent_on_same_listing_and_txn" time="1.011" /><testcase classname="backend.tests.test_iter316_dialer_and_commission" name="test_rate_change_does_not_retroactively_alter_prior_entries" time="1.355" /><testcase classname="backend.tests.test_iter316_dialer_and_commission" name="test_monthly_payout_skips_contractors_with_no_stripe_connect" time="1.063" /><testcase classname="backend.tests.test_iter316_dialer_and_commission" name="test_monthly_payout_sums_accrued_and_marks_paid_on_success" time="2.355" /><testcase classname="backend.tests.test_iter316_dialer_and_commission" name="test_admin_remove_referral_attribution_stops_future_accruals" time="1.092" /><testcase classname="backend.tests.test_iter316_dialer_and_commission" name="test_contractor_earnings_summary_returns_zero_for_unknown_contractor" time="0.561" /><testcase classname="backend.tests.test_iter316_dialer_and_commission" name="test_contractor_referred_accounts_isolated_per_contractor" time="0.794" /><testcase classname="backend.tests.test_iter316_phase_b" name="test_voice_ai_failure_inserts_bilingual_notification" time="0.002" /><testcase classname="backend.tests.test_iter316_phase_b" name="test_voice_ai_success_does_not_notify_failure" time="0.001" /><testcase classname="backend.tests.test_iter316_phase_b" name="test_voice_ai_failure_handles_missing_agent_gracefully" time="0.001" /><testcase classname="backend.tests.test_iter316_phase_b" name="test_voice_ai_failed_template_registered" time="0.000" /><testcase classname="backend.tests.test_iter316_phase_b" name="test_admin_list_contractors_endpoint_exists" time="0.019" /><testcase classname="backend.tests.test_iter316_c_contractor_admin" name="test_admin_create_new_contractor_then_get_profile" time="2.685" /><testcase classname="backend.tests.test_iter316_c_contractor_admin" name="test_admin_create_existing_email_promotes_instead" time="0.209"><skipped type="pytest.skip" message="already-promoted from a previous test run">/app/backend/tests/test_iter316_c_contractor_admin.py:107: already-promoted from a previous test run</skipped></testcase><testcase classname="backend.tests.test_iter316_c_contractor_admin" name="test_admin_promote_then_demote_flow" time="2.672" /><testcase classname="backend.tests.test_iter316_c_contractor_admin" name="test_admin_calls_filter_by_agent_user_id" time="0.264" /><testcase classname="backend.tests.test_iter316_c_contractor_admin" name="test_admin_calls_filter_rejects_non_admin" time="0.383"><skipped type="pytest.skip" message="buyer login failed: 401">/app/backend/tests/test_iter316_c_contractor_admin.py:180: buyer login failed: 401</skipped></testcase><testcase classname="backend.tests.test_iter316_c_contractor_admin" name="test_non_admin_cannot_create_contractor" time="0.004"><skipped type="pytest.skip" message="buyer login failed: 401">/app/backend/tests/test_iter316_c_contractor_admin.py:191: buyer login failed: 401</skipped></testcase><testcase classname="backend.tests.test_iter316_c_contractor_admin" name="test_non_admin_cannot_view_contractor_profile" time="0.000"><skipped type="pytest.skip" message="buyer login failed: 401">/app/backend/tests/test_iter316_c_contractor_admin.py:198: buyer login failed: 401</skipped></testcase><testcase classname="backend.tests.test_iter316_c_contractor_admin" name="test_anonymous_blocked" time="0.104" /><testcase classname="backend.tests.test_iter316_d_leaderboard_banking_perms" name="test_leaderboard_returns_ranked_rows" time="0.739" /><testcase classname="backend.tests.test_iter316_d_leaderboard_banking_perms" name="test_leaderboard_supports_period_filters" time="2.117" /><testcase classname="backend.tests.test_iter316_d_leaderboard_banking_perms" name="test_leaderboard_blocks_non_admin" time="0.386"><skipped type="pytest.skip" message="buyer login failed: 401">/app/backend/tests/test_iter316_d_leaderboard_banking_perms.py:108: buyer login failed: 401</skipped></testcase><testcase classname="backend.tests.test_iter316_d_leaderboard_banking_perms" name="test_payout_readiness_admin_self_returns_not_a_contractor" time="0.318" /><testcase classname="backend.tests.test_iter316_d_leaderboard_banking_perms" name="test_payout_readiness_admin_override_other_id" time="1.401" /><testcase classname="backend.tests.test_iter316_d_leaderboard_banking_perms" name="test_payout_readiness_blocks_buyer_querying_other" time="0.000"><skipped type="pytest.skip" message="buyer login failed: 401">/app/backend/tests/test_iter316_d_leaderboard_banking_perms.py:141: buyer login failed: 401</skipped></testcase><testcase classname="backend.tests.test_iter316_d_leaderboard_banking_perms" name="test_admin_can_get_and_set_permissions" time="0.750" /><testcase classname="backend.tests.test_iter316_d_leaderboard_banking_perms" name="test_permissions_me_returns_own" time="0.221" /><testcase classname="backend.tests.test_iter316_d_leaderboard_banking_perms" name="test_non_admin_cannot_set_permissions" time="0.000"><skipped type="pytest.skip" message="buyer login failed: 401">/app/backend/tests/test_iter316_d_leaderboard_banking_perms.py:197: buyer login failed: 401</skipped></testcase><testcase classname="backend.tests.test_iter316_d_leaderboard_banking_perms" name="test_buyer_cannot_create_referred_client" time="0.004"><skipped type="pytest.skip" message="buyer login failed: 401">/app/backend/tests/test_iter316_d_leaderboard_banking_perms.py:208: buyer login failed: 401</skipped></testcase><testcase classname="backend.tests.test_iter316_d_leaderboard_banking_perms" name="test_admin_can_create_client_directly" time="0.609" /><testcase classname="backend.tests.test_iter316_d_leaderboard_banking_perms" name="test_duplicate_email_blocked" time="1.144" /><testcase classname="backend.tests.test_iter316_e_admin_safeguards" name="test_admin_create_contractor_blocks_when_email_is_admin" time="0.207" /><testcase classname="backend.tests.test_iter316_e_admin_safeguards" name="test_admin_promote_user_blocks_admin_target" time="0.473" /><testcase classname="backend.tests.test_iter316_e_admin_safeguards" name="test_restore_admin_role_409_when_already_admin" time="0.216" /><testcase classname="backend.tests.test_iter316_e_admin_safeguards" name="test_restore_admin_role_409_for_buyer_who_was_never_admin" time="0.380"><skipped type="pytest.skip" message="buyer login failed: 401">/app/backend/tests/test_iter316_e_admin_safeguards.py:105: buyer login failed: 401</skipped></testcase><testcase classname="backend.tests.test_iter316_e_admin_safeguards" name="test_restore_admin_role_requires_authentication" time="0.109" /><testcase classname="backend.tests.test_iter316_e_admin_safeguards" name="test_restore_admin_role_round_trip_via_direct_db_setup" time="0.938"><failure message="AssertionError: {&quot;error&quot;:&quot;rate_limit_exceeded&quot;,&quot;message_en&quot;:&quot;Too many requests. Please wait before trying again.&quot;,&quot;message_fr&quot;:&quot;Trop de requêtes. Veuillez patienter avant de réessayer.&quot;,&quot;retry_after_seconds&quot;:60}&#10;assert 429 == 200&#10; +  where 429 = &lt;Response [429 Too Many Requests]&gt;.status_code">backend/tests/test_iter316_e_admin_safeguards.py:194: in test_restore_admin_role_round_trip_via_direct_db_setup
    asyncio.run(_setup_and_test())
/usr/local/lib/python3.11/asyncio/runners.py:190: in run
    return runner.run(main)
           ^^^^^^^^^^^^^^^^
/usr/local/lib/python3.11/asyncio/runners.py:118: in run
    return self._loop.run_until_complete(task)
           ^^^^^^^^^^^^^^^^^^^^^^^^^^^^^^^^^^^
/usr/local/lib/python3.11/asyncio/base_events.py:654: in run_until_complete
    return future.result()
           ^^^^^^^^^^^^^^^
backend/tests/test_iter316_e_admin_safeguards.py:156: in _setup_and_test
    assert login.status_code == 200, login.text
E   AssertionError: {"error":"rate_limit_exceeded","message_en":"Too many requests. Please wait before trying again.","message_fr":"Trop de requêtes. Veuillez patienter avant de réessayer.","retry_after_seconds":60}
E   assert 429 == 200
E    +  where 429 = &lt;Response [429 Too Many Requests]&gt;.status_code</failure></testcase><testcase classname="backend.tests.test_iter316_e_admin_safeguards" name="test_restore_admin_role_eligibility_check_when_prev_role_not_admin" time="0.897"><failure message="AssertionError: {&quot;error&quot;:&quot;rate_limit_exceeded&quot;,&quot;message_en&quot;:&quot;Too many requests. Please wait before trying again.&quot;,&quot;message_fr&quot;:&quot;Trop de requêtes. Veuillez patienter avant de réessayer.&quot;,&quot;retry_after_seconds&quot;:60}&#10;assert 429 == 200&#10; +  where 429 = &lt;Response [429 Too Many Requests]&gt;.status_code">backend/tests/test_iter316_e_admin_safeguards.py:249: in test_restore_admin_role_eligibility_check_when_prev_role_not_admin
    asyncio.run(_setup_and_test())
/usr/local/lib/python3.11/asyncio/runners.py:190: in run
    return runner.run(main)
           ^^^^^^^^^^^^^^^^
/usr/local/lib/python3.11/asyncio/runners.py:118: in run
    return self._loop.run_until_complete(task)
           ^^^^^^^^^^^^^^^^^^^^^^^^^^^^^^^^^^^
/usr/local/lib/python3.11/asyncio/base_events.py:654: in run_until_complete
    return future.result()
           ^^^^^^^^^^^^^^^
backend/tests/test_iter316_e_admin_safeguards.py:231: in _setup_and_test
    assert login.status_code == 200, login.text
E   AssertionError: {"error":"rate_limit_exceeded","message_en":"Too many requests. Please wait before trying again.","message_fr":"Trop de requêtes. Veuillez patienter avant de réessayer.","retry_after_seconds":60}
E   assert 429 == 200
E    +  where 429 = &lt;Response [429 Too Many Requests]&gt;.status_code</failure></testcase></testsuite></testsuites>