<?xml version="1.0" encoding="utf-8"?><testsuites name="pytest tests"><testsuite name="pytest" errors="0" failures="0" skipped="0" tests="10" time="4.933" timestamp="2026-06-22T04:00:05.647107+00:00" hostname="agent-env-c75ae3b4-0836-48ac-857c-c6a46c32e016"><testcase classname="backend.tests.test_iter310_followup" name="test_unsub_audit_collection_write_on_confirm" time="2.246" /><testcase classname="backend.tests.test_iter310_followup" name="test_admin_unsubscribe_audit_summary_endpoint" time="0.784" /><testcase classname="backend.tests.test_iter310_followup" name="test_admin_unsubscribe_audit_list_endpoint" time="0.205" /><testcase classname="backend.tests.test_iter310_followup" name="test_admin_unsubscribe_audit_requires_admin" time="0.104" /><testcase classname="backend.tests.test_iter310_followup" name="test_recently_sold_endpoint_shape" time="0.230" /><testcase classname="backend.tests.test_iter310_followup" name="test_recently_sold_caches_for_60s" time="0.195" /><testcase classname="backend.tests.test_iter310_followup" name="test_admin_record_offline_transaction" time="0.741" /><testcase classname="backend.tests.test_iter310_followup" name="test_admin_record_offline_transaction_404_for_unknown_listing" time="0.266" /><testcase classname="backend.tests.test_iter310_followup" name="test_deposit_auto_capture_source_applies_against_invoice" time="0.002" /><testcase classname="backend.tests.test_iter310_followup" name="test_testseller_marked_as_demo" time="0.065" /></testsuite></testsuites>