<?xml version="1.0" encoding="utf-8"?><testsuites name="pytest tests"><testsuite name="pytest" errors="0" failures="0" skipped="0" tests="9" time="10.626" timestamp="2026-06-30T18:30:08.280068+00:00" hostname="agent-env-c75ae3b4-0836-48ac-857c-c6a46c32e016"><testcase classname="backend.tests.test_iter331_blogs_and_aid.TestBlogsPublic" name="test_list_returns_at_least_6_seeded" time="2.449" /><testcase classname="backend.tests.test_iter331_blogs_and_aid.TestBlogsPublic" name="test_get_by_slug_existing" time="0.152" /><testcase classname="backend.tests.test_iter331_blogs_and_aid.TestBlogsPublic" name="test_get_by_slug_missing_returns_404" time="0.160" /><testcase classname="backend.tests.test_iter331_blogs_and_aid.TestBlogsAdminCRUD" name="test_full_round_trip" time="2.930" /><testcase classname="backend.tests.test_iter331_blogs_and_aid.TestBlogsAdminCRUD" name="test_non_admin_rejected" time="0.633" /><testcase classname="backend.tests.test_iter331_blogs_and_aid.TestCoverUpload" name="test_cover_upload" time="0.150" /><testcase classname="backend.tests.test_iter331_blogs_and_aid.TestContractorAidInfo" name="test_info_admin" time="0.154" /><testcase classname="backend.tests.test_iter331_blogs_and_aid.TestContractorAidInfo" name="test_info_non_contractor_rejected" time="0.169" /><testcase classname="backend.tests.test_iter331_blogs_and_aid.TestContractorAidChat" name="test_chat_max_rate_question" time="3.768" /></testsuite></testsuites>