<?xml version="1.0" encoding="utf-8"?><testsuites name="pytest tests"><testsuite name="pytest" errors="0" failures="1" skipped="1" tests="92" time="30.810" timestamp="2026-05-04T03:17:48.840348+00:00" hostname="agent-env-c75ae3b4-0836-48ac-857c-c6a46c32e016"><testcase classname="backend.tests.test_storage_iter170_api.TestPublicList" name="test_list_storage_auctions_works" time="0.225" /><testcase classname="backend.tests.test_storage_iter170_api.TestFacilityRegistration" name="test_register_creates_facility_and_returns_onboarding" time="4.732" /><testcase classname="backend.tests.test_storage_iter170_api.TestFacilityRegistration" name="test_register_second_call_returns_409" time="0.130" /><testcase classname="backend.tests.test_storage_iter170_api.TestAuctionCreation" name="test_invalid_payment_method_returns_422" time="5.294" /><testcase classname="backend.tests.test_storage_iter170_api.TestAuctionCreation" name="test_deposit_required_without_amount_returns_422" time="0.131" /><testcase classname="backend.tests.test_storage_iter170_api.TestAuctionCreation" name="test_stripe_no_deposit_succeeds" time="0.165" /><testcase classname="backend.tests.test_storage_iter170_api.TestAuctionCreation" name="test_cash_with_deposit_persists_correctly" time="0.288" /><testcase classname="backend.tests.test_storage_iter170_api.TestBidDepositGuard" name="test_bid_returns_402_when_no_deposit" time="0.688" /><testcase classname="backend.tests.test_storage_iter170_api.TestBidDepositGuard" name="test_bid_no_deposit_required_succeeds_or_400" time="0.569" /><testcase classname="backend.tests.test_storage_iter170_api.TestPricingPreview" name="test_pricing_stripe_shape" time="0.257" /><testcase classname="backend.tests.test_storage_iter170_api.TestPricingPreview" name="test_pricing_cash_shape" time="0.098" /><testcase classname="backend.tests.test_storage_iter170_api.TestDepositEndpoint" name="test_deposit_without_pm_returns_422" time="0.273" /><testcase classname="backend.tests.test_storage_iter170_api.TestDepositEndpoint" name="test_deposit_with_bogus_pm_returns_402_or_400" time="0.550" /><testcase classname="backend.tests.test_storage_iter170_api.TestAdminDepositRBAC" name="test_release_deposits_403_for_non_admin" time="0.259" /><testcase classname="backend.tests.test_storage_iter170_api.TestAdminDepositRBAC" name="test_forfeit_deposit_403_for_non_admin" time="0.098" /><testcase classname="backend.tests.test_storage_iter170_api.TestAdminDepositRBAC" name="test_forfeit_deposit_400_without_buyer_id_admin" time="0.127" /><testcase classname="backend.tests.test_storage_iter171_api.TestPublicStats" name="test_public_stats_no_auth" time="0.291" /><testcase classname="backend.tests.test_storage_iter171_api.TestAdminDeposits" name="test_no_token_returns_401_or_403" time="0.145" /><testcase classname="backend.tests.test_storage_iter171_api.TestAdminDeposits" name="test_buyer_token_returns_403" time="0.587" /><testcase classname="backend.tests.test_storage_iter171_api.TestAdminDeposits" name="test_admin_returns_200_with_shape" time="0.753" /><testcase classname="backend.tests.test_storage_iter171_api.TestAdminDeposits" name="test_filter_status_active" time="0.231" /><testcase classname="backend.tests.test_storage_iter171_api.TestAdminDeposits" name="test_filter_status_forfeited" time="0.232" /><testcase classname="backend.tests.test_storage_iter171_api.TestReleaseAndForfeit" name="test_release_403_for_buyer" time="0.175" /><testcase classname="backend.tests.test_storage_iter171_api.TestReleaseAndForfeit" name="test_release_404_for_unknown_auction" time="0.215" /><testcase classname="backend.tests.test_storage_iter171_api.TestReleaseAndForfeit" name="test_forfeit_403_for_buyer" time="0.170" /><testcase classname="backend.tests.test_storage_iter171_api.TestReleaseAndForfeit" name="test_forfeit_400_without_buyer_id" time="0.164" /><testcase classname="backend.tests.test_storage_iter171_api.TestReleaseAndForfeit" name="test_forfeit_404_when_no_held_deposit" time="0.226" /><testcase classname="backend.tests.test_storage_iter171_api.TestSchedulerRegistration" name="test_scheduled_jobs_module_has_function" time="0.050" /><testcase classname="backend.tests.test_storage_iter171_api.TestSchedulerRegistration" name="test_scheduler_log_has_10_jobs" time="0.092" /><testcase classname="backend.tests.test_storage_iter171_api.TestSchedulerRegistration" name="test_scheduler_has_storage_close_job_in_code" time="0.000" /><testcase classname="backend.tests.test_storage_iter171_api.TestStorageEmails" name="test_won_and_sold_email_signatures" time="0.010" /><testcase classname="backend.tests.test_storage_iter171_api.TestStorageEmails" name="test_won_email_branches_per_payment_method[stripe]" time="0.001" /><testcase classname="backend.tests.test_storage_iter171_api.TestStorageEmails" name="test_won_email_branches_per_payment_method[cash]" time="0.001" /><testcase classname="backend.tests.test_storage_iter171_api.TestStorageEmails" name="test_won_email_branches_per_payment_method[etransfer]" time="0.000" /><testcase classname="backend.tests.test_storage_iter171_api.TestStorageEmails" name="test_sold_email_callable" time="0.001" /><testcase classname="backend.tests.test_storage_iter171_api.TestRegression" name="test_public_storage_auctions_list" time="0.227" /><testcase classname="backend.tests.test_storage_iter171_api.TestRegression" name="test_bid_with_deposit_required_returns_402" time="0.455" /><testcase classname="backend.tests.test_storage_iter172_api.TestPromotionTiers" name="test_get_promotion_tiers_public" time="0.125" /><testcase classname="backend.tests.test_storage_iter172_api.TestAdminPromotion" name="test_grant_promotion_requires_admin" time="0.585" /><testcase classname="backend.tests.test_storage_iter172_api.TestAdminPromotion" name="test_grant_promotion_unknown_auction_returns_404" time="0.704" /><testcase classname="backend.tests.test_storage_iter172_api.TestAdminPromotion" name="test_grant_promotion_invalid_tier_returns_400" time="0.167" /><testcase classname="backend.tests.test_storage_iter172_api.TestAdminPromotion" name="test_revoke_promotion_requires_admin" time="0.161" /><testcase classname="backend.tests.test_storage_iter172_api.TestAdminPromotion" name="test_revoke_promotion_unknown_auction_returns_404" time="0.191" /><testcase classname="backend.tests.test_storage_iter172_api.TestAdminPromotion" name="test_grant_then_revoke_real_auction" time="0.613" /><testcase classname="backend.tests.test_storage_iter172_api.TestFacilityPromote" name="test_promote_requires_facility" time="0.193" /><testcase classname="backend.tests.test_storage_iter172_api.TestAdminFacilityControls" name="test_reject_facility_requires_admin" time="0.173" /><testcase classname="backend.tests.test_storage_iter172_api.TestAdminFacilityControls" name="test_reject_facility_unknown_returns_404" time="0.238" /><testcase classname="backend.tests.test_storage_iter172_api.TestAdminFacilityControls" name="test_suspend_unknown_facility_returns_404" time="0.205" /><testcase classname="backend.tests.test_storage_iter172_api.TestAdminFacilityControls" name="test_unsuspend_unknown_facility_returns_404" time="0.216" /><testcase classname="backend.tests.test_storage_iter172_api.TestAdminFacilityControls" name="test_delete_unknown_facility_returns_404" time="0.205" /><testcase classname="backend.tests.test_storage_iter172_api.TestAdminFacilityControls" name="test_delete_facility_requires_admin" time="0.167" /><testcase classname="backend.tests.test_storage_iter172_api.TestAdminAuctionControls" name="test_pause_unknown_returns_404" time="0.195" /><testcase classname="backend.tests.test_storage_iter172_api.TestAdminAuctionControls" name="test_resume_unknown_returns_404" time="0.197" /><testcase classname="backend.tests.test_storage_iter172_api.TestAdminAuctionControls" name="test_edit_unknown_returns_404" time="0.241" /><testcase classname="backend.tests.test_storage_iter172_api.TestAdminAuctionControls" name="test_edit_no_fields_returns_400" time="0.174" /><testcase classname="backend.tests.test_storage_iter172_api.TestAdminAuctionControls" name="test_delete_unknown_returns_404" time="0.206" /><testcase classname="backend.tests.test_storage_iter172_api.TestAdminAuctionControls" name="test_override_winner_missing_fields_400" time="0.156" /><testcase classname="backend.tests.test_storage_iter172_api.TestAdminAuctionControls" name="test_override_winner_unknown_auction_returns_404" time="0.211" /><testcase classname="backend.tests.test_storage_iter172_api.TestAdminAuctionControls" name="test_force_close_unknown_returns_404" time="0.196" /><testcase classname="backend.tests.test_storage_iter172_api.TestAdminAuctionControls" name="test_force_close_requires_admin" time="0.169" /><testcase classname="backend.tests.test_storage_iter172_api.TestAdminAuctionControls" name="test_pause_resume_real_active_auction" time="0.608" /><testcase classname="backend.tests.test_storage_iter172_api.TestAdminCreateAuction" name="test_admin_create_storage_auction_unknown_facility_404" time="0.215" /><testcase classname="backend.tests.test_storage_iter172_api.TestAdminCreateAuction" name="test_admin_create_storage_auction_requires_admin" time="0.153" /><testcase classname="backend.tests.test_storage_iter172_api.TestPickupCode" name="test_verify_pickup_requires_facility" time="0.192" /><testcase classname="backend.tests.test_storage_iter172_api.TestPickupCode" name="test_mark_picked_up_requires_facility" time="0.198" /><testcase classname="backend.tests.test_storage_iter172_api.TestPickupCode" name="test_regenerate_pickup_code_requires_admin" time="0.184" /><testcase classname="backend.tests.test_storage_iter172_api.TestPickupCode" name="test_regenerate_pickup_code_unknown_auction_returns_404" time="0.196" /><testcase classname="backend.tests.test_storage_iter172_api.TestPickupCode" name="test_regenerate_pickup_code_non_sold_returns_400" time="0.438" /><testcase classname="backend.tests.test_storage_iter172_api.TestMyStorageDeposits" name="test_my_deposits_requires_auth" time="0.186" /><testcase classname="backend.tests.test_storage_iter172_api.TestMyStorageDeposits" name="test_my_deposits_buyer_returns_shape" time="0.212" /><testcase classname="backend.tests.test_storage_iter172_api.TestSchedulerImports" name="test_process_expired_promotions_importable" time="0.000" /><testcase classname="backend.tests.test_storage_iter172_api.TestSchedulerImports" name="test_scheduler_log_shows_11_jobs" time="0.082"><failure message="AssertionError: Expected 11 jobs, last log: INFO:services.scheduler:Scheduler initialized with 13 jobs&#10;assert '11 jobs' in 'INFO:services.scheduler:Scheduler initialized with 13 jobs\n'">E   AssertionError: Expected 11 jobs, last log: INFO:services.scheduler:Scheduler initialized with 13 jobs
    assert '11 jobs' in 'INFO:services.scheduler:Scheduler initialized with 13 jobs\n'</failure></testcase><testcase classname="backend.tests.test_storage_iter172_api.TestSchedulerImports" name="test_process_expired_promotions_runs_against_db" time="0.069"><skipped type="pytest.skip" message="MONGO_URL/DB_NAME not set">/app/backend/tests/test_storage_iter172_api.py:427: MONGO_URL/DB_NAME not set</skipped></testcase><testcase classname="backend.tests.test_storage_iter173_api.TestPickupQr" name="test_pickup_qr_unauth_401" time="0.136" /><testcase classname="backend.tests.test_storage_iter173_api.TestPickupQr" name="test_pickup_qr_unknown_auction_404" time="0.681" /><testcase classname="backend.tests.test_storage_iter173_api.TestPickupQr" name="test_pickup_qr_returns_png_for_admin_on_sold" time="0.458" /><testcase classname="backend.tests.test_storage_iter173_api.TestPickupQr" name="test_pickup_qr_non_authorized_403" time="1.088" /><testcase classname="backend.tests.test_storage_iter173_api.TestPromotion" name="test_tiers_public" time="0.133" /><testcase classname="backend.tests.test_storage_iter173_api.TestPromotion" name="test_promote_unauth_401" time="0.129" /><testcase classname="backend.tests.test_storage_iter173_api.TestPromotion" name="test_promote_buyer_forbidden" time="0.224" /><testcase classname="backend.tests.test_storage_iter173_api.TestAdminStorageAuctions" name="test_admin_list" time="0.194" /><testcase classname="backend.tests.test_storage_iter173_api.TestAdminStorageAuctions" name="test_admin_list_buyer_forbidden" time="0.183" /><testcase classname="backend.tests.test_storage_iter173_api.TestAdminStorageAuctions" name="test_admin_create_requires_facility_id" time="0.157" /><testcase classname="backend.tests.test_storage_iter173_api.TestAdminStorageAuctions" name="test_admin_create_unknown_facility_404" time="0.253" /><testcase classname="backend.tests.test_storage_iter173_api.TestDepositConfirm" name="test_unauth_401" time="0.124" /><testcase classname="backend.tests.test_storage_iter173_api.TestDepositConfirm" name="test_unknown_deposit_404" time="0.201" /><testcase classname="backend.tests.test_storage_iter173_api.TestPydanticV2Validators" name="test_invalid_payment_method_raises" time="0.064" /><testcase classname="backend.tests.test_storage_iter173_api.TestPydanticV2Validators" name="test_deposit_required_zero_amount_raises" time="0.000" /><testcase classname="backend.tests.test_storage_iter173_api.TestPydanticV2Validators" name="test_deposit_required_none_amount_raises" time="0.000" /><testcase classname="backend.tests.test_storage_iter173_api.TestPydanticV2Validators" name="test_valid_payload" time="0.000" /><testcase classname="backend.tests.test_storage_iter173_api.TestPydanticV2Validators" name="test_no_v1_validator_decorator_used" time="0.001" /><testcase classname="backend.tests.test_storage_iter173_api.TestPublicStats" name="test_stats_shape" time="0.273" /></testsuite></testsuites>