<?xml version="1.0" encoding="utf-8"?><testsuites name="pytest tests"><testsuite name="pytest" errors="0" failures="0" skipped="0" tests="27" time="1.130" timestamp="2026-06-30T00:53:34.971493+00:00" hostname="agent-env-c75ae3b4-0836-48ac-857c-c6a46c32e016"><testcase classname="backend.tests.test_iter323_contractor_sprint.TestDirective1AccountTypes" name="test_contractor_creatable_set_is_exactly_five" time="0.000" /><testcase classname="backend.tests.test_iter323_contractor_sprint.TestDirective1AccountTypes" name="test_creatable_subset_excludes_liquidator_and_broker" time="0.000" /><testcase classname="backend.tests.test_iter323_contractor_sprint.TestDirective1AccountTypes" name="test_full_account_types_still_carries_liquidator_and_broker" time="0.000" /><testcase classname="backend.tests.test_iter323_contractor_sprint.TestDirective2EmailRouting" name="test_from_address_restored_to_partners_bidvex_ca" time="0.000" /><testcase classname="backend.tests.test_iter323_contractor_sprint.TestDirective2EmailRouting" name="test_reply_to_domain_is_safe_subdomain" time="0.000" /><testcase classname="backend.tests.test_iter323_contractor_sprint.TestDirective2EmailRouting" name="test_build_per_contractor_reply_to" time="0.000" /><testcase classname="backend.tests.test_iter323_contractor_sprint.TestDirective2EmailRouting" name="test_reply_to_strips_unsafe_chars_in_tag" time="0.000" /><testcase classname="backend.tests.test_iter323_contractor_sprint.TestDirective2EmailRouting" name="test_reply_to_falls_back_when_no_contractor" time="0.000" /><testcase classname="backend.tests.test_iter323_contractor_sprint.TestDirective2EmailRouting" name="test_signature_injects_extension_when_present" time="0.000" /><testcase classname="backend.tests.test_iter323_contractor_sprint.TestDirective2EmailRouting" name="test_signature_localizes_extension_label" time="0.000" /><testcase classname="backend.tests.test_iter323_contractor_sprint.TestDirective2EmailRouting" name="test_signature_omits_extension_when_none" time="0.000" /><testcase classname="backend.tests.test_iter323_contractor_sprint.TestDirective3ExtensionAssignment" name="test_extension_start_is_1220" time="0.001" /><testcase classname="backend.tests.test_iter323_contractor_sprint.TestDirective3ExtensionAssignment" name="test_first_contractor_gets_1220" time="0.001" /><testcase classname="backend.tests.test_iter323_contractor_sprint.TestDirective3ExtensionAssignment" name="test_subsequent_contractors_increment" time="0.001" /><testcase classname="backend.tests.test_iter323_contractor_sprint.TestDirective3ExtensionAssignment" name="test_idempotent_for_already_assigned" time="0.000" /><testcase classname="backend.tests.test_iter323_contractor_sprint.TestDirective3IVRTagParsing" name="test_extracts_full_tag" time="0.000" /><testcase classname="backend.tests.test_iter323_contractor_sprint.TestDirective3IVRTagParsing" name="test_extracts_tag_with_uuid_chars" time="0.000" /><testcase classname="backend.tests.test_iter323_contractor_sprint.TestDirective3IVRTagParsing" name="test_no_tag_returns_none" time="0.000" /><testcase classname="backend.tests.test_iter323_contractor_sprint.TestDirective4LeaderboardTrend" name="test_trend_marker_up" time="0.000" /><testcase classname="backend.tests.test_iter323_contractor_sprint.TestDirective4LeaderboardTrend" name="test_trend_marker_down" time="0.000" /><testcase classname="backend.tests.test_iter323_contractor_sprint.TestDirective4LeaderboardTrend" name="test_trend_marker_unchanged" time="0.000" /><testcase classname="backend.tests.test_iter323_contractor_sprint.TestDirective4LeaderboardTrend" name="test_trend_marker_missing_history" time="0.000" /><testcase classname="backend.tests.test_iter323_contractor_sprint.TestDirective5ProfilePhoto" name="test_allowed_mime_types" time="0.000" /><testcase classname="backend.tests.test_iter323_contractor_sprint.TestDirective5ProfilePhoto" name="test_max_bytes_is_reasonable" time="0.000" /><testcase classname="backend.tests.test_iter323_contractor_sprint.TestPersonalPhoneE164" name="test_valid_e164" time="0.000" /><testcase classname="backend.tests.test_iter323_contractor_sprint.TestPersonalPhoneE164" name="test_invalid_phone" time="0.000" /><testcase classname="backend.tests.test_iter323_contractor_sprint.TestRouterSurface" name="test_iter323_endpoints_registered" time="0.000" /></testsuite></testsuites>