<?xml version="1.0" encoding="utf-8"?><testsuites name="pytest tests"><testsuite name="pytest" errors="0" failures="0" skipped="0" tests="10" time="2.685" timestamp="2026-05-24T11:30:14.983870+00:00" hostname="agent-env-c75ae3b4-0836-48ac-857c-c6a46c32e016"><testcase classname="tests.test_iter225_broker_master_upgrade" name="test_refund_or_release_on_captured_pi_refunds" time="0.368" /><testcase classname="tests.test_iter225_broker_master_upgrade" name="test_refund_or_release_on_held_pi_cancels" time="0.001" /><testcase classname="tests.test_iter225_broker_master_upgrade" name="test_refund_or_release_on_cancelled_pi_noop" time="0.000" /><testcase classname="tests.test_iter225_broker_master_upgrade" name="test_broker_create_model_accepts_qc_fields" time="0.065" /><testcase classname="tests.test_iter225_broker_master_upgrade" name="test_broker_create_doc_persists_provincial_fields" time="0.000" /><testcase classname="tests.test_iter225_broker_master_upgrade" name="test_sign_liability_requires_all_three_sections" time="0.709" /><testcase classname="tests.test_iter225_broker_master_upgrade" name="test_sign_liability_requires_scroll" time="0.607" /><testcase classname="tests.test_iter225_broker_master_upgrade" name="test_custom_terms_endpoint_404_for_unknown_broker" time="0.148" /><testcase classname="tests.test_iter225_broker_master_upgrade" name="test_buyer_ledger_requires_broker_role" time="0.607" /><testcase classname="tests.test_iter225_broker_master_upgrade" name="test_buyer_ledger_requires_auth" time="0.096" /></testsuite></testsuites>