<?xml version="1.0" encoding="utf-8"?><testsuites name="pytest tests"><testsuite name="pytest" errors="0" failures="0" skipped="0" tests="31" time="4.500" timestamp="2026-07-10T18:34:45.414580+00:00" hostname="agent-env-c75ae3b4-0836-48ac-857c-c6a46c32e016"><testcase classname="backend.tests.test_iter338_guard_affiliate_emails.TestReportedFalsePositive" name="test_exact_blocked_multi_lot_listing_now_passes" time="0.011" /><testcase classname="backend.tests.test_iter338_guard_affiliate_emails.TestReportedFalsePositive" name="test_fatbike_x1_dimension_case_now_passes" time="0.004" /><testcase classname="backend.tests.test_iter338_guard_affiliate_emails.TestReportedFalsePositive" name="test_common_word_model_names_do_not_flag[Restaurant equipment lot-Vulcan 6-burner range, Ninja blenders, prep tables. Located in Ontario.]" time="0.001" /><testcase classname="backend.tests.test_iter338_guard_affiliate_emails.TestReportedFalsePositive" name="test_common_word_model_names_do_not_flag[Office chairs-Ergonomic, leather interior padding, made in Ontario 2022]" time="0.001" /><testcase classname="backend.tests.test_iter338_guard_affiliate_emails.TestReportedFalsePositive" name="test_common_word_model_names_do_not_flag[Ninja blender bundle-Kitchen appliances, barely used]" time="0.001" /><testcase classname="backend.tests.test_iter338_guard_affiliate_emails.TestReportedFalsePositive" name="test_common_word_model_names_do_not_flag[Canon Rebel T7 camera kit-DSLR with two lenses, purchased 2021]" time="0.001" /><testcase classname="backend.tests.test_iter338_guard_affiliate_emails.TestReportedFalsePositive" name="test_common_word_model_names_do_not_flag[A4 paper bulk lot-50 boxes of A4 and A5 office paper]" time="0.000" /><testcase classname="backend.tests.test_iter338_guard_affiliate_emails.TestReportedFalsePositive" name="test_common_word_model_names_do_not_flag[Gaming PC-RTX GTX 3080, Intel i7, Corsair RAM 1500MHz, purchased 2022]" time="0.001" /><testcase classname="backend.tests.test_iter338_guard_affiliate_emails.TestReportedFalsePositive" name="test_common_word_model_names_do_not_flag[M3 and M4 screw assortment-3500 pieces of stainless hardware]" time="0.001" /><testcase classname="backend.tests.test_iter338_guard_affiliate_emails.TestReportedFalsePositive" name="test_common_word_model_names_do_not_flag[Golf clubs full set-Titleist irons, leaf-pattern bag, summit edition]" time="0.001" /><testcase classname="backend.tests.test_iter338_guard_affiliate_emails.TestReportedFalsePositive" name="test_common_word_model_names_do_not_flag[Yamaha keyboard-Digital piano purchased 2020, barely used]" time="0.001" /><testcase classname="backend.tests.test_iter338_guard_affiliate_emails.TestReportedFalsePositive" name="test_common_word_model_names_do_not_flag[Honda generator EU2200i-Portable generator 2019 model]" time="0.001" /><testcase classname="backend.tests.test_iter338_guard_affiliate_emails.TestReportedFalsePositive" name="test_real_vehicles_still_flagged[Cars-2018 Honda Civic LX-Clean title]" time="0.000" /><testcase classname="backend.tests.test_iter338_guard_affiliate_emails.TestReportedFalsePositive" name="test_real_vehicles_still_flagged[Other-ford f150-]" time="0.000" /><testcase classname="backend.tests.test_iter338_guard_affiliate_emails.TestReportedFalsePositive" name="test_real_vehicles_still_flagged[Other-Kia Rio-hatchback for sale]" time="0.000" /><testcase classname="backend.tests.test_iter338_guard_affiliate_emails.TestReportedFalsePositive" name="test_real_vehicles_still_flagged[Other-kia rio 2015 low km-]" time="0.000" /><testcase classname="backend.tests.test_iter338_guard_affiliate_emails.TestReportedFalsePositive" name="test_real_vehicles_still_flagged[Tools-chevy silverado-]" time="0.000" /><testcase classname="backend.tests.test_iter338_guard_affiliate_emails.TestReportedFalsePositive" name="test_real_vehicles_still_flagged[Other-jeep wrangler-]" time="0.000" /><testcase classname="backend.tests.test_iter338_guard_affiliate_emails.TestReportedFalsePositive" name="test_real_vehicles_still_flagged[Motorcycles-2019 Kawasaki Ninja 400-]" time="0.000" /><testcase classname="backend.tests.test_iter338_guard_affiliate_emails.TestReportedFalsePositive" name="test_real_vehicles_still_flagged[Estate-Weekend sale-Includes a VIN: 1HGCM82633A004352]" time="0.001" /><testcase classname="backend.tests.test_iter338_guard_affiliate_emails.TestReportedFalsePositive" name="test_real_vehicles_still_flagged[Other-dodge charger-]" time="0.000" /><testcase classname="backend.tests.test_iter338_guard_affiliate_emails.TestReportedFalsePositive" name="test_real_vehicles_still_flagged[Other-tesla model 3-]" time="0.000" /><testcase classname="backend.tests.test_iter338_guard_affiliate_emails" name="test_gate_block_creates_admin_notification" time="1.166" /><testcase classname="backend.tests.test_iter338_guard_affiliate_emails.TestWordMatch" name="test_no_substring_bleed" time="0.000" /><testcase classname="backend.tests.test_iter338_guard_affiliate_emails.TestWordMatch" name="test_whole_words_match" time="0.000" /><testcase classname="backend.tests.test_iter338_guard_affiliate_emails.TestWordMatch" name="test_category_rules_word_boundary" time="0.000" /><testcase classname="backend.tests.test_iter338_guard_affiliate_emails" name="test_affiliate_3pct_commission_awarded" time="1.621" /><testcase classname="backend.tests.test_iter338_guard_affiliate_emails" name="test_affiliate_no_referrer_no_credit" time="0.507" /><testcase classname="backend.tests.test_iter338_guard_affiliate_emails" name="test_affiliate_zero_revenue_no_credit" time="0.001" /><testcase classname="backend.tests.test_iter338_guard_affiliate_emails" name="test_affiliate_rate_constants_aligned" time="0.020" /><testcase classname="backend.tests.test_iter338_guard_affiliate_emails" name="test_careers_and_contractor_emails_updated" time="0.000" /></testsuite></testsuites>