<?xml version="1.0" encoding="utf-8"?><testsuites name="pytest tests"><testsuite name="pytest" errors="0" failures="1" skipped="0" tests="9" time="11.649" timestamp="2026-07-19T12:17:09.563401+00:00" hostname="agent-env-c75ae3b4-0836-48ac-857c-c6a46c32e016"><testcase classname="backend.tests.test_iter363_live_admin" name="test_ai_guard_stats" time="6.612" /><testcase classname="backend.tests.test_iter363_live_admin" name="test_ai_guard_flags" time="0.200" /><testcase classname="backend.tests.test_iter363_live_admin" name="test_risk_monitoring" time="2.837" /><testcase classname="backend.tests.test_iter363_live_admin" name="test_pricing_engine" time="0.285"><failure message="AssertionError: assert 'plans' in {'partner_annual_fee': {'base_price_cad': 100.0, 'effective_price_cad': 50.0, 'is_within_launch_window': True, 'key': 'partner_annual_fee', ...}, 'vehicle_dealer_annual_fee': {'base_price_cad': 200.0, 'effective_price_cad': 100.0, 'is_within_launch_window': True, 'key': 'vehicle_dealer_annual_fee', ...}}">backend/tests/test_iter363_live_admin.py:64: in test_pricing_engine
    assert "plans" in j
E   AssertionError: assert 'plans' in {'partner_annual_fee': {'base_price_cad': 100.0, 'effective_price_cad': 50.0, 'is_within_launch_window': True, 'key': 'partner_annual_fee', ...}, 'vehicle_dealer_annual_fee': {'base_price_cad': 200.0, 'effective_price_cad': 100.0, 'is_within_launch_window': True, 'key': 'vehicle_dealer_annual_fee', ...}}</failure></testcase><testcase classname="backend.tests.test_iter363_live_admin" name="test_coupons_list" time="0.211" /><testcase classname="backend.tests.test_iter363_live_admin" name="test_platform_cleanup_preview" time="0.690" /><testcase classname="backend.tests.test_iter363_live_admin" name="test_contact_form_delivers" time="0.493" /><testcase classname="backend.tests.test_iter363_live_admin" name="test_en_settings_serves_spa" time="0.135" /><testcase classname="backend.tests.test_iter363_live_admin" name="test_fr_settings_serves_spa" time="0.110" /></testsuite></testsuites>