<?xml version="1.0" encoding="utf-8"?><testsuites name="pytest tests"><testsuite name="pytest" errors="0" failures="0" skipped="0" tests="34" time="1.097" timestamp="2026-04-27T22:04:23.013234+00:00" hostname="agent-env-c75ae3b4-0836-48ac-857c-c6a46c32e016"><testcase classname="backend.tests.test_pricing_manager_p0_audit_139.TestProof1VehicleAuction" name="test_vehicle_auction_qc_1000_buyer_total" time="0.006" /><testcase classname="backend.tests.test_pricing_manager_p0_audit_139.TestProof2NonVehicleStripe" name="test_non_vehicle_stripe_qc_1000_buyer_total" time="0.000" /><testcase classname="backend.tests.test_pricing_manager_p0_audit_139.TestProof2NonVehicleStripe" name="test_non_vehicle_stripe_qc_1000_seller_total" time="0.000" /><testcase classname="backend.tests.test_pricing_manager_p0_audit_139.TestProof3FlatPurchase" name="test_flat_purchase_on_300_total" time="0.000" /><testcase classname="backend.tests.test_pricing_manager_p0_audit_139.TestProof3FlatPurchase" name="test_flat_purchase_on_300_tax_label" time="0.000" /><testcase classname="backend.tests.test_pricing_manager_p0_audit_139.TestProof4NonVehicleCash" name="test_non_vehicle_cash_ab_500_buyer_total" time="0.000" /><testcase classname="backend.tests.test_pricing_manager_p0_audit_139.TestProof4NonVehicleCash" name="test_non_vehicle_cash_ab_500_seller_total" time="0.000" /><testcase classname="backend.tests.test_pricing_manager_p0_audit_139.TestProof5PartnerAuction" name="test_partner_auction_on_2000_buyer_total" time="0.000" /><testcase classname="backend.tests.test_pricing_manager_p0_audit_139.TestProof5PartnerAuction" name="test_partner_auction_on_2000_seller_total" time="0.000" /><testcase classname="backend.tests.test_pricing_manager_p0_audit_139.TestProof5PartnerAuction" name="test_partner_auction_buyer_invoice_structure" time="0.000" /><testcase classname="backend.tests.test_pricing_manager_p0_audit_139.TestStripeRecoveryFix" name="test_stripe_recovery_zero_fees" time="0.001" /><testcase classname="backend.tests.test_pricing_manager_p0_audit_139.TestStripeRecoveryFix" name="test_stripe_recovery_negative_fees" time="0.000" /><testcase classname="backend.tests.test_pricing_manager_p0_audit_139.TestStripeRecoveryFix" name="test_stripe_recovery_positive_fees" time="0.000" /><testcase classname="backend.tests.test_pricing_manager_p0_audit_139.TestConnectPaymentEngineWiring" name="test_calculate_connect_checkout_imports_pricing_manager" time="0.383" /><testcase classname="backend.tests.test_pricing_manager_p0_audit_139.TestConnectPaymentEngineWiring" name="test_calculate_connect_checkout_vehicle_qc" time="0.000" /><testcase classname="backend.tests.test_pricing_manager_p0_audit_139.TestConnectPaymentEngineWiring" name="test_calculate_connect_checkout_vehicle_on" time="0.000" /><testcase classname="backend.tests.test_pricing_manager_p0_audit_139.TestConnectPaymentEngineWiring" name="test_calculate_connect_checkout_partner_buyer_zero_fees" time="0.000" /><testcase classname="backend.tests.test_pricing_manager_p0_audit_139.TestConnectPaymentEngineWiring" name="test_calculate_connect_checkout_routes_to_vehicle_auction" time="0.000" /><testcase classname="backend.tests.test_pricing_manager_p0_audit_139.TestConnectPaymentEngineWiring" name="test_calculate_connect_checkout_routes_to_non_vehicle_stripe" time="0.000" /><testcase classname="backend.tests.test_pricing_manager_p0_audit_139.TestConnectPaymentEngineWiring" name="test_calculate_connect_checkout_routes_to_partner_auction" time="0.000" /><testcase classname="backend.tests.test_pricing_manager_p0_audit_139.TestTierRates" name="test_standard_tier_rates" time="0.000" /><testcase classname="backend.tests.test_pricing_manager_p0_audit_139.TestTierRates" name="test_premium_tier_rates" time="0.000" /><testcase classname="backend.tests.test_pricing_manager_p0_audit_139.TestTierRates" name="test_vip_tier_rates" time="0.000" /><testcase classname="backend.tests.test_pricing_manager_p0_audit_139.TestTierRates" name="test_partner_tier_rates" time="0.000" /><testcase classname="backend.tests.test_pricing_manager_p0_audit_139.TestProvincialTaxRates" name="test_qc_tax_rate" time="0.000" /><testcase classname="backend.tests.test_pricing_manager_p0_audit_139.TestProvincialTaxRates" name="test_on_tax_rate" time="0.000" /><testcase classname="backend.tests.test_pricing_manager_p0_audit_139.TestProvincialTaxRates" name="test_ab_tax_rate" time="0.000" /><testcase classname="backend.tests.test_pricing_manager_p0_audit_139.TestProvincialTaxRates" name="test_bc_tax_rate" time="0.000" /><testcase classname="backend.tests.test_pricing_manager_p0_audit_139.TestProvincialTaxRates" name="test_ns_tax_rate" time="0.000" /><testcase classname="backend.tests.test_pricing_manager_p0_audit_139.TestSubscriptionsWiring" name="test_subscriptions_imports_pricing_manager" time="0.662" /><testcase classname="backend.tests.test_pricing_manager_p0_audit_139.TestPromotionsWiring" name="test_promotions_passes_buyer_province" time="0.000" /><testcase classname="backend.tests.test_pricing_manager_p0_audit_139.TestEmailMarketingWiring" name="test_email_credits_passes_buyer_province" time="0.000" /><testcase classname="backend.tests.test_pricing_manager_p0_audit_139.TestConnectPaymentEnginePromotionWiring" name="test_create_promotion_checkout_uses_pricing_manager" time="0.001" /><testcase classname="backend.tests.test_pricing_manager_p0_audit_139.TestConnectPaymentEnginePromotionWiring" name="test_create_email_credits_checkout_uses_pricing_manager" time="0.001" /></testsuite></testsuites>