<?xml version="1.0" encoding="utf-8"?><testsuites name="pytest tests"><testsuite name="pytest" errors="0" failures="0" skipped="0" tests="196" time="2.344" timestamp="2026-08-12T04:15:05.188346+00:00" hostname="agent-env-c75ae3b4-0836-48ac-857c-c6a46c32e016"><testcase classname="backend.tests.test_iter482_p0_repairs" name="test_c1_partner_100_10pct_qc_not_registered_model_a1" time="0.000" /><testcase classname="backend.tests.test_iter482_p0_repairs" name="test_c2_partner_100_15pct" time="0.000" /><testcase classname="backend.tests.test_iter482_p0_repairs" name="test_c3_partner_100_18pct" time="0.000" /><testcase classname="backend.tests.test_iter482_p0_repairs" name="test_c4_partner_100_10pct_partner_registered" time="0.000" /><testcase classname="backend.tests.test_iter482_p0_repairs" name="test_c4b_partner_buyer_tier_ignored" time="0.000" /><testcase classname="backend.tests.test_iter482_p0_repairs" name="test_c5_individual_100_basic_not_registered" time="0.000" /><testcase classname="backend.tests.test_iter482_p0_repairs" name="test_c6_individual_100_seller_registered" time="0.000" /><testcase classname="backend.tests.test_iter482_p0_repairs" name="test_c7_storage_seller_commission_is_zero" time="0.000" /><testcase classname="backend.tests.test_iter482_p0_repairs" name="test_c8_vehicle_100_basic" time="0.000" /><testcase classname="backend.tests.test_iter482_p0_repairs" name="test_c9_multi_quantity_hammer_total_flows" time="0.000" /><testcase classname="backend.tests.test_iter482_p0_repairs" name="test_c10_historical_7dollar_hammer_no_phantom_31cent_surcharge" time="0.000" /><testcase classname="backend.tests.test_iter482_p0_repairs" name="test_resolver_partner_paid" time="0.000" /><testcase classname="backend.tests.test_iter482_p0_repairs" name="test_resolver_partner_pro" time="0.000" /><testcase classname="backend.tests.test_iter482_p0_repairs" name="test_resolver_partner_unpaid_does_not_get_partner_rates" time="0.000" /><testcase classname="backend.tests.test_iter482_p0_repairs" name="test_resolver_storage_from_listing_category" time="0.000" /><testcase classname="backend.tests.test_iter482_p0_repairs" name="test_resolver_vehicle" time="0.000" /><testcase classname="backend.tests.test_iter482_p0_repairs" name="test_resolver_fails_closed_on_missing_user" time="0.000" /><testcase classname="backend.tests.test_iter482_p0_repairs" name="test_resolver_fails_closed_on_empty_user" time="0.000" /><testcase classname="backend.tests.test_iter482_p0_repairs" name="test_resolver_admin_listing_override" time="0.000" /><testcase classname="backend.tests.test_iter482_p0_repairs" name="test_partner_bp_listing_takes_precedence" time="0.000" /><testcase classname="backend.tests.test_iter482_p0_repairs" name="test_partner_bp_falls_through_to_user_default" time="0.000" /><testcase classname="backend.tests.test_iter482_p0_repairs" name="test_partner_bp_final_default_5pct" time="0.000" /><testcase classname="backend.tests.test_iter482_p0_repairs" name="test_partner_tier_invariant_but_individual_varies" time="0.000" /><testcase classname="backend.tests.test_iter482_p0_repairs" name="test_all_totals_are_integer_cents" time="0.000" /><testcase classname="backend.tests.test_iter482_p0_repairs" name="test_partner_buyer_never_bears_bidvex_fee_tax" time="0.000" /><testcase classname="backend.tests.test_iter482_p2_payment_cost_engine" name="test_engine_version_string_stable" time="0.000" /><testcase classname="backend.tests.test_iter482_p2_payment_cost_engine" name="test_describe_rates_shape" time="0.000" /><testcase classname="backend.tests.test_iter482_p2_payment_cost_engine" name="test_offline_methods_zero_cost[cash]" time="0.000" /><testcase classname="backend.tests.test_iter482_p2_payment_cost_engine" name="test_offline_methods_zero_cost[cheque]" time="0.000" /><testcase classname="backend.tests.test_iter482_p2_payment_cost_engine" name="test_offline_methods_zero_cost[e_transfer]" time="0.000" /><testcase classname="backend.tests.test_iter482_p2_payment_cost_engine" name="test_offline_methods_zero_cost[etransfer]" time="0.000" /><testcase classname="backend.tests.test_iter482_p2_payment_cost_engine" name="test_offline_methods_zero_cost[offline]" time="0.000" /><testcase classname="backend.tests.test_iter482_p2_payment_cost_engine" name="test_buyer_stripe_surcharge_fails_closed[QC]" time="0.000" /><testcase classname="backend.tests.test_iter482_p2_payment_cost_engine" name="test_buyer_stripe_surcharge_fails_closed[ON]" time="0.000" /><testcase classname="backend.tests.test_iter482_p2_payment_cost_engine" name="test_buyer_stripe_surcharge_fails_closed[AB]" time="0.000" /><testcase classname="backend.tests.test_iter482_p2_payment_cost_engine" name="test_buyer_stripe_surcharge_fails_closed[BC]" time="0.000" /><testcase classname="backend.tests.test_iter482_p2_payment_cost_engine" name="test_buyer_stripe_surcharge_fails_closed[SK]" time="0.000" /><testcase classname="backend.tests.test_iter482_p2_payment_cost_engine" name="test_buyer_stripe_surcharge_fails_closed[MB]" time="0.000" /><testcase classname="backend.tests.test_iter482_p2_payment_cost_engine" name="test_buyer_stripe_surcharge_fails_closed[NS]" time="0.000" /><testcase classname="backend.tests.test_iter482_p2_payment_cost_engine" name="test_buyer_stripe_surcharge_fails_closed[NB]" time="0.000" /><testcase classname="backend.tests.test_iter482_p2_payment_cost_engine" name="test_buyer_stripe_surcharge_fails_closed[NL]" time="0.000" /><testcase classname="backend.tests.test_iter482_p2_payment_cost_engine" name="test_buyer_stripe_surcharge_fails_closed[PE]" time="0.000" /><testcase classname="backend.tests.test_iter482_p2_payment_cost_engine" name="test_buyer_stripe_surcharge_fails_closed[YT]" time="0.000" /><testcase classname="backend.tests.test_iter482_p2_payment_cost_engine" name="test_buyer_stripe_surcharge_fails_closed[NT]" time="0.000" /><testcase classname="backend.tests.test_iter482_p2_payment_cost_engine" name="test_buyer_stripe_surcharge_fails_closed[NU]" time="0.000" /><testcase classname="backend.tests.test_iter482_p2_payment_cost_engine" name="test_partner_stripe_recovery_is_computed[QC-Stripe domestic CAD card (2.9% + $0.30)]" time="0.000" /><testcase classname="backend.tests.test_iter482_p2_payment_cost_engine" name="test_partner_stripe_recovery_is_computed[ON-Stripe domestic CAD card (2.9% + $0.30)]" time="0.000" /><testcase classname="backend.tests.test_iter482_p2_payment_cost_engine" name="test_partner_stripe_recovery_is_computed[AB-Stripe domestic CAD card (2.9% + $0.30)]" time="0.000" /><testcase classname="backend.tests.test_iter482_p2_payment_cost_engine" name="test_partner_stripe_recovery_is_computed[BC-Stripe domestic CAD card (2.9% + $0.30)]" time="0.000" /><testcase classname="backend.tests.test_iter482_p2_payment_cost_engine" name="test_partner_stripe_recovery_100_dollars" time="0.000" /><testcase classname="backend.tests.test_iter482_p2_payment_cost_engine" name="test_partner_stripe_recovery_zero_amount" time="0.000" /><testcase classname="backend.tests.test_iter482_p2_payment_cost_engine" name="test_unknown_currency_returns_zero_with_reason" time="0.000" /><testcase classname="backend.tests.test_iter482_p2_payment_cost_engine" name="test_unknown_jurisdiction_returns_zero_with_review_flag" time="0.000" /><testcase classname="backend.tests.test_iter482_p2_payment_cost_engine" name="test_absorbed_by_platform_returns_zero_with_reason" time="0.000" /><testcase classname="backend.tests.test_iter482_p2_payment_cost_engine" name="test_lock_actual_happy_path" time="0.000" /><testcase classname="backend.tests.test_iter482_p2_payment_cost_engine" name="test_lock_actual_rejects_non_stripe_fee_source" time="0.000" /><testcase classname="backend.tests.test_iter482_p2_payment_cost_engine" name="test_lock_actual_rejects_negative" time="0.000" /><testcase classname="backend.tests.test_iter482_p2_payment_cost_engine" name="test_every_zero_result_has_reason_code" time="0.000" /><testcase classname="backend.tests.test_iter482_p2_payment_cost_engine" name="test_estimated_cost_to_dict_serializable" time="0.000" /><testcase classname="backend.tests.test_iter482_p2_payment_cost_engine" name="test_is_estimate_flag" time="0.000" /><testcase classname="backend.tests.test_iter482_p2_payment_cost_engine" name="test_buyer_offline_is_zero_and_legal" time="0.000" /><testcase classname="backend.tests.test_iter482_p2_payment_cost_engine" name="test_international_card_uses_different_rate" time="0.000" /><testcase classname="backend.tests.test_iter482_p2_payment_cost_engine" name="test_rate_source_included_for_traceability" time="0.000" /><testcase classname="backend.tests.test_iter482_p2_payment_cost_engine" name="test_canonical_31_cent_scenario_currently_gated_for_buyer" time="0.000" /><testcase classname="backend.tests.test_iter482_p2_payment_cost_engine" name="test_canonical_31_cent_scenario_for_partner_is_computed" time="0.000" /><testcase classname="backend.tests.test_iter482_p31_reconciliation" name="test_p31_historical_7_64_never_reemerges_across_paths" time="0.000" /><testcase classname="backend.tests.test_iter482_p31_reconciliation" name="test_path_a_and_path_b_agree_cent_exact[7.0-standard-standard-False-$7 basic non-registered]" time="0.000" /><testcase classname="backend.tests.test_iter482_p31_reconciliation" name="test_path_a_and_path_b_agree_cent_exact[7.0-premium-premium-False-$7 premium (historical bug)]" time="0.000" /><testcase classname="backend.tests.test_iter482_p31_reconciliation" name="test_path_a_and_path_b_agree_cent_exact[7.0-vip_elite-vip_elite-False-$7 VIP Elite]" time="0.000" /><testcase classname="backend.tests.test_iter482_p31_reconciliation" name="test_path_a_and_path_b_agree_cent_exact[100.0-standard-standard-False-$100 basic]" time="0.000" /><testcase classname="backend.tests.test_iter482_p31_reconciliation" name="test_path_a_and_path_b_agree_cent_exact[100.0-standard-standard-True-$100 basic + reg seller (hammer_tax)]" time="0.000" /><testcase classname="backend.tests.test_iter482_p31_reconciliation" name="test_path_a_and_path_b_agree_cent_exact[100.0-premium-premium-False-$100 premium]" time="0.000" /><testcase classname="backend.tests.test_iter482_p31_reconciliation" name="test_path_a_and_path_b_agree_cent_exact[100.0-premium-premium-True-$100 premium + reg seller]" time="0.000" /><testcase classname="backend.tests.test_iter482_p31_reconciliation" name="test_path_a_and_path_b_agree_cent_exact[100.0-vip_elite-vip_elite-False-$100 VIP]" time="0.000" /><testcase classname="backend.tests.test_iter482_p31_reconciliation" name="test_path_a_and_path_b_agree_cent_exact[250.5-standard-standard-False-$250.50 basic]" time="0.000" /><testcase classname="backend.tests.test_iter482_p31_reconciliation" name="test_path_a_and_path_b_agree_cent_exact[250.5-premium-premium-False-$250.50 premium]" time="0.000" /><testcase classname="backend.tests.test_iter482_p31_reconciliation" name="test_path_a_and_path_b_agree_cent_exact[1000.0-standard-standard-False-$1000 basic]" time="0.000" /><testcase classname="backend.tests.test_iter482_p31_reconciliation" name="test_path_a_and_path_b_agree_cent_exact[1000.0-premium-premium-True-$1000 premium + reg]" time="0.000" /><testcase classname="backend.tests.test_iter482_p31_reconciliation" name="test_path_a_and_path_b_agree_cent_exact[12345.67-standard-standard-False-large hammer basic]" time="0.000" /><testcase classname="backend.tests.test_iter482_p31_reconciliation" name="test_path_a_and_path_b_agree_cent_exact[12345.67-premium-premium-True-large hammer premium + reg]" time="0.000" /><testcase classname="backend.tests.test_iter482_p31_reconciliation" name="test_path_a_and_path_b_agree_cent_exact[99999.99-vip_elite-vip_elite-True-very large hammer VIP + reg]" time="0.001" /><testcase classname="backend.tests.test_iter482_p31_reconciliation" name="test_path_b_internal_receipt_invariants[7.0-standard-standard-False-$7 basic non-registered]" time="0.000" /><testcase classname="backend.tests.test_iter482_p31_reconciliation" name="test_path_b_internal_receipt_invariants[7.0-premium-premium-False-$7 premium (historical bug)]" time="0.000" /><testcase classname="backend.tests.test_iter482_p31_reconciliation" name="test_path_b_internal_receipt_invariants[7.0-vip_elite-vip_elite-False-$7 VIP Elite]" time="0.000" /><testcase classname="backend.tests.test_iter482_p31_reconciliation" name="test_path_b_internal_receipt_invariants[100.0-standard-standard-False-$100 basic]" time="0.000" /><testcase classname="backend.tests.test_iter482_p31_reconciliation" name="test_path_b_internal_receipt_invariants[100.0-standard-standard-True-$100 basic + reg seller (hammer_tax)]" time="0.000" /><testcase classname="backend.tests.test_iter482_p31_reconciliation" name="test_path_b_internal_receipt_invariants[100.0-premium-premium-False-$100 premium]" time="0.000" /><testcase classname="backend.tests.test_iter482_p31_reconciliation" name="test_path_b_internal_receipt_invariants[100.0-premium-premium-True-$100 premium + reg seller]" time="0.000" /><testcase classname="backend.tests.test_iter482_p31_reconciliation" name="test_path_b_internal_receipt_invariants[100.0-vip_elite-vip_elite-False-$100 VIP]" time="0.000" /><testcase classname="backend.tests.test_iter482_p31_reconciliation" name="test_path_b_internal_receipt_invariants[250.5-standard-standard-False-$250.50 basic]" time="0.000" /><testcase classname="backend.tests.test_iter482_p31_reconciliation" name="test_path_b_internal_receipt_invariants[250.5-premium-premium-False-$250.50 premium]" time="0.000" /><testcase classname="backend.tests.test_iter482_p31_reconciliation" name="test_path_b_internal_receipt_invariants[1000.0-standard-standard-False-$1000 basic]" time="0.000" /><testcase classname="backend.tests.test_iter482_p31_reconciliation" name="test_path_b_internal_receipt_invariants[1000.0-premium-premium-True-$1000 premium + reg]" time="0.000" /><testcase classname="backend.tests.test_iter482_p31_reconciliation" name="test_path_b_internal_receipt_invariants[12345.67-standard-standard-False-large hammer basic]" time="0.000" /><testcase classname="backend.tests.test_iter482_p31_reconciliation" name="test_path_b_internal_receipt_invariants[12345.67-premium-premium-True-large hammer premium + reg]" time="0.000" /><testcase classname="backend.tests.test_iter482_p31_reconciliation" name="test_path_b_internal_receipt_invariants[99999.99-vip_elite-vip_elite-True-very large hammer VIP + reg]" time="0.000" /><testcase classname="backend.tests.test_iter482_p31_reconciliation" name="test_partner_path_unchanged_by_p31[100.0-0.05-105.0]" time="0.000" /><testcase classname="backend.tests.test_iter482_p31_reconciliation" name="test_partner_path_unchanged_by_p31[100.0-0.1-110.0]" time="0.000" /><testcase classname="backend.tests.test_iter482_p31_reconciliation" name="test_partner_path_unchanged_by_p31[100.0-0.15-115.0]" time="0.000" /><testcase classname="backend.tests.test_iter482_p31_reconciliation" name="test_partner_path_unchanged_by_p31[100.0-0.18-118.0]" time="0.000" /><testcase classname="backend.tests.test_iter482_p31_reconciliation" name="test_partner_path_unchanged_by_p31[1000.0-0.1-1100.0]" time="0.000" /><testcase classname="backend.tests.test_iter482_p31_reconciliation" name="test_p31_gst_qst_sum_matches_fees_tax_total_on_small_amounts" time="0.000" /><testcase classname="backend.tests.test_iter482_p31_reconciliation" name="test_p31_destination_charge_math_reconciles" time="0.001" /><testcase classname="backend.tests.test_iter482_p3_api_curl" name="test_individual_100_qc_tiers[standard]" time="0.173" /><testcase classname="backend.tests.test_iter482_p3_api_curl" name="test_individual_100_qc_tiers[premium]" time="0.098" /><testcase classname="backend.tests.test_iter482_p3_api_curl" name="test_individual_100_qc_tiers[vip_elite]" time="0.155" /><testcase classname="backend.tests.test_iter482_p3_api_curl" name="test_historical_7dollar_hammer_premium_no_phantom_031" time="0.101" /><testcase classname="backend.tests.test_iter482_p3_api_curl" name="test_partner_100_qc_e10_neutrality[standard]" time="0.098" /><testcase classname="backend.tests.test_iter482_p3_api_curl" name="test_partner_100_qc_e10_neutrality[premium]" time="0.112" /><testcase classname="backend.tests.test_iter482_p3_api_curl" name="test_partner_100_qc_e10_neutrality[vip_elite]" time="0.099" /><testcase classname="backend.tests.test_iter482_p3_api_curl" name="test_storage_facility_100_qc" time="0.100" /><testcase classname="backend.tests.test_iter482_p3_api_curl" name="test_vehicle_dealer_100_qc" time="0.103" /><testcase classname="backend.tests.test_iter482_p3_api_curl" name="test_offline_payment_methods[cash]" time="0.127" /><testcase classname="backend.tests.test_iter482_p3_api_curl" name="test_offline_payment_methods[e_transfer]" time="0.102" /><testcase classname="backend.tests.test_iter482_p3_api_curl" name="test_offline_payment_methods[cheque]" time="0.103" /><testcase classname="backend.tests.test_iter482_p3_api_curl" name="test_quantity_smoke_7_dollar[1]" time="0.099" /><testcase classname="backend.tests.test_iter482_p3_api_curl" name="test_quantity_smoke_7_dollar[2]" time="0.104" /><testcase classname="backend.tests.test_iter482_p3_api_curl" name="test_quantity_smoke_7_dollar[10]" time="0.098" /><testcase classname="backend.tests.test_iter482_p3_fee_calculator_canonical" name="test_individual_qc_no_buyer_surcharge[standard-standard]" time="0.001" /><testcase classname="backend.tests.test_iter482_p3_fee_calculator_canonical" name="test_individual_qc_no_buyer_surcharge[premium-premium]" time="0.000" /><testcase classname="backend.tests.test_iter482_p3_fee_calculator_canonical" name="test_individual_qc_no_buyer_surcharge[vip_elite-vip_elite]" time="0.000" /><testcase classname="backend.tests.test_iter482_p3_fee_calculator_canonical" name="test_individual_qc_various_quantities" time="0.000" /><testcase classname="backend.tests.test_iter482_p3_fee_calculator_canonical" name="test_historical_7_64_never_reemerges" time="0.000" /><testcase classname="backend.tests.test_iter482_p3_fee_calculator_canonical" name="test_partner_various_bp_rates_no_buyer_surcharge[0.05-105.0-3.0]" time="0.000" /><testcase classname="backend.tests.test_iter482_p3_fee_calculator_canonical" name="test_partner_various_bp_rates_no_buyer_surcharge[0.1-110.0-3.0]" time="0.000" /><testcase classname="backend.tests.test_iter482_p3_fee_calculator_canonical" name="test_partner_various_bp_rates_no_buyer_surcharge[0.15-115.0-3.0]" time="0.000" /><testcase classname="backend.tests.test_iter482_p3_fee_calculator_canonical" name="test_partner_various_bp_rates_no_buyer_surcharge[0.18-118.0-3.0]" time="0.000" /><testcase classname="backend.tests.test_iter482_p3_fee_calculator_canonical" name="test_partner_buyer_tier_neutral_e10" time="0.000" /><testcase classname="backend.tests.test_iter482_p3_fee_calculator_canonical" name="test_storage_qc_no_buyer_surcharge" time="0.000" /><testcase classname="backend.tests.test_iter482_p3_fee_calculator_canonical" name="test_vehicle_dealer_qc_no_buyer_surcharge" time="0.000" /><testcase classname="backend.tests.test_iter482_p3_fee_calculator_canonical" name="test_offline_payment_methods_zero_processing[cash]" time="0.000" /><testcase classname="backend.tests.test_iter482_p3_fee_calculator_canonical" name="test_offline_payment_methods_zero_processing[e_transfer]" time="0.000" /><testcase classname="backend.tests.test_iter482_p3_fee_calculator_canonical" name="test_offline_payment_methods_zero_processing[cheque]" time="0.000" /><testcase classname="backend.tests.test_iter482_p3_fee_calculator_canonical" name="test_all_buyer_totals_are_cent_stable" time="0.001" /><testcase classname="backend.tests.test_iter482_golden_matrix" name="test_partner_100_various_bp_rates[0.05-10500]" time="0.000" /><testcase classname="backend.tests.test_iter482_golden_matrix" name="test_partner_100_various_bp_rates[0.075-10750]" time="0.000" /><testcase classname="backend.tests.test_iter482_golden_matrix" name="test_partner_100_various_bp_rates[0.1-11000]" time="0.000" /><testcase classname="backend.tests.test_iter482_golden_matrix" name="test_partner_100_various_bp_rates[0.125-11250]" time="0.000" /><testcase classname="backend.tests.test_iter482_golden_matrix" name="test_partner_100_various_bp_rates[0.15-11500]" time="0.000" /><testcase classname="backend.tests.test_iter482_golden_matrix" name="test_partner_100_various_bp_rates[0.18-11800]" time="0.000" /><testcase classname="backend.tests.test_iter482_golden_matrix" name="test_partner_100_various_bp_rates[0.2-12000]" time="0.000" /><testcase classname="backend.tests.test_iter482_golden_matrix" name="test_partner_100_various_bp_rates[0.25-12500]" time="0.000" /><testcase classname="backend.tests.test_iter482_golden_matrix" name="test_partner_various_hammer_amounts[50.0-0.1-5500]" time="0.000" /><testcase classname="backend.tests.test_iter482_golden_matrix" name="test_partner_various_hammer_amounts[200.0-0.1-22000]" time="0.000" /><testcase classname="backend.tests.test_iter482_golden_matrix" name="test_partner_various_hammer_amounts[500.0-0.15-57500]" time="0.000" /><testcase classname="backend.tests.test_iter482_golden_matrix" name="test_partner_various_hammer_amounts[1000.0-0.1-110000]" time="0.000" /><testcase classname="backend.tests.test_iter482_golden_matrix" name="test_partner_various_hammer_amounts[1.0-0.1-110]" time="0.000" /><testcase classname="backend.tests.test_iter482_golden_matrix" name="test_partner_buyer_tier_invariant_all_three_tiers" time="0.000" /><testcase classname="backend.tests.test_iter482_golden_matrix" name="test_partner_qc_registered_hammer_bp_tax_correctly_billed" time="0.000" /><testcase classname="backend.tests.test_iter482_golden_matrix" name="test_partner_qc_not_registered_no_hammer_or_bp_tax" time="0.000" /><testcase classname="backend.tests.test_iter482_golden_matrix" name="test_individual_various_tier_matrix[basic-basic-False-10575]" time="0.000" /><testcase classname="backend.tests.test_iter482_golden_matrix" name="test_individual_various_tier_matrix[basic-basic-True-12073]" time="0.000" /><testcase classname="backend.tests.test_iter482_golden_matrix" name="test_individual_various_tier_matrix[premium-premium-False-10403]" time="0.000" /><testcase classname="backend.tests.test_iter482_golden_matrix" name="test_individual_various_tier_matrix[vip_elite-vip_elite-False-10345]" time="0.000" /><testcase classname="backend.tests.test_iter482_golden_matrix" name="test_individual_buyer_tier_DOES_affect_total" time="0.000" /><testcase classname="backend.tests.test_iter482_golden_matrix" name="test_storage_facility_receives_full_hammer" time="0.000" /><testcase classname="backend.tests.test_iter482_golden_matrix" name="test_storage_bp_forced_5pct_regardless_of_buyer_tier" time="0.000" /><testcase classname="backend.tests.test_iter482_golden_matrix" name="test_storage_various_hammer_no_sc_leakage[100.0-100.0]" time="0.000" /><testcase classname="backend.tests.test_iter482_golden_matrix" name="test_storage_various_hammer_no_sc_leakage[250.0-250.0]" time="0.000" /><testcase classname="backend.tests.test_iter482_golden_matrix" name="test_storage_various_hammer_no_sc_leakage[1000.0-1000.0]" time="0.000" /><testcase classname="backend.tests.test_iter482_golden_matrix" name="test_vehicle_fees_only_via_stripe[100.0-basic-920]" time="0.000" /><testcase classname="backend.tests.test_iter482_golden_matrix" name="test_vehicle_fees_only_via_stripe[500.0-basic-4599]" time="0.000" /><testcase classname="backend.tests.test_iter482_golden_matrix" name="test_vehicle_fees_only_via_stripe[100.0-premium-700]" time="0.000" /><testcase classname="backend.tests.test_iter482_golden_matrix" name="test_vehicle_fees_only_via_stripe[100.0-vip_elite-630]" time="0.000" /><testcase classname="backend.tests.test_iter482_golden_matrix" name="test_resolver_matrix[user0-listing0-broker]" time="0.000" /><testcase classname="backend.tests.test_iter482_golden_matrix" name="test_resolver_matrix[user1-listing1-partner]" time="0.000" /><testcase classname="backend.tests.test_iter482_golden_matrix" name="test_resolver_matrix[user2-listing2-partner_pro]" time="0.000" /><testcase classname="backend.tests.test_iter482_golden_matrix" name="test_resolver_matrix[user3-listing3-individual]" time="0.000" /><testcase classname="backend.tests.test_iter482_golden_matrix" name="test_resolver_matrix[user4-listing4-vehicle_dealer]" time="0.000" /><testcase classname="backend.tests.test_iter482_golden_matrix" name="test_resolver_matrix[user5-listing5-vehicle_dealer]" time="0.000" /><testcase classname="backend.tests.test_iter482_golden_matrix" name="test_resolver_matrix[user6-listing6-storage_facility]" time="0.000" /><testcase classname="backend.tests.test_iter482_golden_matrix" name="test_resolver_matrix[user7-listing7-storage_facility]" time="0.000" /><testcase classname="backend.tests.test_iter482_golden_matrix" name="test_resolver_matrix[user8-listing8-storage_facility]" time="0.000" /><testcase classname="backend.tests.test_iter482_golden_matrix" name="test_resolver_matrix[user9-listing9-broker]" time="0.000" /><testcase classname="backend.tests.test_iter482_golden_matrix" name="test_resolver_matrix[user10-listing10-enterprise]" time="0.000" /><testcase classname="backend.tests.test_iter482_golden_matrix" name="test_resolver_matrix[user11-listing11-enterprise]" time="0.000" /><testcase classname="backend.tests.test_iter482_golden_matrix" name="test_resolver_matrix[user12-listing12-individual]" time="0.000" /><testcase classname="backend.tests.test_iter482_golden_matrix" name="test_resolver_matrix[user13-listing13-individual]" time="0.000" /><testcase classname="backend.tests.test_iter482_golden_matrix" name="test_resolver_matrix[user14-listing14-individual]" time="0.000" /><testcase classname="backend.tests.test_iter482_golden_matrix" name="test_resolver_matrix[user15-listing15-individual]" time="0.000" /><testcase classname="backend.tests.test_iter482_golden_matrix" name="test_resolver_fails_closed_on_empty_user_dict" time="0.000" /><testcase classname="backend.tests.test_iter482_golden_matrix" name="test_resolver_fails_closed_on_none_user" time="0.000" /><testcase classname="backend.tests.test_iter482_golden_matrix" name="test_all_cent_fields_are_integer_across_matrix" time="0.000" /><testcase classname="backend.tests.test_iter482_golden_matrix" name="test_calculate_fee_accepts_all_seller_types[individual-True]" time="0.000" /><testcase classname="backend.tests.test_iter482_golden_matrix" name="test_calculate_fee_accepts_all_seller_types[enterprise-True]" time="0.000" /><testcase classname="backend.tests.test_iter482_golden_matrix" name="test_calculate_fee_accepts_all_seller_types[partner-True]" time="0.000" /><testcase classname="backend.tests.test_iter482_golden_matrix" name="test_calculate_fee_accepts_all_seller_types[storage_facility-True]" time="0.000" /><testcase classname="backend.tests.test_iter482_golden_matrix" name="test_calculate_fee_accepts_all_seller_types[vehicle_dealer-True]" time="0.000" /><testcase classname="backend.tests.test_iter482_golden_matrix" name="test_partner_invariant_receipt_persistence_shape" time="0.000" /><testcase classname="backend.tests.test_iter482_refund_engine" name="test_refund_partner_full" time="0.342" /><testcase classname="backend.tests.test_iter482_refund_engine" name="test_refund_non_partner_full" time="0.002" /><testcase classname="backend.tests.test_iter482_refund_engine" name="test_refund_partial" time="0.001" /><testcase classname="backend.tests.test_iter482_refund_engine" name="test_refund_idempotent_duplicate_blocked" time="0.001" /><testcase classname="backend.tests.test_iter482_refund_engine" name="test_refund_stripe_error_leaves_state_unchanged" time="0.001" /><testcase classname="backend.tests.test_iter482_refund_engine" name="test_refund_negative_amount_rejected" time="0.001" /><testcase classname="backend.tests.test_iter482_refund_engine" name="test_refund_missing_stripe_key_rejected" time="0.001" /></testsuite></testsuites>