<?xml version="1.0" encoding="utf-8"?><testsuites name="pytest tests"><testsuite name="pytest" errors="0" failures="0" skipped="0" tests="12" time="22.283" timestamp="2026-06-22T22:51:37.600593+00:00" hostname="agent-env-c75ae3b4-0836-48ac-857c-c6a46c32e016"><testcase classname="backend.tests.test_iter312_ai_review_dataloss" name="test_manual_vehicle_review_preserves_all_fields" time="1.843" /><testcase classname="backend.tests.test_iter312_ai_review_dataloss" name="test_admin_approve_preserves_seller_fields_end_to_end" time="2.279" /><testcase classname="backend.tests.test_iter312_ai_review_dataloss" name="test_seller_can_edit_pending_listing" time="10.741" /><testcase classname="backend.tests.test_iter312_ai_review_dataloss" name="test_resubmit_endpoint_exists_and_responds" time="1.361" /><testcase classname="backend.tests.test_iter312_ai_review_dataloss" name="test_admin_approve_uses_pure_set_semantics" time="0.946" /><testcase classname="backend.tests.test_iter312_ai_review_dataloss" name="test_request_manual_vehicle_review_no_longer_hardcodes_empties" time="0.045" /><testcase classname="backend.tests.test_iter312_draft_expiry" name="test_draft_under_23_days_left_alone" time="1.392" /><testcase classname="backend.tests.test_iter312_draft_expiry" name="test_draft_24_days_old_gets_warning" time="1.162" /><testcase classname="backend.tests.test_iter312_draft_expiry" name="test_draft_31_days_old_gets_archived" time="0.963" /><testcase classname="backend.tests.test_iter312_draft_expiry" name="test_draft_expiry_sweep_is_idempotent" time="1.372" /><testcase classname="backend.tests.test_iter312_draft_expiry" name="test_draft_expiry_sweep_hits_all_5_collections" time="0.000" /><testcase classname="backend.tests.test_iter312_draft_expiry" name="test_scheduler_registers_draft_expiry_job" time="0.044" /></testsuite></testsuites>