<?xml version="1.0" encoding="utf-8"?><testsuites name="pytest tests"><testsuite name="pytest" errors="0" failures="0" skipped="1" tests="4" time="5.428" timestamp="2026-07-28T15:19:29.184039+00:00" hostname="agent-env-c75ae3b4-0836-48ac-857c-c6a46c32e016"><testcase classname="backend.tests.test_iter404_terms_gate_e2e" name="test_bid_returns_403_terms_missing" time="1.612" /><testcase classname="backend.tests.test_iter404_terms_gate_e2e" name="test_accept_platform_terms_persists_and_idempotent" time="2.084" /><testcase classname="backend.tests.test_iter404_terms_gate_e2e" name="test_bid_no_longer_reports_terms_after_acceptance" time="1.083" /><testcase classname="backend.tests.test_iter404_terms_gate_e2e" name="test_storage_auction_bid_403_contract" time="0.536"><skipped type="pytest.skip" message="no active storage auction available">/app/backend/tests/test_iter404_terms_gate_e2e.py:188: no active storage auction available</skipped></testcase></testsuite></testsuites>