<?xml version="1.0" encoding="utf-8"?><testsuites name="pytest tests"><testsuite name="pytest" errors="0" failures="0" skipped="0" tests="32" time="5.843" timestamp="2026-04-24T18:11:34.383633+00:00" hostname="agent-env-c75ae3b4-0836-48ac-857c-c6a46c32e016"><testcase classname="backend.tests.test_admin_audit_iter157.TestEmailMarketing" name="test_campaigns_list" time="0.822" /><testcase classname="backend.tests.test_admin_audit_iter157.TestEmailMarketing" name="test_campaign_stats_shape" time="0.253" /><testcase classname="backend.tests.test_admin_audit_iter157.TestEmailMarketing" name="test_delete_nonexistent_campaign_returns_404" time="0.118" /><testcase classname="backend.tests.test_admin_audit_iter157.TestEmailMarketing" name="test_delete_without_auth_returns_401_or_403" time="0.064" /><testcase classname="backend.tests.test_admin_audit_iter157.TestLegalPages" name="test_get_legal_pages_admin_200" time="0.123" /><testcase classname="backend.tests.test_admin_audit_iter157.TestLegalPages" name="test_get_legal_pages_no_auth_401_or_403" time="0.050" /><testcase classname="backend.tests.test_admin_audit_iter157.TestLegalPages" name="test_put_legal_pages_admin_200" time="0.310" /><testcase classname="backend.tests.test_admin_audit_iter157.TestLegalPages" name="test_seed_legal_pages_admin_200" time="0.116" /><testcase classname="backend.tests.test_admin_audit_iter157.TestAdminSections" name="test_section_returns_200[/api/admin/site-config]" time="0.824" /><testcase classname="backend.tests.test_admin_audit_iter157.TestAdminSections" name="test_section_returns_200[/api/admin/marketplace-settings]" time="0.116" /><testcase classname="backend.tests.test_admin_audit_iter157.TestAdminSections" name="test_section_returns_200[/api/admin/subscription-plans]" time="0.083" /><testcase classname="backend.tests.test_admin_audit_iter157.TestAdminSections" name="test_section_returns_200[/api/admin/subscription-analytics]" time="0.215" /><testcase classname="backend.tests.test_admin_audit_iter157.TestAdminSections" name="test_section_returns_200[/api/admin/coupons]" time="0.115" /><testcase classname="backend.tests.test_admin_audit_iter157.TestAdminSections" name="test_section_returns_200[/api/admin/trust-safety/scores]" time="0.614" /><testcase classname="backend.tests.test_admin_audit_iter157.TestAdminSections" name="test_section_returns_200[/api/admin/vehicle-deposits]" time="0.181" /><testcase classname="backend.tests.test_admin_audit_iter157.TestAdminSections" name="test_section_returns_200[/api/admin/messages/flagged]" time="0.130" /><testcase classname="backend.tests.test_admin_audit_iter157.TestAdminSections" name="test_section_returns_200[/api/admin/platform-cleanup/preview]" time="0.152" /><testcase classname="backend.tests.test_admin_audit_iter157.TestAdminSections" name="test_section_returns_200[/api/admin/email-templates]" time="0.120" /><testcase classname="backend.tests.test_admin_audit_iter157.TestAdminSections" name="test_section_returns_200[/api/admin/marketing/campaigns]" time="0.127" /><testcase classname="backend.tests.test_admin_audit_iter157.TestAdminSections" name="test_section_returns_200[/api/admin/site-config/legal-pages]" time="0.125" /><testcase classname="backend.tests.test_admin_audit_iter157.TestRegression" name="test_site_mode_accessible" time="0.050" /><testcase classname="backend.tests.test_admin_audit_iter157.TestRegression" name="test_vehicle_deposits_list" time="0.184" /><testcase classname="backend.tests.test_admin_audit_iter157.TestRegression" name="test_vehicle_deposit_release_nonexistent_not_500" time="0.119" /><testcase classname="backend.tests.test_admin_audit_iter157.TestRegression" name="test_users_status_nonexistent_not_500" time="0.116" /><testcase classname="backend.tests.test_admin_audit_iter157.TestRegression" name="test_users_opc_verify_nonexistent_not_500" time="0.090" /><testcase classname="backend.tests.test_admin_audit_iter157.TestRegression" name="test_listings_bulk_action_empty_list_422" time="0.084" /><testcase classname="backend.tests.test_admin_audit_iter157.TestRegression" name="test_listings_put_nonexistent_404" time="0.123" /><testcase classname="backend.tests.test_admin_audit_iter157.TestRegression" name="test_invoice_pdf_fr_nonexistent_404_not_500" time="0.116" /><testcase classname="backend.tests.test_admin_audit_iter157.TestAdminSectionsNoAuth" name="test_no_auth_rejected[/api/admin/marketing/campaigns]" time="0.050" /><testcase classname="backend.tests.test_admin_audit_iter157.TestAdminSectionsNoAuth" name="test_no_auth_rejected[/api/admin/site-config/legal-pages]" time="0.049" /><testcase classname="backend.tests.test_admin_audit_iter157.TestAdminSectionsNoAuth" name="test_no_auth_rejected[/api/admin/platform-cleanup/preview]" time="0.052" /><testcase classname="backend.tests.test_admin_audit_iter157.TestAdminSectionsNoAuth" name="test_no_auth_rejected[/api/admin/vehicle-deposits]" time="0.054" /></testsuite></testsuites>