<?xml version="1.0" encoding="utf-8"?><testsuites name="pytest tests"><testsuite name="pytest" errors="0" failures="0" skipped="0" tests="12" time="59.078" timestamp="2026-03-21T14:10:11.016699+00:00" hostname="agent-env-1d15024e-8c77-4cfa-9636-544d97337818"><testcase classname="backend.tests.test_partner_page_81.TestPartnerProPricing" name="test_subscription_plans_returns_partner_pro" time="57.028" /><testcase classname="backend.tests.test_partner_page_81.TestPartnerProPricing" name="test_partner_pro_price_is_100" time="0.423" /><testcase classname="backend.tests.test_partner_page_81.TestPartnerProPricing" name="test_partner_pro_original_price" time="0.352" /><testcase classname="backend.tests.test_partner_page_81.TestPartnerProPricing" name="test_partner_pro_features" time="0.360" /><testcase classname="backend.tests.test_partner_page_81.TestPartnerProPricing" name="test_price_breakdown_partner_pro" time="0.154" /><testcase classname="backend.tests.test_partner_page_81.TestSubscriptionPlansAPI" name="test_all_plans_have_required_fields" time="0.360" /><testcase classname="backend.tests.test_partner_page_81.TestSubscriptionPlansAPI" name="test_plans_sorted_correctly" time="0.356" /><testcase classname="backend.tests.test_partner_page_81.TestI18nKeys" name="test_en_locale_has_partner_page_keys" time="0.001" /><testcase classname="backend.tests.test_partner_page_81.TestI18nKeys" name="test_fr_locale_has_partner_page_keys" time="0.001" /><testcase classname="backend.tests.test_partner_page_81.TestI18nKeys" name="test_en_fr_keys_match" time="0.001" /><testcase classname="backend.tests.test_partner_page_81.TestI18nKeys" name="test_hero_badge_translations" time="0.001" /><testcase classname="backend.tests.test_partner_page_81.TestI18nKeys" name="test_fee_line1_contains_100_cad" time="0.001" /></testsuite></testsuites>