<?xml version="1.0" encoding="utf-8"?><testsuites name="pytest tests"><testsuite name="pytest" errors="0" failures="1" skipped="0" tests="17" time="82.528" timestamp="2026-03-16T20:48:59.804758+00:00" hostname="agent-env-dcb54577-03ab-4c1e-9ffd-885e06e3cba9"><testcase classname="backend.tests.test_new_features_iteration_48.TestRegistrationTermsConsent" name="test_register_without_terms_agreed_fails" time="47.489" /><testcase classname="backend.tests.test_new_features_iteration_48.TestRegistrationTermsConsent" name="test_register_with_terms_agreed_succeeds" time="0.907" /><testcase classname="backend.tests.test_new_features_iteration_48.TestRegistrationTermsConsent" name="test_register_missing_terms_field_defaults_false" time="0.135" /><testcase classname="backend.tests.test_new_features_iteration_48.TestTeamManagementRBAC" name="test_get_roles_info" time="0.157" /><testcase classname="backend.tests.test_new_features_iteration_48.TestTeamManagementRBAC" name="test_invite_requires_admin" time="0.131" /><testcase classname="backend.tests.test_new_features_iteration_48.TestTeamManagementRBAC" name="test_invite_team_member_as_admin" time="1.024" /><testcase classname="backend.tests.test_new_features_iteration_48.TestTeamManagementRBAC" name="test_list_team_members_as_admin" time="0.569" /><testcase classname="backend.tests.test_new_features_iteration_48.TestTeamManagementRBAC" name="test_list_team_members_requires_admin" time="0.114" /><testcase classname="backend.tests.test_new_features_iteration_48.TestTeamManagementRBAC" name="test_list_invitations_as_admin" time="0.592" /><testcase classname="backend.tests.test_new_features_iteration_48.TestTeamManagementRBAC" name="test_invite_info_and_accept_flow" time="1.576" /><testcase classname="backend.tests.test_new_features_iteration_48.TestTeamManagementRBAC" name="test_invalid_token_returns_404" time="0.182" /><testcase classname="backend.tests.test_new_features_iteration_48.TestTeamManagementRBAC" name="test_update_member_role" time="0.943" /><testcase classname="backend.tests.test_new_features_iteration_48.TestTeamManagementRBAC" name="test_cancel_invitation" time="0.841" /><testcase classname="backend.tests.test_new_features_iteration_48.TestAIChatbotClaude" name="test_ai_chat_responds" time="9.977" /><testcase classname="backend.tests.test_new_features_iteration_48.TestAIChatbotClaude" name="test_ai_chat_knows_premium_price" time="6.339" /><testcase classname="backend.tests.test_new_features_iteration_48.TestAIChatbotClaude" name="test_ai_chat_knows_vip_price" time="0.690"><failure message="AssertionError: VIP price not mentioned: I apologize, but I'm experiencing technical difficulties. Please try again or contact support@bidvex.com.&#10;assert ('355' in &quot;I apologize, but I'm experiencing technical difficulties. Please try again or contact support@bidvex.com.&quot; or '$355.54' in &quot;I apologize, but I'm experiencing technical difficulties. Please try again or contact support@bidvex.com.&quot;)">backend/tests/test_new_features_iteration_48.py:349: in test_ai_chat_knows_vip_price
    assert "355" in message or "$355.54" in message, f"VIP price not mentioned: {message[:200]}"
E   AssertionError: VIP price not mentioned: I apologize, but I'm experiencing technical difficulties. Please try again or contact support@bidvex.com.
E   assert ('355' in "I apologize, but I'm experiencing technical difficulties. Please try again or contact support@bidvex.com." or '$355.54' in "I apologize, but I'm experiencing technical difficulties. Please try again or contact support@bidvex.com.")</failure></testcase><testcase classname="backend.tests.test_new_features_iteration_48.TestAIChatbotClaude" name="test_ai_chat_knows_refund_policy" time="10.769" /></testsuite></testsuites>