<?xml version="1.0" encoding="utf-8"?><testsuites name="pytest tests"><testsuite name="pytest" errors="0" failures="0" skipped="0" tests="16" time="6.028" timestamp="2026-02-27T17:26:11.088881+00:00" hostname="agent-env-0cbf68f3-baa4-4c40-92df-a8c201aeb783"><testcase classname="tests.test_pricing_engine.TestPublicSubscriptionPlansAPI" name="test_subscription_plans_endpoint_returns_success" time="0.331" /><testcase classname="tests.test_pricing_engine.TestPublicSubscriptionPlansAPI" name="test_subscription_plans_contains_three_plans" time="0.285" /><testcase classname="tests.test_pricing_engine.TestPublicSubscriptionPlansAPI" name="test_premium_plan_has_correct_yearly_price" time="0.280" /><testcase classname="tests.test_pricing_engine.TestPublicSubscriptionPlansAPI" name="test_premium_plan_has_original_price_for_strikethrough" time="0.311" /><testcase classname="tests.test_pricing_engine.TestPublicSubscriptionPlansAPI" name="test_vip_plan_has_correct_yearly_price" time="0.288" /><testcase classname="tests.test_pricing_engine.TestPublicSubscriptionPlansAPI" name="test_vip_plan_has_original_price_for_strikethrough" time="0.273" /><testcase classname="tests.test_pricing_engine.TestPublicSubscriptionPlansAPI" name="test_discount_percentage_calculation_premium" time="0.277" /><testcase classname="tests.test_pricing_engine.TestPublicSubscriptionPlansAPI" name="test_discount_percentage_calculation_vip" time="0.466" /><testcase classname="tests.test_pricing_engine.TestPublicSubscriptionPlansAPI" name="test_stripe_price_id_fields_exposed" time="0.279" /><testcase classname="tests.test_pricing_engine.TestPublicSubscriptionPlansAPI" name="test_savings_calculation_premium" time="0.288" /><testcase classname="tests.test_pricing_engine.TestPublicSubscriptionPlansAPI" name="test_savings_calculation_vip" time="0.276" /><testcase classname="tests.test_pricing_engine.TestPublicSubscriptionPlansAPI" name="test_monthly_prices_also_have_original_prices" time="0.269" /><testcase classname="tests.test_pricing_engine.TestPublicSubscriptionPlansAPI" name="test_free_plan_has_zero_prices" time="0.282" /><testcase classname="tests.test_pricing_engine.TestAdminPricingEndpoints" name="test_admin_subscription_plans_endpoint" time="0.744" /><testcase classname="tests.test_pricing_engine.TestAdminPricingEndpoints" name="test_admin_plans_include_original_price_fields" time="0.729" /><testcase classname="tests.test_pricing_engine.TestAdminPricingEndpoints" name="test_pricing_changelog_endpoint" time="0.611" /></testsuite></testsuites>