<?xml version="1.0" encoding="utf-8"?><testsuites name="pytest tests"><testsuite name="pytest" errors="0" failures="0" skipped="0" tests="38" time="20.788" timestamp="2026-03-21T04:12:21.782345+00:00" hostname="agent-env-abdf77a7-3cd7-4a2c-bddc-cf22eb233a2f"><testcase classname="backend.tests.test_reviews_system_79.TestReviewCreation" name="test_01_create_review_no_transaction" time="1.140" /><testcase classname="backend.tests.test_reviews_system_79.TestReviewCreation" name="test_02_create_review_invalid_rating" time="0.215" /><testcase classname="backend.tests.test_reviews_system_79.TestReviewCreation" name="test_03_create_review_comment_too_short" time="0.135" /><testcase classname="backend.tests.test_reviews_system_79.TestReviewCreation" name="test_04_create_review_unauthenticated" time="0.100" /><testcase classname="backend.tests.test_reviews_system_79.TestReviewDetails" name="test_05_get_details_not_found" time="1.189" /><testcase classname="backend.tests.test_reviews_system_79.TestReviewDetails" name="test_06_get_details_unauthenticated" time="0.110" /><testcase classname="backend.tests.test_reviews_system_79.TestSellerReputation" name="test_07_get_reputation_new_seller" time="0.269" /><testcase classname="backend.tests.test_reviews_system_79.TestSellerReputation" name="test_08_get_reputation_response_structure" time="0.163" /><testcase classname="backend.tests.test_reviews_system_79.TestSellerReviews" name="test_09_get_seller_reviews_pagination" time="0.197" /><testcase classname="backend.tests.test_reviews_system_79.TestSellerReviews" name="test_10_get_seller_reviews_limit_validation" time="0.100" /><testcase classname="backend.tests.test_reviews_system_79.TestTransactionReview" name="test_11_get_transaction_review_not_found" time="0.149" /><testcase classname="backend.tests.test_reviews_system_79.TestBatchReputations" name="test_12_batch_reputations_valid" time="0.171" /><testcase classname="backend.tests.test_reviews_system_79.TestBatchReputations" name="test_13_batch_reputations_empty" time="0.107" /><testcase classname="backend.tests.test_reviews_system_79.TestBatchReputations" name="test_14_batch_reputations_too_many" time="0.107" /><testcase classname="backend.tests.test_reviews_system_79.TestAdminModeration" name="test_15_flag_review_not_found" time="0.984" /><testcase classname="backend.tests.test_reviews_system_79.TestAdminModeration" name="test_16_unflag_review_not_found" time="0.408" /><testcase classname="backend.tests.test_reviews_system_79.TestAdminModeration" name="test_17_delete_review_not_found" time="0.367" /><testcase classname="backend.tests.test_reviews_system_79.TestAdminModeration" name="test_18_moderation_pending_admin_only" time="0.395" /><testcase classname="backend.tests.test_reviews_system_79.TestAdminModeration" name="test_19_moderation_pending_no_auth" time="0.095" /><testcase classname="backend.tests.test_reviews_system_79.TestReviewUpdate" name="test_20_update_review_not_found" time="0.964" /><testcase classname="backend.tests.test_reviews_system_79.TestReviewUpdate" name="test_21_update_review_unauthenticated" time="0.125" /><testcase classname="backend.tests.test_reviews_system_79.TestEndToEndReviewFlow" name="test_22_full_review_flow_setup" time="0.800" /><testcase classname="backend.tests.test_reviews_system_79.TestBadgeLogic" name="test_23_badge_thresholds_documented" time="0.171" /><testcase classname="backend.tests.test_reviews_system_79.TestRateLimiting" name="test_24_rate_limit_exists" time="1.089" /><testcase classname="backend.tests.test_reviews_e2e_79.TestE2EReviewCreation" name="test_01_create_review_success" time="2.660" /><testcase classname="backend.tests.test_reviews_e2e_79.TestE2EReviewCreation" name="test_02_create_duplicate_review_rejected" time="0.555" /><testcase classname="backend.tests.test_reviews_e2e_79.TestE2EReviewCreation" name="test_03_self_review_rejected" time="0.495" /><testcase classname="backend.tests.test_reviews_e2e_79.TestE2EReviewCreation" name="test_04_get_review_details" time="0.528" /><testcase classname="backend.tests.test_reviews_e2e_79.TestE2EReputationCalculation" name="test_05_reputation_after_review" time="0.159" /><testcase classname="backend.tests.test_reviews_e2e_79.TestE2EReputationCalculation" name="test_06_create_more_reviews_for_badge_test" time="2.141" /><testcase classname="backend.tests.test_reviews_e2e_79.TestE2EEditWindow" name="test_07_edit_review_within_window" time="0.671" /><testcase classname="backend.tests.test_reviews_e2e_79.TestE2EEditWindow" name="test_08_edit_review_after_window_expired" time="0.513" /><testcase classname="backend.tests.test_reviews_e2e_79.TestE2EAdminModeration" name="test_09_admin_flag_review" time="0.814" /><testcase classname="backend.tests.test_reviews_e2e_79.TestE2EAdminModeration" name="test_10_admin_unflag_review" time="0.655" /><testcase classname="backend.tests.test_reviews_e2e_79.TestE2EAdminModeration" name="test_11_admin_delete_review" time="0.668" /><testcase classname="backend.tests.test_reviews_e2e_79.TestE2EAdminModeration" name="test_12_moderation_pending_list" time="0.543" /><testcase classname="backend.tests.test_reviews_e2e_79.TestE2ESellerReviews" name="test_13_get_seller_reviews" time="0.204" /><testcase classname="backend.tests.test_reviews_e2e_79.TestE2ETransactionReview" name="test_14_get_transaction_review" time="0.516" /></testsuite></testsuites>