<?xml version="1.0" encoding="utf-8"?><testsuites name="pytest tests"><testsuite name="pytest" errors="0" failures="0" skipped="0" tests="14" time="3.820" timestamp="2026-02-07T03:36:57.483140+00:00" hostname="agent-env-84adeff6-0ccc-42fb-a622-23f9acfa669c"><testcase classname="backend.tests.test_vehicle_discovery_mode.TestSystemStatusEndpoint" name="test_system_status_returns_discovery_mode" time="0.082" /><testcase classname="backend.tests.test_vehicle_discovery_mode.TestSystemStatusEndpoint" name="test_system_status_no_auth_required" time="0.043" /><testcase classname="backend.tests.test_vehicle_discovery_mode.TestAdminToggleEndpoints" name="test_admin_get_system_settings" time="0.339" /><testcase classname="backend.tests.test_vehicle_discovery_mode.TestAdminToggleEndpoints" name="test_admin_toggle_auctions_enable" time="0.320" /><testcase classname="backend.tests.test_vehicle_discovery_mode.TestAdminToggleEndpoints" name="test_admin_toggle_auctions_disable" time="0.324" /><testcase classname="backend.tests.test_vehicle_discovery_mode.TestAdminToggleEndpoints" name="test_admin_toggle_listing_enable" time="0.322" /><testcase classname="backend.tests.test_vehicle_discovery_mode.TestAdminToggleEndpoints" name="test_admin_toggle_listing_disable" time="0.334" /><testcase classname="backend.tests.test_vehicle_discovery_mode.TestAdminToggleEndpoints" name="test_toggle_auctions_requires_admin" time="0.040" /><testcase classname="backend.tests.test_vehicle_discovery_mode.TestAdminToggleEndpoints" name="test_toggle_listing_requires_admin" time="0.044" /><testcase classname="backend.tests.test_vehicle_discovery_mode.TestBiddingBlockedWhenDisabled" name="test_bidding_blocked_when_disabled" time="0.349" /><testcase classname="backend.tests.test_vehicle_discovery_mode.TestListingBlockedWhenDisabled" name="test_listing_blocked_when_disabled" time="0.370" /><testcase classname="backend.tests.test_vehicle_discovery_mode.TestDiscoveryModeIntegration" name="test_discovery_mode_flow" time="0.413" /><testcase classname="backend.tests.test_vehicle_discovery_mode.TestDiscoveryModeIntegration" name="test_enable_auctions_disables_discovery_mode" time="0.391" /><testcase classname="backend.tests.test_vehicle_discovery_mode.TestCleanup" name="test_cleanup_ensure_discovery_mode" time="0.404" /></testsuite></testsuites>