<?xml version="1.0" encoding="utf-8"?><testsuites name="pytest tests"><testsuite name="pytest" errors="0" failures="0" skipped="0" tests="9" time="41.584" timestamp="2026-03-14T20:33:08.813744+00:00" hostname="agent-env-4224e2c2-c1ef-40e7-984c-298e880bb6d1"><testcase classname="backend.tests.test_bug_fixes_iteration_46.TestMarketplaceAPI" name="test_marketplace_items_returns_is_partner_listing" time="37.739" /><testcase classname="backend.tests.test_bug_fixes_iteration_46.TestMarketplaceAPI" name="test_marketplace_items_returns_auction_id" time="1.178" /><testcase classname="backend.tests.test_bug_fixes_iteration_46.TestMarketplaceAPI" name="test_standalone_item_has_null_auction_id" time="0.371" /><testcase classname="backend.tests.test_bug_fixes_iteration_46.TestMarketplaceAPI" name="test_item_has_required_routing_fields" time="0.393" /><testcase classname="backend.tests.test_bug_fixes_iteration_46.TestHealthCheck" name="test_health_endpoint" time="0.107" /><testcase classname="backend.tests.test_bug_fixes_iteration_46.TestAuthAndBidErrorHandling" name="test_login_returns_token" time="0.556" /><testcase classname="backend.tests.test_bug_fixes_iteration_46.TestAuthAndBidErrorHandling" name="test_bid_without_auth_returns_401" time="0.178" /><testcase classname="backend.tests.test_bug_fixes_iteration_46.TestAuthAndBidErrorHandling" name="test_bid_validation_error_returns_proper_format" time="0.916" /><testcase classname="backend.tests.test_bug_fixes_iteration_46.TestPartnerPageAndUI" name="test_partner_status_without_auth" time="0.114" /></testsuite></testsuites>