<?xml version="1.0" encoding="utf-8"?><testsuites name="pytest tests"><testsuite name="pytest" errors="0" failures="0" skipped="0" tests="16" time="9.337" timestamp="2026-02-20T03:26:36.654566+00:00" hostname="agent-env-5c5a73f1-bcba-40aa-8b07-e4dee46cdef6"><testcase classname="backend.tests.test_client_email_marketing.TestClientEmailMarketing" name="test_marketing_access_vip_user" time="0.557" /><testcase classname="backend.tests.test_client_email_marketing.TestClientEmailMarketing" name="test_subscription_limits_structure" time="0.502" /><testcase classname="backend.tests.test_client_email_marketing.TestClientEmailMarketing" name="test_get_templates_returns_5_templates" time="0.505" /><testcase classname="backend.tests.test_client_email_marketing.TestClientEmailMarketing" name="test_add_contact_with_consent" time="0.673" /><testcase classname="backend.tests.test_client_email_marketing.TestClientEmailMarketing" name="test_list_contacts" time="0.782" /><testcase classname="backend.tests.test_client_email_marketing.TestClientEmailMarketing" name="test_get_contact_stats" time="0.501" /><testcase classname="backend.tests.test_client_email_marketing.TestClientEmailMarketing" name="test_delete_contact" time="0.808" /><testcase classname="backend.tests.test_client_email_marketing.TestClientEmailMarketing" name="test_bulk_add_contacts" time="0.676" /><testcase classname="backend.tests.test_client_email_marketing.TestClientEmailMarketing" name="test_create_campaign" time="0.509" /><testcase classname="backend.tests.test_client_email_marketing.TestClientEmailMarketing" name="test_list_campaigns" time="0.503" /><testcase classname="backend.tests.test_client_email_marketing.TestClientEmailMarketing" name="test_get_single_campaign" time="0.646" /><testcase classname="backend.tests.test_client_email_marketing.TestClientEmailMarketing" name="test_update_campaign" time="0.615" /><testcase classname="backend.tests.test_client_email_marketing.TestClientMarketingQuotas" name="test_quota_structure" time="0.504" /><testcase classname="backend.tests.test_client_email_marketing.TestClientMarketingQuotas" name="test_contact_limit_check" time="0.520" /><testcase classname="backend.tests.test_client_email_marketing.TestTemplateDetails" name="test_template_subjects" time="0.513" /><testcase classname="backend.tests.test_client_email_marketing.TestTemplateDetails" name="test_templates_have_unsubscribe_link" time="0.496" /></testsuite></testsuites>