<?xml version="1.0" encoding="utf-8"?><testsuites name="pytest tests"><testsuite name="pytest" errors="0" failures="0" skipped="0" tests="13" time="39.751" timestamp="2026-03-14T17:58:36.921331+00:00" hostname="agent-env-c792df6f-2afd-4899-96a2-864647057518"><testcase classname="tests.test_phase2_partner_system.TestPartnerFeePreview" name="test_fee_preview_10000_hammer_18_percent_premium" time="32.293" /><testcase classname="tests.test_phase2_partner_system.TestPartnerFeePreview" name="test_fee_preview_5000_hammer_5_percent_premium" time="0.968" /><testcase classname="tests.test_phase2_partner_system.TestPartnerFeePreview" name="test_fee_preview_zero_premium" time="0.921" /><testcase classname="tests.test_phase2_partner_system.TestCheckoutFeeBreakdown" name="test_fee_breakdown_nonexistent_listing" time="0.972" /><testcase classname="tests.test_phase2_partner_system.TestPartnerStatus" name="test_partner_status_returns_200" time="1.101" /><testcase classname="tests.test_phase2_partner_system.TestAdminPartners" name="test_admin_partners_list" time="0.960" /><testcase classname="tests.test_phase2_partner_system.TestTaxEngineConstants" name="test_partner_platform_fee_rate_constant" time="0.003" /><testcase classname="tests.test_phase2_partner_system.TestTaxEngineConstants" name="test_gst_number_correct" time="0.000" /><testcase classname="tests.test_phase2_partner_system.TestTaxEngineConstants" name="test_qst_number_correct" time="0.000" /><testcase classname="tests.test_phase2_partner_system.TestStripeConnectService" name="test_calculate_partner_listing_checkout_fund_split" time="0.002" /><testcase classname="tests.test_phase2_partner_system.TestStripeConnectService" name="test_partner_listing_with_tax_registration" time="0.000" /><testcase classname="tests.test_phase2_partner_system.TestPartnerApply" name="test_partner_apply_endpoint_exists" time="1.284" /><testcase classname="tests.test_phase2_partner_system.TestServerConstants" name="test_partner_platform_fee_rate_in_server" time="1.198" /></testsuite></testsuites>