<?xml version="1.0" encoding="utf-8"?><testsuites name="pytest tests"><testsuite name="pytest" errors="0" failures="0" skipped="0" tests="18" time="12.779" timestamp="2026-04-02T16:55:23.501640+00:00" hostname="agent-env-c75ae3b4-0836-48ac-857c-c6a46c32e016"><testcase classname="backend.tests.test_redis_cache_layer_91.TestCacheStats" name="test_cache_stats_returns_backend_info" time="0.173" /><testcase classname="backend.tests.test_redis_cache_layer_91.TestCacheStats" name="test_cache_stats_memory_fallback" time="0.168" /><testcase classname="backend.tests.test_redis_cache_layer_91.TestHealthEndpoint" name="test_api_health" time="0.141" /><testcase classname="backend.tests.test_redis_cache_layer_91.TestMarketplaceItemsCaching" name="test_marketplace_items_returns_paginated_items" time="0.909" /><testcase classname="backend.tests.test_redis_cache_layer_91.TestMarketplaceItemsCaching" name="test_marketplace_items_pagination" time="0.876" /><testcase classname="backend.tests.test_redis_cache_layer_91.TestMarketplaceItemsCaching" name="test_marketplace_items_filtering" time="0.112" /><testcase classname="backend.tests.test_redis_cache_layer_91.TestFilterCountsCaching" name="test_filter_counts_returns_cached_data" time="0.270" /><testcase classname="backend.tests.test_redis_cache_layer_91.TestCategoriesCaching" name="test_categories_returns_cached_list" time="0.163" /><testcase classname="backend.tests.test_redis_cache_layer_91.TestCategoriesCaching" name="test_categories_caching_increases_keys" time="0.486" /><testcase classname="backend.tests.test_redis_cache_layer_91.TestCarouselEndpoints" name="test_new_listings_returns_data" time="0.154" /><testcase classname="backend.tests.test_redis_cache_layer_91.TestCarouselEndpoints" name="test_top_sellers_returns_data" time="0.180" /><testcase classname="backend.tests.test_redis_cache_layer_91.TestAdminEndpointsWithAuth" name="test_admin_login_returns_token" time="0.508" /><testcase classname="backend.tests.test_redis_cache_layer_91.TestAdminEndpointsWithAuth" name="test_admin_risk_monitoring" time="5.347" /><testcase classname="backend.tests.test_redis_cache_layer_91.TestAdminEndpointsWithAuth" name="test_admin_listings_all" time="0.208" /><testcase classname="backend.tests.test_redis_cache_layer_91.TestAdminEndpointsWithAuth" name="test_marketplace_feature_flags" time="0.159" /><testcase classname="backend.tests.test_redis_cache_layer_91.TestCacheInvalidation" name="test_cache_keys_count" time="1.800" /><testcase classname="backend.tests.test_redis_cache_layer_91.TestEndpointResponseTimes" name="test_categories_response_time" time="0.214" /><testcase classname="backend.tests.test_redis_cache_layer_91.TestEndpointResponseTimes" name="test_marketplace_items_response_time" time="0.798" /></testsuite></testsuites>