<?xml version="1.0" encoding="utf-8"?><testsuites name="pytest tests"><testsuite name="pytest" errors="0" failures="0" skipped="10" tests="25" time="41.934" timestamp="2026-03-10T03:37:51.286657+00:00" hostname="agent-env-4630277c-d24e-4a6e-b5a3-e74b67b00dfc"><testcase classname="backend.tests.test_phase2_subscription_seller.TestSubscriptionTiers" name="test_get_subscription_tiers" time="40.095" /><testcase classname="backend.tests.test_phase2_subscription_seller.TestSubscriptionTiers" name="test_subscription_tiers_stripe_price_ids" time="0.093" /><testcase classname="backend.tests.test_phase2_subscription_seller.TestSubscriptionTiers" name="test_subscription_tiers_pricing" time="0.057" /><testcase classname="backend.tests.test_phase2_subscription_seller.TestSubscriptionTiers" name="test_subscription_tiers_fee_rates" time="0.057" /><testcase classname="backend.tests.test_phase2_subscription_seller.TestFeeRates" name="test_get_fee_rates_authenticated" time="0.000"><skipped type="pytest.skip" message="BUG: _get_current_user expects Request object but receives HTTPAuthorizationCredentials">/app/backend/tests/test_phase2_subscription_seller.py:164: BUG: _get_current_user expects Request object but receives HTTPAuthorizationCredentials</skipped></testcase><testcase classname="backend.tests.test_phase2_subscription_seller.TestFeeRates" name="test_get_fee_rates_unauthenticated" time="0.168" /><testcase classname="backend.tests.test_phase2_subscription_seller.TestFeeRates" name="test_fee_rates_all_tiers_info" time="0.000"><skipped type="pytest.skip" message="BUG: _get_current_user expects Request object but receives HTTPAuthorizationCredentials">/app/backend/tests/test_phase2_subscription_seller.py:193: BUG: _get_current_user expects Request object but receives HTTPAuthorizationCredentials</skipped></testcase><testcase classname="backend.tests.test_phase2_subscription_seller.TestSubscriptionUpgrade" name="test_upgrade_to_premium_creates_session" time="0.428" /><testcase classname="backend.tests.test_phase2_subscription_seller.TestSubscriptionUpgrade" name="test_upgrade_invalid_tier_rejected" time="0.060" /><testcase classname="backend.tests.test_phase2_subscription_seller.TestSubscriptionUpgrade" name="test_upgrade_requires_auth" time="0.151" /><testcase classname="backend.tests.test_phase2_subscription_seller.TestSellerEarnings" name="test_get_seller_earnings" time="0.000"><skipped type="pytest.skip" message="BUG: _get_current_user expects Request object but receives HTTPAuthorizationCredentials">/app/backend/tests/test_phase2_subscription_seller.py:278: BUG: _get_current_user expects Request object but receives HTTPAuthorizationCredentials</skipped></testcase><testcase classname="backend.tests.test_phase2_subscription_seller.TestSellerEarnings" name="test_seller_earnings_requires_auth" time="0.125" /><testcase classname="backend.tests.test_phase2_subscription_seller.TestSellerTransactions" name="test_get_seller_transactions" time="0.000"><skipped type="pytest.skip" message="BUG: _get_current_user expects Request object but receives HTTPAuthorizationCredentials">/app/backend/tests/test_phase2_subscription_seller.py:318: BUG: _get_current_user expects Request object but receives HTTPAuthorizationCredentials</skipped></testcase><testcase classname="backend.tests.test_phase2_subscription_seller.TestSellerTransactions" name="test_seller_transactions_pagination" time="0.000"><skipped type="pytest.skip" message="BUG: _get_current_user expects Request object but receives HTTPAuthorizationCredentials">/app/backend/tests/test_phase2_subscription_seller.py:340: BUG: _get_current_user expects Request object but receives HTTPAuthorizationCredentials</skipped></testcase><testcase classname="backend.tests.test_phase2_subscription_seller.TestStripeConnect" name="test_get_connect_status" time="0.000"><skipped type="pytest.skip" message="BUG: users_router not included in api_router - endpoints return 404">/app/backend/tests/test_phase2_subscription_seller.py:365: BUG: users_router not included in api_router - endpoints return 404</skipped></testcase><testcase classname="backend.tests.test_phase2_subscription_seller.TestStripeConnect" name="test_create_connect_onboard" time="0.000"><skipped type="pytest.skip" message="BUG: users_router not included in api_router - endpoints return 404">/app/backend/tests/test_phase2_subscription_seller.py:385: BUG: users_router not included in api_router - endpoints return 404</skipped></testcase><testcase classname="backend.tests.test_phase2_subscription_seller.TestStripeConnect" name="test_connect_status_endpoint_not_registered" time="0.108" /><testcase classname="backend.tests.test_phase2_subscription_seller.TestCheckoutPreview" name="test_checkout_preview_requires_listing" time="0.000"><skipped type="pytest.skip" message="BUG: _get_current_user expects Request object but receives HTTPAuthorizationCredentials">/app/backend/tests/test_phase2_subscription_seller.py:420: BUG: _get_current_user expects Request object but receives HTTPAuthorizationCredentials</skipped></testcase><testcase classname="backend.tests.test_phase2_subscription_seller.TestCheckoutPreview" name="test_checkout_preview_requires_auth" time="0.156" /><testcase classname="backend.tests.test_phase2_subscription_seller.TestProcessingFeeInfo" name="test_get_processing_fee_info" time="0.068" /><testcase classname="backend.tests.test_phase2_subscription_seller.TestCheckoutAuction" name="test_checkout_auction_requires_auth" time="0.112" /><testcase classname="backend.tests.test_phase2_subscription_seller.TestCheckoutAuction" name="test_checkout_auction_invalid_listing" time="0.000"><skipped type="pytest.skip" message="BUG: _get_current_user expects Request object but receives HTTPAuthorizationCredentials">/app/backend/tests/test_phase2_subscription_seller.py:490: BUG: _get_current_user expects Request object but receives HTTPAuthorizationCredentials</skipped></testcase><testcase classname="backend.tests.test_phase2_subscription_seller.TestMySubscriptionStatus" name="test_get_my_subscription_status" time="0.000"><skipped type="pytest.skip" message="BUG: _get_current_user expects Request object but receives HTTPAuthorizationCredentials">/app/backend/tests/test_phase2_subscription_seller.py:513: BUG: _get_current_user expects Request object but receives HTTPAuthorizationCredentials</skipped></testcase><testcase classname="backend.tests.test_phase2_subscription_seller.TestMySubscriptionStatus" name="test_my_status_requires_auth" time="0.139" /><testcase classname="backend.tests.test_phase2_subscription_seller.TestWebhookIntegration" name="test_stripe_webhook_endpoint_not_registered" time="0.054" /></testsuite></testsuites>