<?xml version="1.0" encoding="utf-8"?><testsuites name="pytest tests"><testsuite name="pytest" errors="0" failures="4" skipped="1" tests="19" time="4.986" timestamp="2026-02-06T03:17:35.155793+00:00" hostname="agent-env-84adeff6-0ccc-42fb-a622-23f9acfa669c"><testcase classname="backend.tests.test_cra_tax_reporting.TestAuthEndpoints" name="test_login_success" time="0.324" /><testcase classname="backend.tests.test_cra_tax_reporting.TestAuthEndpoints" name="test_login_invalid_credentials" time="0.262" /><testcase classname="backend.tests.test_cra_tax_reporting.TestAuthEndpoints" name="test_me_endpoint" time="0.303" /><testcase classname="backend.tests.test_cra_tax_reporting.TestSchedulerStatus" name="test_scheduler_status_returns_6_jobs" time="0.298"><failure message="AssertionError: Job process_ended_auctions has no next_run_time&#10;assert None is not None&#10; +  where None = &lt;built-in method get of dict object at 0xfc7ea0861840&gt;('next_run_time')&#10; +    where &lt;built-in method get of dict object at 0xfc7ea0861840&gt; = {'id': 'process_ended_auctions', 'name': 'Process Ended Auctions', 'next_run': '2026-02-06T03:18:28.827410+00:00', 'trigger': 'interval[0:01:00]'}.get">backend/tests/test_cra_tax_reporting.py:116: in test_scheduler_status_returns_6_jobs
    assert job.get("next_run_time") is not None, f"Job {job['id']} has no next_run_time"
E   AssertionError: Job process_ended_auctions has no next_run_time
E   assert None is not None
E    +  where None = &lt;built-in method get of dict object at 0xfc7ea0861840&gt;('next_run_time')
E    +    where &lt;built-in method get of dict object at 0xfc7ea0861840&gt; = {'id': 'process_ended_auctions', 'name': 'Process Ended Auctions', 'next_run': '2026-02-06T03:18:28.827410+00:00', 'trigger': 'interval[0:01:00]'}.get</failure></testcase><testcase classname="backend.tests.test_cra_tax_reporting.TestCRATaxReporting" name="test_generate_gst_hst_report" time="0.304"><failure message="AssertionError: Missing ProvincialBreakdown element&#10;assert '&lt;ProvincialBreakdown&gt;' in '&lt;?xml version=&quot;1.0&quot; ?&gt;\n&lt;GSTHSTReturn version=&quot;1.0&quot; generatedAt=&quot;2026-02-06T03:17:36.712938+00:00&quot;&gt;\n  &lt;Header&gt;\n    &lt;BusinessNumber&gt;1763135-9&lt;/BusinessNumber&gt;\n    &lt;GSTNumber&gt;123456789RT0001&lt;/GSTNumber&gt;\n    &lt;LegalName&gt;BidVex Inc.&lt;/LegalName&gt;\n    &lt;ReportingPeriod&gt;quarterly&lt;/ReportingPeriod&gt;\n    &lt;StartDate&gt;2025-01-01&lt;/StartDate&gt;\n    &lt;EndDate&gt;2025-12-31&lt;/EndDate&gt;\n  &lt;/Header&gt;\n  &lt;Summary&gt;\n    &lt;TotalTaxableSales&gt;0.00&lt;/TotalTaxableSales&gt;\n    &lt;GSTCollected&gt;0.00&lt;/GSTCollected&gt;\n    &lt;HSTOntarioCollected&gt;0.00&lt;/HSTOntarioCollected&gt;\n    &lt;HSTAtlanticCollected&gt;0.00&lt;/HSTAtlanticCollected&gt;\n    &lt;TotalGSTHSTCollected&gt;0.00&lt;/TotalGSTHSTCollected&gt;\n    &lt;TotalInvoices&gt;0&lt;/TotalInvoices&gt;\n  &lt;/Summary&gt;\n  &lt;GST34LineItems&gt;\n    &lt;Line101_TotalSalesAndRevenue&gt;0.00&lt;/Line101_TotalSalesAndRevenue&gt;\n    &lt;Line105_TotalGSTHSTCollected&gt;0.00&lt;/Line105_TotalGSTHSTCollected&gt;\n    &lt;Line108_TotalITCs&gt;0.00&lt;/Line108_TotalITCs&gt;\n    &lt;Line109_NetTax&gt;0.00&lt;/Line109_NetTax&gt;\n  &lt;/GST34LineItems&gt;\n  &lt;ProvincialBreakdown/&gt;\n&lt;/GSTHSTReturn&gt;\n'">backend/tests/test_cra_tax_reporting.py:171: in test_generate_gst_hst_report
    assert "&lt;ProvincialBreakdown&gt;" in xml_content, "Missing ProvincialBreakdown element"
E   AssertionError: Missing ProvincialBreakdown element
E   assert '&lt;ProvincialBreakdown&gt;' in '&lt;?xml version="1.0" ?&gt;\n&lt;GSTHSTReturn version="1.0" generatedAt="2026-02-06T03:17:36.712938+00:00"&gt;\n  &lt;Header&gt;\n    &lt;BusinessNumber&gt;1763135-9&lt;/BusinessNumber&gt;\n    &lt;GSTNumber&gt;123456789RT0001&lt;/GSTNumber&gt;\n    &lt;LegalName&gt;BidVex Inc.&lt;/LegalName&gt;\n    &lt;ReportingPeriod&gt;quarterly&lt;/ReportingPeriod&gt;\n    &lt;StartDate&gt;2025-01-01&lt;/StartDate&gt;\n    &lt;EndDate&gt;2025-12-31&lt;/EndDate&gt;\n  &lt;/Header&gt;\n  &lt;Summary&gt;\n    &lt;TotalTaxableSales&gt;0.00&lt;/TotalTaxableSales&gt;\n    &lt;GSTCollected&gt;0.00&lt;/GSTCollected&gt;\n    &lt;HSTOntarioCollected&gt;0.00&lt;/HSTOntarioCollected&gt;\n    &lt;HSTAtlanticCollected&gt;0.00&lt;/HSTAtlanticCollected&gt;\n    &lt;TotalGSTHSTCollected&gt;0.00&lt;/TotalGSTHSTCollected&gt;\n    &lt;TotalInvoices&gt;0&lt;/TotalInvoices&gt;\n  &lt;/Summary&gt;\n  &lt;GST34LineItems&gt;\n    &lt;Line101_TotalSalesAndRevenue&gt;0.00&lt;/Line101_TotalSalesAndRevenue&gt;\n    &lt;Line105_TotalGSTHSTCollected&gt;0.00&lt;/Line105_TotalGSTHSTCollected&gt;\n    &lt;Line108_TotalITCs&gt;0.00&lt;/Line108_TotalITCs&gt;\n    &lt;Line109_NetTax&gt;0.00&lt;/Line109_NetTax&gt;\n  &lt;/GST34LineItems&gt;\n  &lt;ProvincialBreakdown/&gt;\n&lt;/GSTHSTReturn&gt;\n'</failure></testcase><testcase classname="backend.tests.test_cra_tax_reporting.TestCRATaxReporting" name="test_generate_qst_report" time="0.294" /><testcase classname="backend.tests.test_cra_tax_reporting.TestCRATaxReporting" name="test_generate_annual_summary" time="0.294"><failure message="AssertionError: Missing MonthlyBreakdown element&#10;assert '&lt;MonthlyBreakdown&gt;' in '&lt;?xml version=&quot;1.0&quot; ?&gt;\n&lt;AnnualTaxSummary version=&quot;1.0&quot; year=&quot;2025&quot; generatedAt=&quot;2026-02-06T03:17:37.311410+00:00&quot;&gt;\n  &lt;Header&gt;\n    &lt;BusinessNumber&gt;1763135-9&lt;/BusinessNumber&gt;\n    &lt;GSTNumber&gt;123456789RT0001&lt;/GSTNumber&gt;\n    &lt;QSTNumber&gt;1234567890TQ0001&lt;/QSTNumber&gt;\n    &lt;LegalName&gt;BidVex Inc.&lt;/LegalName&gt;\n    &lt;TaxYear&gt;2025&lt;/TaxYear&gt;\n  &lt;/Header&gt;\n  &lt;AnnualTotals&gt;\n    &lt;TotalSales&gt;0.00&lt;/TotalSales&gt;\n    &lt;TotalBuyerPremiums&gt;0.00&lt;/TotalBuyerPremiums&gt;\n    &lt;TotalPlatformFees&gt;0.00&lt;/TotalPlatformFees&gt;\n    &lt;TotalRevenue&gt;0.00&lt;/TotalRevenue&gt;\n    &lt;TotalGST&gt;0.00&lt;/TotalGST&gt;\n    &lt;TotalHST&gt;0.00&lt;/TotalHST&gt;\n    &lt;TotalPST&gt;0.00&lt;/TotalPST&gt;\n    &lt;TotalQST&gt;0.00&lt;/TotalQST&gt;\n    &lt;TotalTaxCollected&gt;0.00&lt;/TotalTaxCollected&gt;\n    &lt;TotalInvoices&gt;0&lt;/TotalInvoices&gt;\n  &lt;/AnnualTotals&gt;\n  &lt;MonthlyBreakdown/&gt;\n&lt;/AnnualTaxSummary&gt;\n'">backend/tests/test_cra_tax_reporting.py:237: in test_generate_annual_summary
    assert "&lt;MonthlyBreakdown&gt;" in xml_content, "Missing MonthlyBreakdown element"
E   AssertionError: Missing MonthlyBreakdown element
E   assert '&lt;MonthlyBreakdown&gt;' in '&lt;?xml version="1.0" ?&gt;\n&lt;AnnualTaxSummary version="1.0" year="2025" generatedAt="2026-02-06T03:17:37.311410+00:00"&gt;\n  &lt;Header&gt;\n    &lt;BusinessNumber&gt;1763135-9&lt;/BusinessNumber&gt;\n    &lt;GSTNumber&gt;123456789RT0001&lt;/GSTNumber&gt;\n    &lt;QSTNumber&gt;1234567890TQ0001&lt;/QSTNumber&gt;\n    &lt;LegalName&gt;BidVex Inc.&lt;/LegalName&gt;\n    &lt;TaxYear&gt;2025&lt;/TaxYear&gt;\n  &lt;/Header&gt;\n  &lt;AnnualTotals&gt;\n    &lt;TotalSales&gt;0.00&lt;/TotalSales&gt;\n    &lt;TotalBuyerPremiums&gt;0.00&lt;/TotalBuyerPremiums&gt;\n    &lt;TotalPlatformFees&gt;0.00&lt;/TotalPlatformFees&gt;\n    &lt;TotalRevenue&gt;0.00&lt;/TotalRevenue&gt;\n    &lt;TotalGST&gt;0.00&lt;/TotalGST&gt;\n    &lt;TotalHST&gt;0.00&lt;/TotalHST&gt;\n    &lt;TotalPST&gt;0.00&lt;/TotalPST&gt;\n    &lt;TotalQST&gt;0.00&lt;/TotalQST&gt;\n    &lt;TotalTaxCollected&gt;0.00&lt;/TotalTaxCollected&gt;\n    &lt;TotalInvoices&gt;0&lt;/TotalInvoices&gt;\n  &lt;/AnnualTotals&gt;\n  &lt;MonthlyBreakdown/&gt;\n&lt;/AnnualTaxSummary&gt;\n'</failure></testcase><testcase classname="backend.tests.test_cra_tax_reporting.TestCRATaxReporting" name="test_generate_seller_payments_report" time="0.297"><failure message="AssertionError: Missing Sellers element&#10;assert '&lt;Sellers&gt;' in '&lt;?xml version=&quot;1.0&quot; ?&gt;\n&lt;SellerPaymentsReport version=&quot;1.0&quot; year=&quot;2025&quot; generatedAt=&quot;2026-02-06T03:17:37.613259+00:00&quot;&gt;\n  &lt;Header&gt;\n    &lt;BusinessNumber&gt;1763135-9&lt;/BusinessNumber&gt;\n    &lt;LegalName&gt;BidVex Inc.&lt;/LegalName&gt;\n    &lt;TaxYear&gt;2025&lt;/TaxYear&gt;\n  &lt;/Header&gt;\n  &lt;Summary&gt;\n    &lt;TotalSellers&gt;0&lt;/TotalSellers&gt;\n    &lt;TotalGrossPayments&gt;0.00&lt;/TotalGrossPayments&gt;\n    &lt;TotalCommissions&gt;0.00&lt;/TotalCommissions&gt;\n    &lt;TotalNetPayments&gt;0.00&lt;/TotalNetPayments&gt;\n    &lt;TotalTransactions&gt;0&lt;/TotalTransactions&gt;\n    &lt;ReportableSellers&gt;0&lt;/ReportableSellers&gt;\n  &lt;/Summary&gt;\n  &lt;Sellers/&gt;\n&lt;/SellerPaymentsReport&gt;\n'">backend/tests/test_cra_tax_reporting.py:281: in test_generate_seller_payments_report
    assert "&lt;Sellers&gt;" in xml_content, "Missing Sellers element"
E   AssertionError: Missing Sellers element
E   assert '&lt;Sellers&gt;' in '&lt;?xml version="1.0" ?&gt;\n&lt;SellerPaymentsReport version="1.0" year="2025" generatedAt="2026-02-06T03:17:37.613259+00:00"&gt;\n  &lt;Header&gt;\n    &lt;BusinessNumber&gt;1763135-9&lt;/BusinessNumber&gt;\n    &lt;LegalName&gt;BidVex Inc.&lt;/LegalName&gt;\n    &lt;TaxYear&gt;2025&lt;/TaxYear&gt;\n  &lt;/Header&gt;\n  &lt;Summary&gt;\n    &lt;TotalSellers&gt;0&lt;/TotalSellers&gt;\n    &lt;TotalGrossPayments&gt;0.00&lt;/TotalGrossPayments&gt;\n    &lt;TotalCommissions&gt;0.00&lt;/TotalCommissions&gt;\n    &lt;TotalNetPayments&gt;0.00&lt;/TotalNetPayments&gt;\n    &lt;TotalTransactions&gt;0&lt;/TotalTransactions&gt;\n    &lt;ReportableSellers&gt;0&lt;/ReportableSellers&gt;\n  &lt;/Summary&gt;\n  &lt;Sellers/&gt;\n&lt;/SellerPaymentsReport&gt;\n'</failure></testcase><testcase classname="backend.tests.test_cra_tax_reporting.TestCRATaxReporting" name="test_get_tax_reports_list" time="0.305" /><testcase classname="backend.tests.test_cra_tax_reporting.TestCRATaxReporting" name="test_download_tax_report_xml" time="0.337" /><testcase classname="backend.tests.test_cra_tax_reporting.TestPDFInvoiceDownload" name="test_pdf_invoice_endpoint_exists" time="0.296" /><testcase classname="backend.tests.test_cra_tax_reporting.TestPDFInvoiceDownload" name="test_pdf_invoice_with_real_invoice" time="0.296"><skipped type="pytest.skip" message="No invoices available for PDF test">/app/backend/tests/test_cra_tax_reporting.py:385: No invoices available for PDF test</skipped></testcase><testcase classname="backend.tests.test_cra_tax_reporting.TestEmailNotifications" name="test_document_approval_triggers_email" time="0.301" /><testcase classname="backend.tests.test_cra_tax_reporting.TestInvalidDateHandling" name="test_invalid_date_format_gst_hst" time="0.289" /><testcase classname="backend.tests.test_cra_tax_reporting.TestInvalidDateHandling" name="test_invalid_year_annual_summary" time="0.293" /><testcase classname="backend.tests.test_cra_tax_reporting.TestInvalidDateHandling" name="test_future_year_seller_payments" time="0.295" /><testcase classname="backend.tests.test_cra_tax_reporting.TestUnauthorizedAccess" name="test_tax_reports_require_auth" time="0.032" /><testcase classname="backend.tests.test_cra_tax_reporting.TestUnauthorizedAccess" name="test_scheduler_status_requires_auth" time="0.036" /><testcase classname="backend.tests.test_cra_tax_reporting.TestUnauthorizedAccess" name="test_pdf_invoice_requires_auth" time="0.033" /></testsuite></testsuites>