<?xml version="1.0" encoding="utf-8"?><testsuites name="pytest tests"><testsuite name="pytest" errors="0" failures="4" skipped="0" tests="14" time="0.904" timestamp="2026-02-24T01:12:45.580372+00:00" hostname="agent-env-3f46d3f2-e343-46b9-927f-52e41064ea5d"><testcase classname="backend.tests.test_bid_email_notifications.TestBidEmailNotificationFunctions" name="test_health_check" time="0.241" /><testcase classname="backend.tests.test_bid_email_notifications.TestBidEmailNotificationFunctions" name="test_email_notification_code_exists" time="0.009" /><testcase classname="backend.tests.test_bid_email_notifications.TestBidEmailNotificationFunctions" name="test_email_notification_fallback_logging" time="0.000" /><testcase classname="backend.tests.test_bid_email_notifications.TestBidEmailNotificationFunctions" name="test_bid_placed_email_function_signature" time="0.000" /><testcase classname="backend.tests.test_bid_email_notifications.TestBidEmailNotificationFunctions" name="test_outbid_email_function_signature" time="0.000" /><testcase classname="backend.tests.test_bid_email_notifications.TestBidEmailNotificationFunctions" name="test_bid_email_content_includes_required_fields" time="0.001" /><testcase classname="backend.tests.test_bid_email_notifications.TestBidEmailNotificationFunctions" name="test_outbid_email_content_includes_required_fields" time="0.000" /><testcase classname="backend.tests.test_bid_email_notifications.TestBidEmailNotificationFunctions" name="test_email_functions_are_nonblocking_in_server" time="0.001"><failure message="AssertionError: Outbid email should have except handler&#10;assert 'except' in 'OUTBID EMAIL NOTIFICATION ==========\n        try:\n            # Get outbid user\'s details for email\n            outbid_user = await db.users.find_one({&quot;id&quot;: previous_highest_bidder}, {&quot;_id&quot;: 0, &quot;email&quot;: 1, &quot;name&quot;: 1})\n            if outbid_user and outbid_user.get(&quot;email&quot;):\n                from services.email_notifications import send_outbid_email\n                await send_outbid_email(\n                    user_email=outbid_user[&quot;email&quot;],\n                    user_name=outbid_user.get(&quot;name&quot;, &quot;Bidder&quot;),\n                    listing_title=listing.get(&quot;title&quot;, &quot;Item&quot;),\n                    their_bid=previous_highest_bid,\n                    new_high_bid=bid_data.amount,\n                    listing_id=bid_data.listing_id,\n                    auction_end_date=listing.get(&quot;auction_end_date&quot;, &quot;&quot;)\n'">backend/tests/test_bid_email_notifications.py:239: in test_email_functions_are_nonblocking_in_server
    assert "except" in outbid_email_section, "Outbid email should have except handler"
E   AssertionError: Outbid email should have except handler
E   assert 'except' in 'OUTBID EMAIL NOTIFICATION ==========\n        try:\n            # Get outbid user\'s details for email\n            outbid_user = await db.users.find_one({"id": previous_highest_bidder}, {"_id": 0, "email": 1, "name": 1})\n            if outbid_user and outbid_user.get("email"):\n                from services.email_notifications import send_outbid_email\n                await send_outbid_email(\n                    user_email=outbid_user["email"],\n                    user_name=outbid_user.get("name", "Bidder"),\n                    listing_title=listing.get("title", "Item"),\n                    their_bid=previous_highest_bid,\n                    new_high_bid=bid_data.amount,\n                    listing_id=bid_data.listing_id,\n                    auction_end_date=listing.get("auction_end_date", "")\n'</failure></testcase><testcase classname="backend.tests.test_bid_email_notifications.TestBidEmailNotificationFunctions" name="test_user_name_field_is_correct" time="0.001" /><testcase classname="backend.tests.test_bid_email_notifications.TestEmailNotificationDirectCall" name="test_send_bid_placed_email_logging" time="0.000"><failure message="Failed: async def functions are not natively supported.&#10;You need to install a suitable plugin for your async framework, for example:&#10;  - anyio&#10;  - pytest-asyncio&#10;  - pytest-tornasync&#10;  - pytest-trio&#10;  - pytest-twisted">async def functions are not natively supported.
You need to install a suitable plugin for your async framework, for example:
  - anyio
  - pytest-asyncio
  - pytest-tornasync
  - pytest-trio
  - pytest-twisted</failure></testcase><testcase classname="backend.tests.test_bid_email_notifications.TestEmailNotificationDirectCall" name="test_send_outbid_email_logging" time="0.000"><failure message="Failed: async def functions are not natively supported.&#10;You need to install a suitable plugin for your async framework, for example:&#10;  - anyio&#10;  - pytest-asyncio&#10;  - pytest-tornasync&#10;  - pytest-trio&#10;  - pytest-twisted">async def functions are not natively supported.
You need to install a suitable plugin for your async framework, for example:
  - anyio
  - pytest-asyncio
  - pytest-tornasync
  - pytest-trio
  - pytest-twisted</failure></testcase><testcase classname="backend.tests.test_bid_email_notifications.TestEmailNotificationIntegration" name="test_admin_login" time="0.433" /><testcase classname="backend.tests.test_bid_email_notifications.TestEmailNotificationIntegration" name="test_get_active_listings" time="0.148"><failure message="AttributeError: 'list' object has no attribute 'get'">backend/tests/test_bid_email_notifications.py:366: in test_get_active_listings
    listings = data.get("listings", [])
               ^^^^^^^^
E   AttributeError: 'list' object has no attribute 'get'</failure></testcase><testcase classname="backend.tests.test_bid_email_notifications.TestEmailNotificationIntegration" name="test_check_backend_log_for_email_entries" time="0.003" /></testsuite></testsuites>