<?xml version="1.0" encoding="utf-8"?><testsuites name="pytest tests"><testsuite name="pytest" errors="0" failures="0" skipped="0" tests="20" time="70.542" timestamp="2026-03-14T19:53:01.325014+00:00" hostname="agent-env-4224e2c2-c1ef-40e7-984c-298e880bb6d1"><testcase classname="backend.tests.test_email_settings_csv_export.TestEmailSettings" name="test_get_email_settings_returns_200" time="51.707" /><testcase classname="backend.tests.test_email_settings_csv_export.TestEmailSettings" name="test_get_email_settings_returns_correct_structure" time="0.467" /><testcase classname="backend.tests.test_email_settings_csv_export.TestEmailSettings" name="test_post_email_settings_rejects_invalid_key" time="0.443" /><testcase classname="backend.tests.test_email_settings_csv_export.TestEmailSettings" name="test_post_email_settings_accepts_valid_key_format" time="0.470" /><testcase classname="backend.tests.test_email_settings_csv_export.TestEmailSettings" name="test_post_email_settings_requires_api_key" time="0.544" /><testcase classname="backend.tests.test_email_settings_csv_export.TestEmailSettings" name="test_email_settings_masked_key_display" time="0.461" /><testcase classname="backend.tests.test_email_settings_csv_export.TestEmailTestEndpoint" name="test_test_email_returns_proper_response" time="0.744" /><testcase classname="backend.tests.test_email_settings_csv_export.TestEmailTestEndpoint" name="test_test_email_requires_valid_recipient" time="0.366" /><testcase classname="backend.tests.test_email_settings_csv_export.TestTransactionsCSVExport" name="test_csv_export_returns_200" time="0.409" /><testcase classname="backend.tests.test_email_settings_csv_export.TestTransactionsCSVExport" name="test_csv_export_returns_csv_content_type" time="0.412" /><testcase classname="backend.tests.test_email_settings_csv_export.TestTransactionsCSVExport" name="test_csv_export_has_content_disposition" time="0.409" /><testcase classname="backend.tests.test_email_settings_csv_export.TestTransactionsCSVExport" name="test_csv_export_has_proper_headers" time="0.417" /><testcase classname="backend.tests.test_email_settings_csv_export.TestTransactionsCSVExport" name="test_csv_export_with_partner_only_filter" time="0.411" /><testcase classname="backend.tests.test_email_settings_csv_export.TestTransactionsCSVExport" name="test_csv_export_with_search_filter" time="0.401" /><testcase classname="backend.tests.test_email_settings_csv_export.TestFinanceDashboardIntegration" name="test_finance_revenue_summary_endpoint" time="0.835" /><testcase classname="backend.tests.test_email_settings_csv_export.TestFinanceDashboardIntegration" name="test_finance_transactions_endpoint" time="0.447" /><testcase classname="backend.tests.test_email_settings_csv_export.TestFinanceDashboardIntegration" name="test_finance_transactions_with_search" time="10.450" /><testcase classname="backend.tests.test_email_settings_csv_export.TestFinanceDashboardIntegration" name="test_collected_fees_in_revenue_summary" time="0.883" /><testcase classname="backend.tests.test_email_settings_csv_export.TestAccessControl" name="test_email_settings_requires_auth" time="0.107" /><testcase classname="backend.tests.test_email_settings_csv_export.TestAccessControl" name="test_csv_export_requires_auth" time="0.112" /></testsuite></testsuites>