<?xml version="1.0" encoding="utf-8"?><testsuites name="pytest tests"><testsuite name="pytest" errors="0" failures="0" skipped="2" tests="14" time="5.271" timestamp="2026-04-12T17:23:51.804744+00:00" hostname="agent-env-c75ae3b4-0836-48ac-857c-c6a46c32e016"><testcase classname="tests.test_legal_compliance_132.TestAIDisclosureConsent" name="test_register_without_ai_consent_rejected" time="0.164" /><testcase classname="tests.test_legal_compliance_132.TestAIDisclosureConsent" name="test_register_without_terms_rejected" time="0.113" /><testcase classname="tests.test_legal_compliance_132.TestAIDisclosureConsent" name="test_register_with_both_consents_succeeds" time="0.639" /><testcase classname="tests.test_legal_compliance_132.TestOPCVerificationAdmin" name="test_opc_verify_endpoint_exists" time="1.362" /><testcase classname="tests.test_legal_compliance_132.TestOPCVerificationAdmin" name="test_opc_verify_requires_admin" time="1.189" /><testcase classname="tests.test_legal_compliance_132.TestOPCVerificationAdmin" name="test_opc_verify_nonexistent_user" time="0.855" /><testcase classname="tests.test_legal_compliance_132.TestVehicleListingOPCGate" name="test_vehicle_listing_blocked_for_non_opc" time="0.099"><skipped type="pytest.skip" message="User creation failed: {&quot;error&quot;:&quot;Rate limit exceeded: 5 per 1 minute&quot;}">/app/backend/tests/test_legal_compliance_132.py:173: User creation failed: {"error":"Rate limit exceeded: 5 per 1 minute"}</skipped></testcase><testcase classname="tests.test_legal_compliance_132.TestVehicleListingOPCGate" name="test_non_vehicle_listing_allowed" time="0.109"><skipped type="pytest.skip" message="User creation failed: {&quot;error&quot;:&quot;Rate limit exceeded: 5 per 1 minute&quot;}">/app/backend/tests/test_legal_compliance_132.py:200: User creation failed: {"error":"Rate limit exceeded: 5 per 1 minute"}</skipped></testcase><testcase classname="tests.test_legal_compliance_132.TestCFIASoilDeclarationField" name="test_listing_model_has_cfia_field" time="0.000" /><testcase classname="tests.test_legal_compliance_132.TestCFIASoilDeclarationField" name="test_bid_model_has_cross_border_field" time="0.000" /><testcase classname="tests.test_legal_compliance_132.TestUserCreateModel" name="test_user_create_has_ai_disclosure_field" time="0.000" /><testcase classname="tests.test_legal_compliance_132.TestAPIEndpointsHealth" name="test_categories_endpoint" time="0.107" /><testcase classname="tests.test_legal_compliance_132.TestAPIEndpointsHealth" name="test_auth_register_endpoint_exists" time="0.113" /><testcase classname="tests.test_legal_compliance_132.TestAPIEndpointsHealth" name="test_admin_login" time="0.433" /></testsuite></testsuites>