<?xml version="1.0" encoding="utf-8"?><testsuites name="pytest tests"><testsuite name="pytest" errors="0" failures="0" skipped="0" tests="13" time="5.635" timestamp="2026-02-20T03:45:55.641065+00:00" hostname="agent-env-5c5a73f1-bcba-40aa-8b07-e4dee46cdef6"><testcase classname="tests.test_modular_routers_phase1.TestHealthEndpoint" name="test_health_endpoint" time="0.174" /><testcase classname="tests.test_modular_routers_phase1.TestAuthEndpoints" name="test_login_success" time="0.391" /><testcase classname="tests.test_modular_routers_phase1.TestAuthEndpoints" name="test_login_invalid_credentials" time="0.127" /><testcase classname="tests.test_modular_routers_phase1.TestUserMarketingEndpoints" name="test_user_marketing_access" time="0.476" /><testcase classname="tests.test_modular_routers_phase1.TestUserMarketingEndpoints" name="test_user_marketing_templates" time="0.486" /><testcase classname="tests.test_modular_routers_phase1.TestAdminMarketingEndpoints" name="test_admin_marketing_campaigns_list" time="0.466" /><testcase classname="tests.test_modular_routers_phase1.TestAdminMarketingEndpoints" name="test_admin_marketing_segment_filters" time="0.522" /><testcase classname="tests.test_modular_routers_phase1.TestCoreRoutersStillWork" name="test_analytics_endpoint" time="0.491" /><testcase classname="tests.test_modular_routers_phase1.TestCoreRoutersStillWork" name="test_listings_endpoint" time="0.459" /><testcase classname="tests.test_modular_routers_phase1.TestCoreRoutersStillWork" name="test_categories_endpoint" time="0.471" /><testcase classname="tests.test_modular_routers_phase1.TestNewModularRoutersFramework" name="test_no_duplicate_route_errors" time="0.483" /><testcase classname="tests.test_modular_routers_phase1.TestNewModularRoutersFramework" name="test_admin_users_endpoint" time="0.552" /><testcase classname="tests.test_modular_routers_phase1.TestNewModularRoutersFramework" name="test_webhook_endpoint_exists" time="0.505" /></testsuite></testsuites>