<?xml version="1.0" encoding="utf-8"?><testsuites name="pytest tests"><testsuite name="pytest" errors="0" failures="0" skipped="0" tests="34" time="0.446" timestamp="2026-04-03T21:36:55.076339+00:00" hostname="agent-env-c75ae3b4-0836-48ac-857c-c6a46c32e016"><testcase classname="tests.test_fee_schedule_audit_106.TestTierRates" name="test_standard_tier_buyer_premium_5_percent" time="0.000" /><testcase classname="tests.test_fee_schedule_audit_106.TestTierRates" name="test_standard_tier_seller_commission_4_percent" time="0.000" /><testcase classname="tests.test_fee_schedule_audit_106.TestTierRates" name="test_premium_tier_buyer_premium_3_5_percent" time="0.000" /><testcase classname="tests.test_fee_schedule_audit_106.TestTierRates" name="test_premium_tier_seller_commission_2_5_percent" time="0.000" /><testcase classname="tests.test_fee_schedule_audit_106.TestTierRates" name="test_vip_elite_tier_buyer_premium_3_percent" time="0.000" /><testcase classname="tests.test_fee_schedule_audit_106.TestTierRates" name="test_vip_elite_tier_seller_commission_2_percent" time="0.000" /><testcase classname="tests.test_fee_schedule_audit_106.TestPartnerTier" name="test_partner_annual_fee_100_cad" time="0.000" /><testcase classname="tests.test_fee_schedule_audit_106.TestPartnerTier" name="test_partner_flow_bidvex_keeps_only_3_percent_commission" time="0.000" /><testcase classname="tests.test_fee_schedule_audit_106.TestVehiclePlatformFee" name="test_vehicle_platform_fee_2_5_percent" time="0.000" /><testcase classname="tests.test_fee_schedule_audit_106.TestVehiclePlatformFee" name="test_general_platform_fee_3_percent" time="0.000" /><testcase classname="tests.test_fee_schedule_audit_106.TestTaxCalculation" name="test_gst_rate_5_percent" time="0.000" /><testcase classname="tests.test_fee_schedule_audit_106.TestTaxCalculation" name="test_qst_rate_9_975_percent" time="0.000" /><testcase classname="tests.test_fee_schedule_audit_106.TestTaxCalculation" name="test_tax_on_hammer_plus_premium_5000_general" time="0.000" /><testcase classname="tests.test_fee_schedule_audit_106.TestTaxCalculation" name="test_separate_gst_qst_line_items_in_checkout" time="0.000" /><testcase classname="tests.test_fee_schedule_audit_106.TestOverduePayments" name="test_late_penalty_2_percent_per_month" time="0.000" /><testcase classname="tests.test_fee_schedule_audit_106.TestEmailCreditPricing" name="test_email_rates_tier_1_to_1000" time="0.000" /><testcase classname="tests.test_fee_schedule_audit_106.TestEmailCreditPricing" name="test_email_rates_tier_1001_to_5000" time="0.000" /><testcase classname="tests.test_fee_schedule_audit_106.TestEmailCreditPricing" name="test_email_rates_tier_5001_to_10000" time="0.000" /><testcase classname="tests.test_fee_schedule_audit_106.TestEmailCreditPricing" name="test_email_rates_tier_10001_plus" time="0.000" /><testcase classname="tests.test_fee_schedule_audit_106.TestEmailCreditPricing" name="test_calculate_email_credit_cost_500_qty" time="0.000" /><testcase classname="tests.test_fee_schedule_audit_106.TestEmailCreditPricing" name="test_calculate_email_credit_cost_5000_qty" time="0.000" /><testcase classname="tests.test_fee_schedule_audit_106.TestEmailCreditPricing" name="test_calculate_email_credit_cost_10000_qty" time="0.000" /><testcase classname="tests.test_fee_schedule_audit_106.TestEmailCreditPricing" name="test_calculate_email_credit_cost_15000_qty" time="0.000" /><testcase classname="tests.test_fee_schedule_audit_106.TestSubscriptionPricing" name="test_premium_subscription_180_cad" time="0.000" /><testcase classname="tests.test_fee_schedule_audit_106.TestSubscriptionPricing" name="test_vip_subscription_300_cad" time="0.000" /><testcase classname="tests.test_fee_schedule_audit_106.TestSubscriptionPricing" name="test_partner_subscription_100_cad" time="0.000" /><testcase classname="tests.test_fee_schedule_audit_106.TestSubscriptionPricing" name="test_premium_subscription_gst_qst_calculation" time="0.000" /><testcase classname="tests.test_fee_schedule_audit_106.TestSubscriptionPricing" name="test_vip_subscription_gst_qst_calculation" time="0.000" /><testcase classname="tests.test_fee_schedule_audit_106.TestSubscriptionPricing" name="test_partner_subscription_gst_qst_calculation" time="0.000" /><testcase classname="tests.test_fee_schedule_audit_106.TestSubscriptionCheckoutLineItems" name="test_subscription_checkout_code_has_gst_qst_line_items" time="0.000" /><testcase classname="tests.test_fee_schedule_audit_106.TestSubscriptionCheckoutLineItems" name="test_subscription_checkout_gst_qst_calculation_code" time="0.000" /><testcase classname="tests.test_fee_schedule_audit_106.TestFrontendEmailCreditAlignment" name="test_frontend_email_tiers_match_backend" time="0.000" /><testcase classname="tests.test_fee_schedule_audit_106.TestScheduledJobsExist" name="test_process_overdue_auction_payments_exists" time="0.018" /><testcase classname="tests.test_fee_schedule_audit_106.TestScheduledJobsExist" name="test_send_auction_payment_reminders_exists" time="0.000" /></testsuite></testsuites>