<?xml version="1.0" encoding="utf-8"?><testsuites name="pytest tests"><testsuite name="pytest" errors="0" failures="1" skipped="0" tests="26" time="6.301" timestamp="2026-04-12T17:53:09.245877+00:00" hostname="agent-env-c75ae3b4-0836-48ac-857c-c6a46c32e016"><testcase classname="tests.test_phase6_final_wiring_134.TestVehicleSettlementEndpoints" name="test_fee_preview_valid_price" time="0.620" /><testcase classname="tests.test_phase6_final_wiring_134.TestVehicleSettlementEndpoints" name="test_fee_preview_various_prices" time="1.055" /><testcase classname="tests.test_phase6_final_wiring_134.TestVehicleSettlementEndpoints" name="test_fee_preview_invalid_price" time="0.648" /><testcase classname="tests.test_phase6_final_wiring_134.TestVehicleSettlementEndpoints" name="test_fee_preview_bilingual_strings" time="0.574" /><testcase classname="tests.test_phase6_final_wiring_134.TestVehicleSettlementEndpoints" name="test_seller_contact_unauthenticated" time="0.560" /><testcase classname="tests.test_phase6_final_wiring_134.TestVehicleSettlementEndpoints" name="test_seller_contact_no_settlement" time="0.546" /><testcase classname="tests.test_phase6_final_wiring_134.TestVehicleSettlementEndpoints" name="test_settlement_status_no_settlement" time="0.524" /><testcase classname="tests.test_phase6_final_wiring_134.TestVehicleSettlementEndpoints" name="test_settlement_status_unauthenticated" time="0.531" /><testcase classname="tests.test_phase6_final_wiring_134.TestVehicleSettlementEndpoints" name="test_confirm_card_verification" time="0.598" /><testcase classname="tests.test_phase6_final_wiring_134.TestVehicleSettlementEndpoints" name="test_confirm_card_verification_unauthenticated" time="0.508" /><testcase classname="tests.test_phase6_final_wiring_134.TestListingDetailPageWiring" name="test_cross_border_advisory_panel_import" time="0.000" /><testcase classname="tests.test_phase6_final_wiring_134.TestListingDetailPageWiring" name="test_cross_border_bid_modal_import" time="0.000" /><testcase classname="tests.test_phase6_final_wiring_134.TestListingDetailPageWiring" name="test_seller_contact_gate_import" time="0.000" /><testcase classname="tests.test_phase6_final_wiring_134.TestListingDetailPageWiring" name="test_vehicle_fee_breakdown_import" time="0.000" /><testcase classname="tests.test_phase6_final_wiring_134.TestListingDetailPageWiring" name="test_cross_border_check_logic" time="0.000" /><testcase classname="tests.test_phase6_final_wiring_134.TestListingDetailPageWiring" name="test_cross_border_advisory_panel_rendering" time="0.000" /><testcase classname="tests.test_phase6_final_wiring_134.TestListingDetailPageWiring" name="test_seller_contact_gate_rendering" time="0.000" /><testcase classname="tests.test_phase6_final_wiring_134.TestListingDetailPageWiring" name="test_vehicle_fee_notice_rendering" time="0.000" /><testcase classname="tests.test_phase6_final_wiring_134.TestListingDetailPageWiring" name="test_cross_border_badge_rendering" time="0.000" /><testcase classname="tests.test_phase6_final_wiring_134.TestListingDetailPageWiring" name="test_cross_border_bid_modal_intercept" time="0.000" /><testcase classname="tests.test_phase6_final_wiring_134.TestListingDetailPageWiring" name="test_cross_border_disclosure_in_bid_payload" time="0.000" /><testcase classname="tests.test_phase6_final_wiring_134.TestLegalComplianceComponents" name="test_cross_border_advisory_panel_component" time="0.000" /><testcase classname="tests.test_phase6_final_wiring_134.TestLegalComplianceComponents" name="test_cross_border_bid_modal_component" time="0.000" /><testcase classname="tests.test_phase6_final_wiring_134.TestVehicleFeeBreakdownComponents" name="test_vehicle_fee_breakdown_component" time="0.000" /><testcase classname="tests.test_phase6_final_wiring_134.TestVehicleFeeBreakdownComponents" name="test_seller_contact_gate_component" time="0.000" /><testcase classname="tests.test_phase6_final_wiring_134.TestBackendWebhookHandlers" name="test_webhook_handlers_exist" time="0.000"><failure message="FileNotFoundError: [Errno 2] No such file or directory: '/app/backend/webhooks.py'">tests/test_phase6_final_wiring_134.py:315: in test_webhook_handlers_exist
    with open('/app/backend/webhooks.py', 'r') as f:
         ^^^^^^^^^^^^^^^^^^^^^^^^^^^^^^^^^^^^^
E   FileNotFoundError: [Errno 2] No such file or directory: '/app/backend/webhooks.py'</failure></testcase></testsuite></testsuites>