<?xml version="1.0" encoding="utf-8"?><testsuites name="pytest tests"><testsuite name="pytest" errors="0" failures="0" skipped="0" tests="18" time="4.980" timestamp="2026-04-07T03:21:27.546749+00:00" hostname="agent-env-c75ae3b4-0836-48ac-857c-c6a46c32e016"><testcase classname="tests.test_iteration_115.TestHealthAndBasicEndpoints" name="test_health_endpoint" time="0.130" /><testcase classname="tests.test_iteration_115.TestMarketplaceSorting" name="test_marketplace_items_default_sort_ending_soon" time="0.109" /><testcase classname="tests.test_iteration_115.TestMarketplaceSorting" name="test_marketplace_sort_ending_soon_explicit" time="0.114" /><testcase classname="tests.test_iteration_115.TestMarketplaceSorting" name="test_marketplace_sort_promoted" time="0.100" /><testcase classname="tests.test_iteration_115.TestMarketplaceSorting" name="test_marketplace_sort_newest" time="0.107" /><testcase classname="tests.test_iteration_115.TestAuctionEndpoints" name="test_bids_endpoint_structure" time="0.259" /><testcase classname="tests.test_iteration_115.TestAuctionEndpoints" name="test_auction_end_status_endpoint" time="0.165" /><testcase classname="tests.test_iteration_115.TestAuctionEndpoints" name="test_buy_now_endpoint_structure" time="0.125" /><testcase classname="tests.test_iteration_115.TestVehicleAdminEndpoints" name="test_vehicle_admin_pending_sellers" time="0.105" /><testcase classname="tests.test_iteration_115.TestVehicleAdminEndpoints" name="test_vehicle_system_status" time="0.149" /><testcase classname="tests.test_iteration_115.TestTranslationBackfill" name="test_admin_backfill_translations_endpoint" time="0.099" /><testcase classname="tests.test_iteration_115.TestSubscriptionPlans" name="test_subscription_plans_returns_expected_plans" time="0.105" /><testcase classname="tests.test_iteration_115.TestAuthenticatedEndpoints" name="test_admin_login" time="0.452" /><testcase classname="tests.test_iteration_115.TestAuthenticatedEndpoints" name="test_admin_backfill_translations_authenticated" time="1.839" /><testcase classname="tests.test_iteration_115.TestAuthenticatedEndpoints" name="test_vehicle_admin_pending_sellers_authenticated" time="0.623" /><testcase classname="tests.test_iteration_115.TestRefactoredModules" name="test_auctions_router_accessible" time="0.115" /><testcase classname="tests.test_iteration_115.TestRefactoredModules" name="test_auctions_extend_endpoint" time="0.148" /><testcase classname="tests.test_iteration_115.TestRefactoredModules" name="test_bids_listing_endpoint" time="0.136" /></testsuite></testsuites>