<?xml version="1.0" encoding="utf-8"?><testsuites name="pytest tests"><testsuite name="pytest" errors="0" failures="6" skipped="0" tests="17" time="0.739" timestamp="2026-01-09T02:53:33.653403+00:00" hostname="agent-env-52d15a3b-dded-4f84-b10f-1b94f522a41b"><testcase classname="tests.test_subscription_pivot.TestPowerBidsRemoval" name="test_power_bids_endpoint_returns_404" time="0.095" /><testcase classname="tests.test_subscription_pivot.TestSubscriptionBenefits" name="test_subscription_benefits_endpoint_success" time="0.037" /><testcase classname="tests.test_subscription_pivot.TestSubscriptionBenefits" name="test_subscription_benefits_has_all_tiers" time="0.038" /><testcase classname="tests.test_subscription_pivot.TestSubscriptionBenefits" name="test_premium_yearly_pricing" time="0.032" /><testcase classname="tests.test_subscription_pivot.TestSubscriptionBenefits" name="test_vip_yearly_pricing" time="0.034" /><testcase classname="tests.test_subscription_pivot.TestFeePercentages" name="test_free_tier_fees" time="0.037" /><testcase classname="tests.test_subscription_pivot.TestFeePercentages" name="test_premium_tier_fees" time="0.039" /><testcase classname="tests.test_subscription_pivot.TestFeePercentages" name="test_vip_tier_fees" time="0.037" /><testcase classname="tests.test_subscription_pivot.TestFeeCalculation" name="test_buyer_fee_calculation_free_tier" time="0.033"><failure message="AssertionError: Expected 200, got 401&#10;assert 401 == 200&#10; +  where 401 = &lt;Response [401]&gt;.status_code">tests/test_subscription_pivot.py:116: in test_buyer_fee_calculation_free_tier
    assert response.status_code == 200, f"Expected 200, got {response.status_code}"
E   AssertionError: Expected 200, got 401
E   assert 401 == 200
E    +  where 401 = &lt;Response [401]&gt;.status_code</failure></testcase><testcase classname="tests.test_subscription_pivot.TestFeeCalculation" name="test_buyer_fee_calculation_premium_tier" time="0.036"><failure message="AssertionError: Expected 200, got 401&#10;assert 401 == 200&#10; +  where 401 = &lt;Response [401]&gt;.status_code">tests/test_subscription_pivot.py:130: in test_buyer_fee_calculation_premium_tier
    assert response.status_code == 200, f"Expected 200, got {response.status_code}"
E   AssertionError: Expected 200, got 401
E   assert 401 == 200
E    +  where 401 = &lt;Response [401]&gt;.status_code</failure></testcase><testcase classname="tests.test_subscription_pivot.TestFeeCalculation" name="test_buyer_fee_calculation_vip_tier" time="0.036"><failure message="AssertionError: Expected 200, got 401&#10;assert 401 == 200&#10; +  where 401 = &lt;Response [401]&gt;.status_code">tests/test_subscription_pivot.py:144: in test_buyer_fee_calculation_vip_tier
    assert response.status_code == 200, f"Expected 200, got {response.status_code}"
E   AssertionError: Expected 200, got 401
E   assert 401 == 200
E    +  where 401 = &lt;Response [401]&gt;.status_code</failure></testcase><testcase classname="tests.test_subscription_pivot.TestFeeCalculation" name="test_seller_fee_calculation_free_tier" time="0.037"><failure message="AssertionError: Expected 200, got 401&#10;assert 401 == 200&#10; +  where 401 = &lt;Response [401]&gt;.status_code">tests/test_subscription_pivot.py:158: in test_seller_fee_calculation_free_tier
    assert response.status_code == 200, f"Expected 200, got {response.status_code}"
E   AssertionError: Expected 200, got 401
E   assert 401 == 200
E    +  where 401 = &lt;Response [401]&gt;.status_code</failure></testcase><testcase classname="tests.test_subscription_pivot.TestFeeCalculation" name="test_seller_fee_calculation_premium_tier" time="0.035"><failure message="AssertionError: Expected 200, got 401&#10;assert 401 == 200&#10; +  where 401 = &lt;Response [401]&gt;.status_code">tests/test_subscription_pivot.py:173: in test_seller_fee_calculation_premium_tier
    assert response.status_code == 200, f"Expected 200, got {response.status_code}"
E   AssertionError: Expected 200, got 401
E   assert 401 == 200
E    +  where 401 = &lt;Response [401]&gt;.status_code</failure></testcase><testcase classname="tests.test_subscription_pivot.TestFeeCalculation" name="test_seller_fee_calculation_vip_tier" time="0.034"><failure message="AssertionError: Expected 200, got 401&#10;assert 401 == 200&#10; +  where 401 = &lt;Response [401]&gt;.status_code">tests/test_subscription_pivot.py:188: in test_seller_fee_calculation_vip_tier
    assert response.status_code == 200, f"Expected 200, got {response.status_code}"
E   AssertionError: Expected 200, got 401
E   assert 401 == 200
E    +  where 401 = &lt;Response [401]&gt;.status_code</failure></testcase><testcase classname="tests.test_subscription_pivot.TestAutoBidBotAvailability" name="test_premium_has_auto_bid_bot" time="0.036" /><testcase classname="tests.test_subscription_pivot.TestAutoBidBotAvailability" name="test_vip_has_auto_bid_bot" time="0.034" /><testcase classname="tests.test_subscription_pivot.TestAutoBidBotAvailability" name="test_free_tier_no_auto_bid_bot" time="0.032" /></testsuite></testsuites>