<?xml version="1.0" encoding="utf-8"?><testsuites name="pytest tests"><testsuite name="pytest" errors="0" failures="0" skipped="0" tests="9" time="1.838" timestamp="2026-04-03T03:16:09.625288+00:00" hostname="agent-env-c75ae3b4-0836-48ac-857c-c6a46c32e016"><testcase classname="backend.tests.test_messaging_websocket.TestMessagingAPI" name="test_get_conversations" time="0.761" /><testcase classname="backend.tests.test_messaging_websocket.TestMessagingAPI" name="test_get_messages_for_conversation" time="0.858" /><testcase classname="backend.tests.test_messaging_websocket.TestWebSocketEndpoints" name="test_websocket_messaging_endpoint_exists" time="0.116" /><testcase classname="backend.tests.test_messaging_websocket.TestMessagingFeatures" name="test_i18n_translations_exist" time="0.001" /><testcase classname="backend.tests.test_messaging_websocket.TestMessagingFeatures" name="test_cookie_consent_hook_exists" time="0.000" /><testcase classname="backend.tests.test_messaging_websocket.TestMessagingFeatures" name="test_messages_page_has_law25_gating" time="0.000" /><testcase classname="backend.tests.test_messaging_websocket.TestMessagingFeatures" name="test_read_receipt_uses_vibrant_blue" time="0.000" /><testcase classname="backend.tests.test_messaging_websocket.TestMessagingFeatures" name="test_mobile_stack_layout" time="0.000" /><testcase classname="backend.tests.test_messaging_websocket.TestMessagingFeatures" name="test_footer_hidden_on_messages" time="0.000" /></testsuite></testsuites>