<?xml version="1.0" encoding="utf-8"?><testsuites name="pytest tests"><testsuite name="pytest" errors="0" failures="0" skipped="0" tests="13" time="7.135" timestamp="2026-03-19T14:55:37.510027+00:00" hostname="agent-env-7705edf4-158d-4ed2-86dd-e8ab3cd27dc0"><testcase classname="tests.test_p2_performance_storage_iteration_56.TestFilterCountsCache" name="test_filter_counts_returns_200" time="0.142" /><testcase classname="tests.test_p2_performance_storage_iteration_56.TestFilterCountsCache" name="test_filter_counts_second_call_is_cached" time="0.223" /><testcase classname="tests.test_p2_performance_storage_iteration_56.TestInvoiceEndpoints" name="test_list_invoices_returns_200" time="0.971" /><testcase classname="tests.test_p2_performance_storage_iteration_56.TestInvoiceEndpoints" name="test_download_invoice_authenticated" time="0.881" /><testcase classname="tests.test_p2_performance_storage_iteration_56.TestHMACSignedURLs" name="test_signed_url_invalid_signature_returns_403" time="0.215" /><testcase classname="tests.test_p2_performance_storage_iteration_56.TestHMACSignedURLs" name="test_signed_url_expired_returns_403" time="0.698" /><testcase classname="tests.test_p2_performance_storage_iteration_56.TestHMACSignedURLs" name="test_valid_signed_url_downloads_pdf" time="0.665" /><testcase classname="tests.test_p2_performance_storage_iteration_56.TestInvoiceStorage" name="test_invoice_storage_directory_exists" time="0.000" /><testcase classname="tests.test_p2_performance_storage_iteration_56.TestDatabaseIndexes" name="test_indexes_exist_via_api_or_logs" time="0.000" /><testcase classname="tests.test_p2_performance_storage_iteration_56.TestRegressionEndpoints" name="test_get_categories_returns_200" time="0.166" /><testcase classname="tests.test_p2_performance_storage_iteration_56.TestRegressionEndpoints" name="test_get_listings_returns_200" time="0.286" /><testcase classname="tests.test_p2_performance_storage_iteration_56.TestRegressionEndpoints" name="test_admin_users_returns_200" time="1.383" /><testcase classname="tests.test_p2_performance_storage_iteration_56.TestPartnerDashboardInvoice" name="test_partner_dashboard_returns_data" time="1.483" /></testsuite></testsuites>