<?xml version="1.0" encoding="utf-8"?><testsuites name="pytest tests"><testsuite name="pytest" errors="0" failures="2" skipped="0" tests="13" time="5.990" timestamp="2026-02-20T03:45:35.679200+00:00" hostname="agent-env-5c5a73f1-bcba-40aa-8b07-e4dee46cdef6"><testcase classname="tests.test_modular_routers_phase1.TestHealthEndpoint" name="test_health_endpoint" time="0.191" /><testcase classname="tests.test_modular_routers_phase1.TestAuthEndpoints" name="test_login_success" time="0.382" /><testcase classname="tests.test_modular_routers_phase1.TestAuthEndpoints" name="test_login_invalid_credentials" time="0.156" /><testcase classname="tests.test_modular_routers_phase1.TestUserMarketingEndpoints" name="test_user_marketing_access" time="0.511" /><testcase classname="tests.test_modular_routers_phase1.TestUserMarketingEndpoints" name="test_user_marketing_templates" time="0.508" /><testcase classname="tests.test_modular_routers_phase1.TestAdminMarketingEndpoints" name="test_admin_marketing_campaigns_list" time="0.541"><failure message="AssertionError: assert 'total' in {'campaigns': [{'audience_breakdown': {'excluded_count': 0, 'manual_existing_count': 0, 'manual_external_count': 0, 'segmented_count': 18, ...}, 'audience_count': 18, 'audience_filters': {}, 'completed_at': None, ...}, {'audience_breakdown': {'excluded_count': 0, 'manual_existing_count': 0, 'manual_external_count': 0, 'segmented_count': 18, ...}, 'audience_count': 18, 'audience_filters': {}, 'cancel_reason': 'TEST_Cancel - pytest test cancellation', ...}, {'audience_breakdown': {'excluded_count': 0, 'manual_existing_count': 0, 'manual_external_count': 0, 'segmented_count': 17, ...}, 'audience_count': 17, 'audience_filters': {'exclude_unsubscribed': True, 'subscription_tiers': ['free']}, 'completed_at': '2026-02-19T02:58:10.832578+00:00', ...}, {'audience_breakdown': {'excluded_count': 0, 'manual_existing_count': 0, 'manual_external_count': 0, 'segmented_count': 18, ...}, 'audience_count': 18, 'audience_filters': {}, 'completed_at': None, ...}, {'audience_breakdown': {'excluded_count': 0, 'manual_existing_count': 0, 'manual_external_count': 0, 'segmented_count': 18, ...}, 'audience_count': 18, 'audience_filters': {'exclude_unsubscribed': True}, 'completed_at': '2026-02-20T03:03:04.803137+00:00', ...}, {'audience_breakdown': {'excluded_count': 0, 'manual_existing_count': 0, 'manual_external_count': 0, 'segmented_count': 18, ...}, 'audience_count': 18, 'audience_filters': {'exclude_unsubscribed': True}, 'completed_at': None, ...}, ...], 'count': 37}">tests/test_modular_routers_phase1.py:123: in test_admin_marketing_campaigns_list
    assert "total" in data
E   AssertionError: assert 'total' in {'campaigns': [{'audience_breakdown': {'excluded_count': 0, 'manual_existing_count': 0, 'manual_external_count': 0, 'segmented_count': 18, ...}, 'audience_count': 18, 'audience_filters': {}, 'completed_at': None, ...}, {'audience_breakdown': {'excluded_count': 0, 'manual_existing_count': 0, 'manual_external_count': 0, 'segmented_count': 18, ...}, 'audience_count': 18, 'audience_filters': {}, 'cancel_reason': 'TEST_Cancel - pytest test cancellation', ...}, {'audience_breakdown': {'excluded_count': 0, 'manual_existing_count': 0, 'manual_external_count': 0, 'segmented_count': 17, ...}, 'audience_count': 17, 'audience_filters': {'exclude_unsubscribed': True, 'subscription_tiers': ['free']}, 'completed_at': '2026-02-19T02:58:10.832578+00:00', ...}, {'audience_breakdown': {'excluded_count': 0, 'manual_existing_count': 0, 'manual_external_count': 0, 'segmented_count': 18, ...}, 'audience_count': 18, 'audience_filters': {}, 'completed_at': None, ...}, {'audience_breakdown': {'excluded_count': 0, 'manual_existing_count': 0, 'manual_external_count': 0, 'segmented_count': 18, ...}, 'audience_count': 18, 'audience_filters': {'exclude_unsubscribed': True}, 'completed_at': '2026-02-20T03:03:04.803137+00:00', ...}, {'audience_breakdown': {'excluded_count': 0, 'manual_existing_count': 0, 'manual_external_count': 0, 'segmented_count': 18, ...}, 'audience_count': 18, 'audience_filters': {'exclude_unsubscribed': True}, 'completed_at': None, ...}, ...], 'count': 37}</failure></testcase><testcase classname="tests.test_modular_routers_phase1.TestAdminMarketingEndpoints" name="test_admin_marketing_segment_filters" time="0.516" /><testcase classname="tests.test_modular_routers_phase1.TestCoreRoutersStillWork" name="test_analytics_endpoint" time="0.561" /><testcase classname="tests.test_modular_routers_phase1.TestCoreRoutersStillWork" name="test_listings_endpoint" time="0.478" /><testcase classname="tests.test_modular_routers_phase1.TestCoreRoutersStillWork" name="test_categories_endpoint" time="0.491" /><testcase classname="tests.test_modular_routers_phase1.TestNewModularRoutersFramework" name="test_no_duplicate_route_errors" time="0.533" /><testcase classname="tests.test_modular_routers_phase1.TestNewModularRoutersFramework" name="test_admin_users_endpoint" time="0.535"><failure message="AssertionError: assert 'users' in [{'account_type': 'business', 'address': '761 rue chalifoux sherbrooke', 'affiliate_code': 'BVX8940074DXKTU', 'auction_agreements': {'c1cf3f1a-6b6a-4ee4-a5c0-27e07e0ee100': '2026-01-21T21:17:12.974307+00:00', 'e2deba5c-f29c-4ddd-9a8b-7179d5d3181e': '2026-01-16T17:22:54.918435+00:00'}, ...}, {'account_type': 'personal', 'address': None, 'affiliate_code': 'BVXCBE88D6FVTBI', 'auction_agreements': {}, ...}, {'account_type': 'business', 'address': None, 'affiliate_code': 'BVXB0BA797FW39R', 'auction_agreements': {}, ...}, {'account_type': 'personal', 'address': None, 'affiliate_code': None, 'auction_agreements': {}, ...}, {'account_type': 'personal', 'admin_verified': False, 'affiliate_code': 'BVX13065A82FI87', 'created_at': '2026-02-19T00:21:25.531062+00:00', ...}, {'account_type': 'personal', 'admin_verified': False, 'affiliate_code': 'BVX12BBC7A4M7Q3', 'created_at': '2026-02-19T00:24:45.156066+00:00', ...}, ...]">tests/test_modular_routers_phase1.py:215: in test_admin_users_endpoint
    assert "users" in data
E   AssertionError: assert 'users' in [{'account_type': 'business', 'address': '761 rue chalifoux sherbrooke', 'affiliate_code': 'BVX8940074DXKTU', 'auction_agreements': {'c1cf3f1a-6b6a-4ee4-a5c0-27e07e0ee100': '2026-01-21T21:17:12.974307+00:00', 'e2deba5c-f29c-4ddd-9a8b-7179d5d3181e': '2026-01-16T17:22:54.918435+00:00'}, ...}, {'account_type': 'personal', 'address': None, 'affiliate_code': 'BVXCBE88D6FVTBI', 'auction_agreements': {}, ...}, {'account_type': 'business', 'address': None, 'affiliate_code': 'BVXB0BA797FW39R', 'auction_agreements': {}, ...}, {'account_type': 'personal', 'address': None, 'affiliate_code': None, 'auction_agreements': {}, ...}, {'account_type': 'personal', 'admin_verified': False, 'affiliate_code': 'BVX13065A82FI87', 'created_at': '2026-02-19T00:21:25.531062+00:00', ...}, {'account_type': 'personal', 'admin_verified': False, 'affiliate_code': 'BVX12BBC7A4M7Q3', 'created_at': '2026-02-19T00:24:45.156066+00:00', ...}, ...]</failure></testcase><testcase classname="tests.test_modular_routers_phase1.TestNewModularRoutersFramework" name="test_webhook_endpoint_exists" time="0.515" /></testsuite></testsuites>