<?xml version="1.0" encoding="utf-8"?><testsuites name="pytest tests"><testsuite name="pytest" errors="0" failures="2" skipped="0" tests="16" time="0.345" timestamp="2026-01-09T03:20:26.236025+00:00" hostname="agent-env-52d15a3b-dded-4f84-b10f-1b94f522a41b"><testcase classname="tests.test_phase2_mobile_fees.TestNoCapFeeVerification" name="test_buyer_fees_100k_item_free_tier" time="0.066" /><testcase classname="tests.test_phase2_mobile_fees.TestNoCapFeeVerification" name="test_seller_fees_100k_item_free_tier" time="0.041" /><testcase classname="tests.test_phase2_mobile_fees.TestNoCapFeeVerification" name="test_buyer_fees_500k_item_free_tier" time="0.000" /><testcase classname="tests.test_phase2_mobile_fees.TestNoCapFeeVerification" name="test_seller_fees_500k_item_free_tier" time="0.000" /><testcase classname="tests.test_phase2_mobile_fees.TestNoCapFeeVerification" name="test_premium_tier_savings_100k" time="0.000" /><testcase classname="tests.test_phase2_mobile_fees.TestNoCapFeeVerification" name="test_vip_tier_savings_100k" time="0.000" /><testcase classname="tests.test_phase2_mobile_fees.TestSubscriptionBenefitsAPI" name="test_subscription_benefits_endpoint" time="0.033"><failure message="AssertionError: Expected 200, got 404&#10;assert 404 == 200&#10; +  where 404 = &lt;Response [404]&gt;.status_code">tests/test_phase2_mobile_fees.py:107: in test_subscription_benefits_endpoint
    assert response.status_code == 200, f"Expected 200, got {response.status_code}"
E   AssertionError: Expected 200, got 404
E   assert 404 == 200
E    +  where 404 = &lt;Response [404]&gt;.status_code</failure></testcase><testcase classname="tests.test_phase2_mobile_fees.TestHealthAndBasicAPIs" name="test_health_endpoint" time="0.037" /><testcase classname="tests.test_phase2_mobile_fees.TestHealthAndBasicAPIs" name="test_categories_endpoint" time="0.035" /><testcase classname="tests.test_phase2_mobile_fees.TestHealthAndBasicAPIs" name="test_multi_item_listings_endpoint" time="0.074" /><testcase classname="tests.test_phase2_mobile_fees.TestFeeCalculationLogic" name="test_free_tier_buyer_fee_calculation" time="0.000" /><testcase classname="tests.test_phase2_mobile_fees.TestFeeCalculationLogic" name="test_free_tier_seller_fee_calculation" time="0.000" /><testcase classname="tests.test_phase2_mobile_fees.TestFeeCalculationLogic" name="test_premium_tier_buyer_fee_calculation" time="0.000"><failure message="AssertionError: Premium tier buyer fee for $10000: expected $350, got $350.00000000000006&#10;assert 350.00000000000006 == 350">tests/test_phase2_mobile_fees.py:204: in test_premium_tier_buyer_fee_calculation
    assert calculated_fee == expected_fee, \
E   AssertionError: Premium tier buyer fee for $10000: expected $350, got $350.00000000000006
E   assert 350.00000000000006 == 350</failure></testcase><testcase classname="tests.test_phase2_mobile_fees.TestFeeCalculationLogic" name="test_premium_tier_seller_fee_calculation" time="0.000" /><testcase classname="tests.test_phase2_mobile_fees.TestFeeCalculationLogic" name="test_vip_tier_buyer_fee_calculation" time="0.000" /><testcase classname="tests.test_phase2_mobile_fees.TestFeeCalculationLogic" name="test_vip_tier_seller_fee_calculation" time="0.000" /></testsuite></testsuites>