<?xml version="1.0" encoding="utf-8"?><testsuites name="pytest tests"><testsuite name="pytest" errors="0" failures="0" skipped="0" tests="17" time="59.353" timestamp="2026-03-20T16:42:23.170103+00:00" hostname="agent-env-a3812f95-7673-4038-88bb-b26420b9d5d4"><testcase classname="tests.test_prelaunch_hardening_75.TestHealthAndBasicEndpoints" name="test_health_endpoint" time="47.559" /><testcase classname="tests.test_prelaunch_hardening_75.TestHealthAndBasicEndpoints" name="test_subscription_plans_returns_4_tiers" time="1.641" /><testcase classname="tests.test_prelaunch_hardening_75.TestAuthentication" name="test_login_success" time="0.895" /><testcase classname="tests.test_prelaunch_hardening_75.TestAuthentication" name="test_login_invalid_credentials" time="0.181" /><testcase classname="tests.test_prelaunch_hardening_75.TestRateLimiting" name="test_health_under_100_per_minute" time="1.333" /><testcase classname="tests.test_prelaunch_hardening_75.TestRateLimiting" name="test_login_rate_limiting_note" time="0.000" /><testcase classname="tests.test_prelaunch_hardening_75.TestRateLimiting" name="test_register_rate_limiting_note" time="0.000" /><testcase classname="tests.test_prelaunch_hardening_75.TestStripeWebhook" name="test_stripe_webhook_without_signature_returns_400" time="0.124" /><testcase classname="tests.test_prelaunch_hardening_75.TestStripeWebhook" name="test_stripe_webhook_with_invalid_signature_returns_400" time="0.131" /><testcase classname="tests.test_prelaunch_hardening_75.TestPartnerProTrialFeatures" name="test_partner_pro_trial_status" time="1.245" /><testcase classname="tests.test_prelaunch_hardening_75.TestPartnerProTrialFeatures" name="test_partner_pro_featured_listings" time="1.061" /><testcase classname="tests.test_prelaunch_hardening_75.TestPartnerProTrialFeatures" name="test_partner_pro_analytics_export_json" time="1.169" /><testcase classname="tests.test_prelaunch_hardening_75.TestPartnerProTrialFeatures" name="test_partner_pro_bulk_import_template" time="0.798" /><testcase classname="tests.test_prelaunch_hardening_75.TestPartnerProTrialFeatures" name="test_partner_pro_early_access" time="1.090" /><testcase classname="tests.test_prelaunch_hardening_75.TestStorefront" name="test_storefront_returns_seller_data" time="1.239" /><testcase classname="tests.test_prelaunch_hardening_75.TestStorefront" name="test_storefront_invalid_user_returns_404" time="0.841" /><testcase classname="tests.test_prelaunch_hardening_75.TestPartnerProEmailTemplates" name="test_email_templates_importable" time="0.001" /></testsuite></testsuites>