<?xml version="1.0" encoding="utf-8"?><testsuites name="pytest tests"><testsuite name="pytest" errors="0" failures="0" skipped="0" tests="10" time="2.530" timestamp="2026-03-20T03:50:44.322065+00:00" hostname="agent-env-32954c58-942c-4a74-ab6d-512d89cd320c"><testcase classname="backend.tests.test_tax_dashboard.TestTaxDashboard" name="test_health_check" time="0.137" /><testcase classname="backend.tests.test_tax_dashboard.TestTaxDashboard" name="test_tax_dashboard_summary_default_period" time="0.987" /><testcase classname="backend.tests.test_tax_dashboard.TestTaxDashboard" name="test_tax_dashboard_summary_all_time" time="0.334" /><testcase classname="backend.tests.test_tax_dashboard.TestTaxDashboard" name="test_tax_dashboard_summary_last_quarter" time="0.308" /><testcase classname="backend.tests.test_tax_dashboard.TestTaxDashboard" name="test_tax_dashboard_summary_custom_range" time="0.312" /><testcase classname="backend.tests.test_tax_dashboard.TestTaxDashboard" name="test_tax_dashboard_csv_export" time="0.295" /><testcase classname="backend.tests.test_tax_dashboard.TestTaxDashboard" name="test_tax_dashboard_unauthorized_access" time="0.126" /><testcase classname="backend.tests.test_tax_dashboard.TestTaxDashboard" name="test_tax_dashboard_non_admin_access" time="0.001" /><testcase classname="backend.tests.test_tax_dashboard.TestCurrencyFormatting" name="test_currency_formatter_file_exists" time="0.003" /><testcase classname="backend.tests.test_tax_dashboard.TestCurrencyFormatting" name="test_currency_formatter_exports" time="0.003" /></testsuite></testsuites>