<?xml version="1.0" encoding="utf-8"?><testsuites name="pytest tests"><testsuite name="pytest" errors="0" failures="0" skipped="0" tests="6" time="5.187" timestamp="2026-03-20T02:18:33.673100+00:00" hostname="agent-env-aebf275a-93ce-4a5d-81a8-5b1c9099ac75"><testcase classname="backend.tests.test_location_selector.TestListingLocationFields" name="test_create_listing_with_full_location" time="1.266" /><testcase classname="backend.tests.test_location_selector.TestListingLocationFields" name="test_create_listing_with_us_location" time="0.562" /><testcase classname="backend.tests.test_location_selector.TestListingLocationFields" name="test_create_listing_default_country" time="0.576" /><testcase classname="backend.tests.test_location_selector.TestMultiItemListingLocationFields" name="test_create_multi_item_with_location" time="0.466" /><testcase classname="backend.tests.test_location_selector.TestExistingListingsHaveISOCodes" name="test_listings_have_iso_region_codes" time="0.314" /><testcase classname="backend.tests.test_location_selector.TestLocationFilterInMarketplace" name="test_filter_by_region" time="1.979" /></testsuite></testsuites>