<?xml version="1.0" encoding="utf-8"?><testsuites name="pytest tests"><testsuite name="pytest" errors="0" failures="0" skipped="0" tests="14" time="0.733" timestamp="2026-02-24T01:13:41.317495+00:00" hostname="agent-env-3f46d3f2-e343-46b9-927f-52e41064ea5d"><testcase classname="backend.tests.test_bid_email_notifications.TestBidEmailNotificationFunctions" name="test_health_check" time="0.195" /><testcase classname="backend.tests.test_bid_email_notifications.TestBidEmailNotificationFunctions" name="test_email_notification_code_exists" time="0.009" /><testcase classname="backend.tests.test_bid_email_notifications.TestBidEmailNotificationFunctions" name="test_email_notification_fallback_logging" time="0.000" /><testcase classname="backend.tests.test_bid_email_notifications.TestBidEmailNotificationFunctions" name="test_bid_placed_email_function_signature" time="0.000" /><testcase classname="backend.tests.test_bid_email_notifications.TestBidEmailNotificationFunctions" name="test_outbid_email_function_signature" time="0.000" /><testcase classname="backend.tests.test_bid_email_notifications.TestBidEmailNotificationFunctions" name="test_bid_email_content_includes_required_fields" time="0.001" /><testcase classname="backend.tests.test_bid_email_notifications.TestBidEmailNotificationFunctions" name="test_outbid_email_content_includes_required_fields" time="0.001" /><testcase classname="backend.tests.test_bid_email_notifications.TestBidEmailNotificationFunctions" name="test_email_functions_are_nonblocking_in_server" time="0.001" /><testcase classname="backend.tests.test_bid_email_notifications.TestBidEmailNotificationFunctions" name="test_user_name_field_is_correct" time="0.001" /><testcase classname="backend.tests.test_bid_email_notifications.TestEmailNotificationDirectCall" name="test_send_bid_placed_email_logging" time="0.000" /><testcase classname="backend.tests.test_bid_email_notifications.TestEmailNotificationDirectCall" name="test_send_outbid_email_logging" time="0.000" /><testcase classname="backend.tests.test_bid_email_notifications.TestEmailNotificationIntegration" name="test_admin_login" time="0.355" /><testcase classname="backend.tests.test_bid_email_notifications.TestEmailNotificationIntegration" name="test_get_active_listings" time="0.133" /><testcase classname="backend.tests.test_bid_email_notifications.TestEmailNotificationIntegration" name="test_check_backend_log_for_email_entries" time="0.005" /></testsuite></testsuites>