<?xml version="1.0" encoding="utf-8"?><testsuites name="pytest tests"><testsuite name="pytest" errors="0" failures="0" skipped="0" tests="9" time="3.230" timestamp="2026-03-13T01:59:30.609565+00:00" hostname="agent-env-c792df6f-2afd-4899-96a2-864647057518"><testcase classname="backend.tests.test_price_breakdown_invoice.TestPriceBreakdown" name="test_premium_price_breakdown" time="0.187" /><testcase classname="backend.tests.test_price_breakdown_invoice.TestPriceBreakdown" name="test_vip_price_breakdown" time="0.182" /><testcase classname="backend.tests.test_price_breakdown_invoice.TestPriceBreakdown" name="test_starter_free_plan_breakdown" time="0.157" /><testcase classname="backend.tests.test_price_breakdown_invoice.TestPriceBreakdown" name="test_invalid_plan_returns_404" time="0.154" /><testcase classname="backend.tests.test_price_breakdown_invoice.TestInvoicesEndpoint" name="test_list_invoices_authenticated" time="0.751" /><testcase classname="backend.tests.test_price_breakdown_invoice.TestInvoicesEndpoint" name="test_list_invoices_unauthenticated" time="0.133" /><testcase classname="backend.tests.test_price_breakdown_invoice.TestInvoicesEndpoint" name="test_download_invoice_pdf" time="0.871" /><testcase classname="backend.tests.test_price_breakdown_invoice.TestInvoicesEndpoint" name="test_download_nonexistent_invoice" time="0.574" /><testcase classname="backend.tests.test_price_breakdown_invoice.TestStripeProcessingFeeFormula" name="test_fee_formula_mathematically" time="0.180" /></testsuite></testsuites>