<?xml version="1.0" encoding="utf-8"?><testsuites name="pytest tests"><testsuite name="pytest" errors="0" failures="0" skipped="0" tests="41" time="18.916" timestamp="2026-02-19T02:57:55.871434+00:00" hostname="agent-env-f3b73c20-b77e-4300-ab0f-fa6504f98ecb"><testcase classname="backend.tests.test_email_marketing.TestAdvancedTargetingEndpoints" name="test_parse_emails_comma_separated" time="0.434" /><testcase classname="backend.tests.test_email_marketing.TestAdvancedTargetingEndpoints" name="test_parse_emails_newline_separated" time="0.433" /><testcase classname="backend.tests.test_email_marketing.TestAdvancedTargetingEndpoints" name="test_parse_emails_with_invalid" time="0.418" /><testcase classname="backend.tests.test_email_marketing.TestAdvancedTargetingEndpoints" name="test_parse_emails_empty_input" time="0.432" /><testcase classname="backend.tests.test_email_marketing.TestAdvancedTargetingEndpoints" name="test_parse_emails_deduplication" time="0.391" /><testcase classname="backend.tests.test_email_marketing.TestAdvancedTargetingEndpoints" name="test_parse_csv_success" time="0.518" /><testcase classname="backend.tests.test_email_marketing.TestAdvancedTargetingEndpoints" name="test_parse_csv_with_duplicates" time="0.537" /><testcase classname="backend.tests.test_email_marketing.TestAdvancedTargetingEndpoints" name="test_parse_csv_invalid_file_type" time="0.470" /><testcase classname="backend.tests.test_email_marketing.TestAdvancedTargetingEndpoints" name="test_check_suppressed_emails" time="0.456" /><testcase classname="backend.tests.test_email_marketing.TestAdvancedTargetingEndpoints" name="test_check_suppressed_empty_list" time="0.396" /><testcase classname="backend.tests.test_email_marketing.TestAdvancedTargetingEndpoints" name="test_advanced_audience_preview_with_manual_emails" time="0.393" /><testcase classname="backend.tests.test_email_marketing.TestAdvancedTargetingEndpoints" name="test_advanced_audience_preview_with_exclusions" time="0.464" /><testcase classname="backend.tests.test_email_marketing.TestAdvancedTargetingEndpoints" name="test_advanced_audience_preview_full_breakdown" time="0.474" /><testcase classname="backend.tests.test_email_marketing.TestAdvancedTargetingEndpoints" name="test_create_campaign_with_advanced_targeting" time="0.395" /><testcase classname="backend.tests.test_email_marketing.TestAdvancedTargetingEndpoints" name="test_update_campaign_preserves_targeting" time="0.510" /><testcase classname="backend.tests.test_email_marketing.TestAdvancedTargetingEndpoints" name="test_update_campaign_modifies_targeting" time="0.580" /><testcase classname="backend.tests.test_email_marketing.TestEmailMarketingEndpoints" name="test_get_segment_filters_success" time="0.405" /><testcase classname="backend.tests.test_email_marketing.TestEmailMarketingEndpoints" name="test_audience_preview_no_filters" time="0.394" /><testcase classname="backend.tests.test_email_marketing.TestEmailMarketingEndpoints" name="test_audience_preview_with_subscription_tier" time="0.431" /><testcase classname="backend.tests.test_email_marketing.TestEmailMarketingEndpoints" name="test_audience_preview_with_region_filter" time="0.435" /><testcase classname="backend.tests.test_email_marketing.TestEmailMarketingEndpoints" name="test_create_campaign_success" time="0.426" /><testcase classname="backend.tests.test_email_marketing.TestEmailMarketingEndpoints" name="test_create_campaign_missing_name" time="0.401" /><testcase classname="backend.tests.test_email_marketing.TestEmailMarketingEndpoints" name="test_create_campaign_missing_subject" time="0.395" /><testcase classname="backend.tests.test_email_marketing.TestEmailMarketingEndpoints" name="test_list_campaigns_success" time="0.399" /><testcase classname="backend.tests.test_email_marketing.TestEmailMarketingEndpoints" name="test_list_campaigns_filter_by_status" time="0.465" /><testcase classname="backend.tests.test_email_marketing.TestEmailMarketingEndpoints" name="test_get_campaign_by_id" time="0.397" /><testcase classname="backend.tests.test_email_marketing.TestEmailMarketingEndpoints" name="test_get_campaign_not_found" time="0.415" /><testcase classname="backend.tests.test_email_marketing.TestEmailMarketingEndpoints" name="test_update_campaign_success" time="0.480" /><testcase classname="backend.tests.test_email_marketing.TestEmailMarketingEndpoints" name="test_send_test_email" time="0.528" /><testcase classname="backend.tests.test_email_marketing.TestEmailMarketingEndpoints" name="test_send_test_email_missing_address" time="0.518" /><testcase classname="backend.tests.test_email_marketing.TestEmailMarketingEndpoints" name="test_schedule_campaign_success" time="0.541" /><testcase classname="backend.tests.test_email_marketing.TestEmailMarketingEndpoints" name="test_schedule_campaign_past_date_fails" time="0.543" /><testcase classname="backend.tests.test_email_marketing.TestEmailMarketingEndpoints" name="test_send_campaign_now" time="0.489" /><testcase classname="backend.tests.test_email_marketing.TestEmailMarketingEndpoints" name="test_cancel_scheduled_campaign" time="0.562" /><testcase classname="backend.tests.test_email_marketing.TestEmailMarketingEndpoints" name="test_cancel_draft_fails" time="0.490" /><testcase classname="backend.tests.test_email_marketing.TestEmailMarketingEndpoints" name="test_get_campaign_stats" time="0.498" /><testcase classname="backend.tests.test_email_marketing.TestEmailMarketingEndpoints" name="test_sendgrid_webhook_handler" time="0.464" /><testcase classname="backend.tests.test_email_marketing.TestEmailMarketingEndpoints" name="test_sendgrid_webhook_invalid_json" time="0.492" /><testcase classname="backend.tests.test_email_marketing.TestEmailMarketingEndpoints" name="test_get_marketing_config" time="0.421" /><testcase classname="backend.tests.test_email_marketing.TestAuthorizationAndEdgeCases" name="test_unauthenticated_access_denied" time="0.260" /><testcase classname="backend.tests.test_email_marketing.TestAuthorizationAndEdgeCases" name="test_non_admin_access_denied" time="0.727" /></testsuite></testsuites>